{"D:\\Websites\\razorpay-node\\dist\\razorpay.js":{"path":"D:\\Websites\\razorpay-node\\dist\\razorpay.js","statementMap":{"0":{"start":{"line":3,"column":19},"end":{"line":3,"column":563}},"1":{"start":{"line":3,"column":76},"end":{"line":3,"column":347}},"2":{"start":{"line":3,"column":89},"end":{"line":3,"column":90}},"3":{"start":{"line":3,"column":134},"end":{"line":3,"column":142}},"4":{"start":{"line":3,"column":144},"end":{"line":3,"column":199}},"5":{"start":{"line":3,"column":200},"end":{"line":3,"column":231}},"6":{"start":{"line":3,"column":232},"end":{"line":3,"column":286}},"7":{"start":{"line":3,"column":259},"end":{"line":3,"column":286}},"8":{"start":{"line":3,"column":287},"end":{"line":3,"column":345}},"9":{"start":{"line":3,"column":350},"end":{"line":3,"column":559}},"10":{"start":{"line":3,"column":407},"end":{"line":3,"column":475}},"11":{"start":{"line":3,"column":423},"end":{"line":3,"column":475}},"12":{"start":{"line":3,"column":476},"end":{"line":3,"column":536}},"13":{"start":{"line":3,"column":493},"end":{"line":3,"column":536}},"14":{"start":{"line":3,"column":537},"end":{"line":3,"column":556}},"15":{"start":{"line":5,"column":50},"end":{"line":5,"column":151}},"16":{"start":{"line":5,"column":92},"end":{"line":5,"column":149}},"17":{"start":{"line":7,"column":10},"end":{"line":7,"column":26}},"18":{"start":{"line":8,"column":10},"end":{"line":8,"column":36}},"19":{"start":{"line":10,"column":15},"end":{"line":10,"column":48}},"20":{"start":{"line":11,"column":32},"end":{"line":11,"column":65}},"21":{"start":{"line":13,"column":15},"end":{"line":80,"column":3}},"22":{"start":{"line":14,"column":2},"end":{"line":20,"column":6}},"23":{"start":{"line":18,"column":6},"end":{"line":18,"column":67}},"24":{"start":{"line":23,"column":18},"end":{"line":23,"column":88}},"25":{"start":{"line":25,"column":4},"end":{"line":25,"column":36}},"26":{"start":{"line":27,"column":17},"end":{"line":27,"column":31}},"27":{"start":{"line":28,"column":21},"end":{"line":28,"column":39}},"28":{"start":{"line":29,"column":18},"end":{"line":29,"column":33}},"29":{"start":{"line":32,"column":4},"end":{"line":34,"column":5}},"30":{"start":{"line":33,"column":6},"end":{"line":33,"column":47}},"31":{"start":{"line":36,"column":4},"end":{"line":36,"column":25}},"32":{"start":{"line":37,"column":4},"end":{"line":37,"column":33}},"33":{"start":{"line":39,"column":4},"end":{"line":45,"column":7}},"34":{"start":{"line":46,"column":4},"end":{"line":46,"column":24}},"35":{"start":{"line":49,"column":2},"end":{"line":77,"column":6}},"36":{"start":{"line":52,"column":6},"end":{"line":75,"column":9}},"37":{"start":{"line":79,"column":2},"end":{"line":79,"column":18}},"38":{"start":{"line":82,"column":0},"end":{"line":82,"column":31}},"39":{"start":{"line":85,"column":0},"end":{"line":85,"column":26}}},"fnMap":{"0":{"name":"(anonymous_0)","decl":{"start":{"line":3,"column":19},"end":{"line":3,"column":20}},"loc":{"start":{"line":3,"column":31},"end":{"line":3,"column":561}},"line":3},"1":{"name":"defineProperties","decl":{"start":{"line":3,"column":42},"end":{"line":3,"column":58}},"loc":{"start":{"line":3,"column":74},"end":{"line":3,"column":349}},"line":3},"2":{"name":"(anonymous_2)","decl":{"start":{"line":3,"column":357},"end":{"line":3,"column":358}},"loc":{"start":{"line":3,"column":405},"end":{"line":3,"column":558}},"line":3},"3":{"name":"_classCallCheck","decl":{"start":{"line":5,"column":9},"end":{"line":5,"column":24}},"loc":{"start":{"line":5,"column":48},"end":{"line":5,"column":153}},"line":5},"4":{"name":"(anonymous_4)","decl":{"start":{"line":13,"column":15},"end":{"line":13,"column":16}},"loc":{"start":{"line":13,"column":27},"end":{"line":80,"column":1}},"line":13},"5":{"name":"validateWebhookSignature","decl":{"start":{"line":16,"column":20},"end":{"line":16,"column":44}},"loc":{"start":{"line":16,"column":47},"end":{"line":19,"column":5}},"line":16},"6":{"name":"Razorpay","decl":{"start":{"line":22,"column":11},"end":{"line":22,"column":19}},"loc":{"start":{"line":22,"column":22},"end":{"line":47,"column":3}},"line":22},"7":{"name":"addResources","decl":{"start":{"line":51,"column":20},"end":{"line":51,"column":32}},"loc":{"start":{"line":51,"column":35},"end":{"line":76,"column":5}},"line":51}},"branchMap":{"0":{"loc":{"start":{"line":3,"column":168},"end":{"line":3,"column":198}},"type":"binary-expr","locations":[{"start":{"line":3,"column":168},"end":{"line":3,"column":189}},{"start":{"line":3,"column":193},"end":{"line":3,"column":198}}],"line":3},"1":{"loc":{"start":{"line":3,"column":232},"end":{"line":3,"column":286}},"type":"if","locations":[{"start":{"line":3,"column":232},"end":{"line":3,"column":286}},{"start":{"line":3,"column":232},"end":{"line":3,"column":286}}],"line":3},"2":{"loc":{"start":{"line":3,"column":407},"end":{"line":3,"column":475}},"type":"if","locations":[{"start":{"line":3,"column":407},"end":{"line":3,"column":475}},{"start":{"line":3,"column":407},"end":{"line":3,"column":475}}],"line":3},"3":{"loc":{"start":{"line":3,"column":476},"end":{"line":3,"column":536}},"type":"if","locations":[{"start":{"line":3,"column":476},"end":{"line":3,"column":536}},{"start":{"line":3,"column":476},"end":{"line":3,"column":536}}],"line":3},"4":{"loc":{"start":{"line":5,"column":50},"end":{"line":5,"column":151}},"type":"if","locations":[{"start":{"line":5,"column":50},"end":{"line":5,"column":151}},{"start":{"line":5,"column":50},"end":{"line":5,"column":151}}],"line":5},"5":{"loc":{"start":{"line":23,"column":18},"end":{"line":23,"column":88}},"type":"cond-expr","locations":[{"start":{"line":23,"column":71},"end":{"line":23,"column":83}},{"start":{"line":23,"column":86},"end":{"line":23,"column":88}}],"line":23},"6":{"loc":{"start":{"line":23,"column":18},"end":{"line":23,"column":68}},"type":"binary-expr","locations":[{"start":{"line":23,"column":18},"end":{"line":23,"column":38}},{"start":{"line":23,"column":42},"end":{"line":23,"column":68}}],"line":23},"7":{"loc":{"start":{"line":32,"column":4},"end":{"line":34,"column":5}},"type":"if","locations":[{"start":{"line":32,"column":4},"end":{"line":34,"column":5}},{"start":{"line":32,"column":4},"end":{"line":34,"column":5}}],"line":32}},"s":{"0":1,"1":2,"2":2,"3":2,"4":2,"5":2,"6":2,"7":2,"8":2,"9":1,"10":2,"11":1,"12":2,"13":1,"14":2,"15":4,"16":0,"17":1,"18":1,"19":1,"20":1,"21":1,"22":1,"23":0,"24":4,"25":4,"26":4,"27":4,"28":4,"29":4,"30":1,"31":3,"32":3,"33":3,"34":3,"35":1,"36":3,"37":1,"38":1,"39":1},"f":{"0":1,"1":2,"2":2,"3":4,"4":1,"5":0,"6":4,"7":3},"b":{"0":[2,2],"1":[2,0],"2":[1,1],"3":[1,1],"4":[0,4],"5":[3,1],"6":[4,3],"7":[1,3]},"_coverageSchema":"1a1c01bbd47fc00a2c39e90264f33305004495a9","hash":"86b3435e047d9c947a3ce61d93d36ea1d143d753","contentHash":"d563eb185711e11d7560c8f27db39376b4ef958c5c006839f2310d12b5c1c886"},"D:\\Websites\\razorpay-node\\dist\\api.js":{"path":"D:\\Websites\\razorpay-node\\dist\\api.js","statementMap":{"0":{"start":{"line":3,"column":19},"end":{"line":3,"column":563}},"1":{"start":{"line":3,"column":76},"end":{"line":3,"column":347}},"2":{"start":{"line":3,"column":89},"end":{"line":3,"column":90}},"3":{"start":{"line":3,"column":134},"end":{"line":3,"column":142}},"4":{"start":{"line":3,"column":144},"end":{"line":3,"column":199}},"5":{"start":{"line":3,"column":200},"end":{"line":3,"column":231}},"6":{"start":{"line":3,"column":232},"end":{"line":3,"column":286}},"7":{"start":{"line":3,"column":259},"end":{"line":3,"column":286}},"8":{"start":{"line":3,"column":287},"end":{"line":3,"column":345}},"9":{"start":{"line":3,"column":350},"end":{"line":3,"column":559}},"10":{"start":{"line":3,"column":407},"end":{"line":3,"column":475}},"11":{"start":{"line":3,"column":423},"end":{"line":3,"column":475}},"12":{"start":{"line":3,"column":476},"end":{"line":3,"column":536}},"13":{"start":{"line":3,"column":493},"end":{"line":3,"column":536}},"14":{"start":{"line":3,"column":537},"end":{"line":3,"column":556}},"15":{"start":{"line":5,"column":50},"end":{"line":5,"column":151}},"16":{"start":{"line":5,"column":92},"end":{"line":5,"column":149}},"17":{"start":{"line":7,"column":14},"end":{"line":7,"column":30}},"18":{"start":{"line":8,"column":14},"end":{"line":8,"column":40}},"19":{"start":{"line":10,"column":15},"end":{"line":10,"column":48}},"20":{"start":{"line":11,"column":22},"end":{"line":11,"column":46}},"21":{"start":{"line":13,"column":21},"end":{"line":16,"column":1}},"22":{"start":{"line":19,"column":15},"end":{"line":19,"column":17}},"23":{"start":{"line":21,"column":2},"end":{"line":23,"column":3}},"24":{"start":{"line":22,"column":4},"end":{"line":22,"column":18}},"25":{"start":{"line":25,"column":2},"end":{"line":31,"column":13}},"26":{"start":{"line":26,"column":4},"end":{"line":28,"column":5}},"27":{"start":{"line":27,"column":6},"end":{"line":27,"column":47}},"28":{"start":{"line":30,"column":4},"end":{"line":30,"column":18}},"29":{"start":{"line":35,"column":2},"end":{"line":38,"column":4}},"30":{"start":{"line":41,"column":10},"end":{"line":138,"column":3}},"31":{"start":{"line":43,"column":4},"end":{"line":43,"column":31}},"32":{"start":{"line":45,"column":4},"end":{"line":45,"column":24}},"33":{"start":{"line":47,"column":4},"end":{"line":54,"column":7}},"34":{"start":{"line":57,"column":2},"end":{"line":135,"column":6}},"35":{"start":{"line":60,"column":6},"end":{"line":60,"column":114}},"36":{"start":{"line":65,"column":20},"end":{"line":67,"column":7}},"37":{"start":{"line":69,"column":6},"end":{"line":73,"column":36}},"38":{"start":{"line":72,"column":8},"end":{"line":72,"column":24}},"39":{"start":{"line":78,"column":20},"end":{"line":81,"column":7}},"40":{"start":{"line":83,"column":6},"end":{"line":85,"column":36}},"41":{"start":{"line":84,"column":8},"end":{"line":84,"column":24}},"42":{"start":{"line":93,"column":20},"end":{"line":96,"column":7}},"43":{"start":{"line":97,"column":6},"end":{"line":99,"column":36}},"44":{"start":{"line":98,"column":8},"end":{"line":98,"column":24}},"45":{"start":{"line":104,"column":20},"end":{"line":107,"column":7}},"46":{"start":{"line":109,"column":6},"end":{"line":111,"column":36}},"47":{"start":{"line":110,"column":8},"end":{"line":110,"column":24}},"48":{"start":{"line":116,"column":20},"end":{"line":119,"column":7}},"49":{"start":{"line":120,"column":6},"end":{"line":122,"column":36}},"50":{"start":{"line":121,"column":8},"end":{"line":121,"column":24}},"51":{"start":{"line":127,"column":20},"end":{"line":129,"column":7}},"52":{"start":{"line":131,"column":6},"end":{"line":133,"column":36}},"53":{"start":{"line":132,"column":8},"end":{"line":132,"column":24}},"54":{"start":{"line":137,"column":2},"end":{"line":137,"column":13}},"55":{"start":{"line":140,"column":0},"end":{"line":140,"column":21}}},"fnMap":{"0":{"name":"(anonymous_0)","decl":{"start":{"line":3,"column":19},"end":{"line":3,"column":20}},"loc":{"start":{"line":3,"column":31},"end":{"line":3,"column":561}},"line":3},"1":{"name":"defineProperties","decl":{"start":{"line":3,"column":42},"end":{"line":3,"column":58}},"loc":{"start":{"line":3,"column":74},"end":{"line":3,"column":349}},"line":3},"2":{"name":"(anonymous_2)","decl":{"start":{"line":3,"column":357},"end":{"line":3,"column":358}},"loc":{"start":{"line":3,"column":405},"end":{"line":3,"column":558}},"line":3},"3":{"name":"_classCallCheck","decl":{"start":{"line":5,"column":9},"end":{"line":5,"column":24}},"loc":{"start":{"line":5,"column":48},"end":{"line":5,"column":153}},"line":5},"4":{"name":"getValidHeaders","decl":{"start":{"line":18,"column":9},"end":{"line":18,"column":24}},"loc":{"start":{"line":18,"column":34},"end":{"line":32,"column":1}},"line":18},"5":{"name":"(anonymous_5)","decl":{"start":{"line":25,"column":37},"end":{"line":25,"column":38}},"loc":{"start":{"line":25,"column":67},"end":{"line":31,"column":3}},"line":25},"6":{"name":"normalizeError","decl":{"start":{"line":34,"column":9},"end":{"line":34,"column":23}},"loc":{"start":{"line":34,"column":29},"end":{"line":39,"column":1}},"line":34},"7":{"name":"(anonymous_7)","decl":{"start":{"line":41,"column":10},"end":{"line":41,"column":11}},"loc":{"start":{"line":41,"column":22},"end":{"line":138,"column":1}},"line":41},"8":{"name":"API","decl":{"start":{"line":42,"column":11},"end":{"line":42,"column":14}},"loc":{"start":{"line":42,"column":24},"end":{"line":55,"column":3}},"line":42},"9":{"name":"getEntityUrl","decl":{"start":{"line":59,"column":20},"end":{"line":59,"column":32}},"loc":{"start":{"line":59,"column":41},"end":{"line":61,"column":5}},"line":59},"10":{"name":"get","decl":{"start":{"line":64,"column":20},"end":{"line":64,"column":23}},"loc":{"start":{"line":64,"column":36},"end":{"line":74,"column":5}},"line":64},"11":{"name":"(anonymous_11)","decl":{"start":{"line":71,"column":14},"end":{"line":71,"column":15}},"loc":{"start":{"line":71,"column":29},"end":{"line":73,"column":7}},"line":71},"12":{"name":"post","decl":{"start":{"line":77,"column":20},"end":{"line":77,"column":24}},"loc":{"start":{"line":77,"column":37},"end":{"line":86,"column":5}},"line":77},"13":{"name":"(anonymous_13)","decl":{"start":{"line":83,"column":66},"end":{"line":83,"column":67}},"loc":{"start":{"line":83,"column":81},"end":{"line":85,"column":7}},"line":83},"14":{"name":"postFormData","decl":{"start":{"line":92,"column":20},"end":{"line":92,"column":32}},"loc":{"start":{"line":92,"column":45},"end":{"line":100,"column":5}},"line":92},"15":{"name":"(anonymous_15)","decl":{"start":{"line":97,"column":74},"end":{"line":97,"column":75}},"loc":{"start":{"line":97,"column":89},"end":{"line":99,"column":7}},"line":97},"16":{"name":"put","decl":{"start":{"line":103,"column":20},"end":{"line":103,"column":23}},"loc":{"start":{"line":103,"column":36},"end":{"line":112,"column":5}},"line":103},"17":{"name":"(anonymous_17)","decl":{"start":{"line":109,"column":65},"end":{"line":109,"column":66}},"loc":{"start":{"line":109,"column":80},"end":{"line":111,"column":7}},"line":109},"18":{"name":"patch","decl":{"start":{"line":115,"column":20},"end":{"line":115,"column":25}},"loc":{"start":{"line":115,"column":38},"end":{"line":123,"column":5}},"line":115},"19":{"name":"(anonymous_19)","decl":{"start":{"line":120,"column":67},"end":{"line":120,"column":68}},"loc":{"start":{"line":120,"column":82},"end":{"line":122,"column":7}},"line":120},"20":{"name":"_delete","decl":{"start":{"line":126,"column":20},"end":{"line":126,"column":27}},"loc":{"start":{"line":126,"column":40},"end":{"line":134,"column":5}},"line":126},"21":{"name":"(anonymous_21)","decl":{"start":{"line":131,"column":54},"end":{"line":131,"column":55}},"loc":{"start":{"line":131,"column":69},"end":{"line":133,"column":7}},"line":131}},"branchMap":{"0":{"loc":{"start":{"line":3,"column":168},"end":{"line":3,"column":198}},"type":"binary-expr","locations":[{"start":{"line":3,"column":168},"end":{"line":3,"column":189}},{"start":{"line":3,"column":193},"end":{"line":3,"column":198}}],"line":3},"1":{"loc":{"start":{"line":3,"column":232},"end":{"line":3,"column":286}},"type":"if","locations":[{"start":{"line":3,"column":232},"end":{"line":3,"column":286}},{"start":{"line":3,"column":232},"end":{"line":3,"column":286}}],"line":3},"2":{"loc":{"start":{"line":3,"column":407},"end":{"line":3,"column":475}},"type":"if","locations":[{"start":{"line":3,"column":407},"end":{"line":3,"column":475}},{"start":{"line":3,"column":407},"end":{"line":3,"column":475}}],"line":3},"3":{"loc":{"start":{"line":3,"column":476},"end":{"line":3,"column":536}},"type":"if","locations":[{"start":{"line":3,"column":476},"end":{"line":3,"column":536}},{"start":{"line":3,"column":476},"end":{"line":3,"column":536}}],"line":3},"4":{"loc":{"start":{"line":5,"column":50},"end":{"line":5,"column":151}},"type":"if","locations":[{"start":{"line":5,"column":50},"end":{"line":5,"column":151}},{"start":{"line":5,"column":50},"end":{"line":5,"column":151}}],"line":5},"5":{"loc":{"start":{"line":21,"column":2},"end":{"line":23,"column":3}},"type":"if","locations":[{"start":{"line":21,"column":2},"end":{"line":23,"column":3}},{"start":{"line":21,"column":2},"end":{"line":23,"column":3}}],"line":21},"6":{"loc":{"start":{"line":26,"column":4},"end":{"line":28,"column":5}},"type":"if","locations":[{"start":{"line":26,"column":4},"end":{"line":28,"column":5}},{"start":{"line":26,"column":4},"end":{"line":28,"column":5}}],"line":26},"7":{"loc":{"start":{"line":60,"column":13},"end":{"line":60,"column":113}},"type":"cond-expr","locations":[{"start":{"line":60,"column":48},"end":{"line":60,"column":80}},{"start":{"line":60,"column":83},"end":{"line":60,"column":113}}],"line":60}},"s":{"0":1,"1":1,"2":1,"3":7,"4":7,"5":7,"6":7,"7":7,"8":7,"9":1,"10":1,"11":1,"12":1,"13":0,"14":1,"15":3,"16":0,"17":1,"18":1,"19":1,"20":1,"21":1,"22":3,"23":3,"24":3,"25":0,"26":0,"27":0,"28":0,"29":58,"30":1,"31":3,"32":3,"33":3,"34":1,"35":308,"36":163,"37":163,"38":131,"39":102,"40":102,"41":83,"42":0,"43":0,"44":0,"45":1,"46":1,"47":1,"48":23,"49":23,"50":20,"51":19,"52":19,"53":15,"54":1,"55":1},"f":{"0":1,"1":1,"2":1,"3":3,"4":3,"5":0,"6":58,"7":1,"8":3,"9":308,"10":163,"11":131,"12":102,"13":83,"14":0,"15":0,"16":1,"17":1,"18":23,"19":20,"20":19,"21":15},"b":{"0":[7,7],"1":[7,0],"2":[1,0],"3":[0,1],"4":[0,3],"5":[3,0],"6":[0,0],"7":[16,292]},"_coverageSchema":"1a1c01bbd47fc00a2c39e90264f33305004495a9","hash":"c002d4f7ab984d13f6466dacb575eaa7b10e78b8","contentHash":"f90a0c112889a4e38865e5446ac7d20d4f110375cad5f82c480a8adc186f9ea0"},"D:\\Websites\\razorpay-node\\dist\\utils\\nodeify.js":{"path":"D:\\Websites\\razorpay-node\\dist\\utils\\nodeify.js","statementMap":{"0":{"start":{"line":3,"column":14},"end":{"line":13,"column":1}},"1":{"start":{"line":4,"column":2},"end":{"line":6,"column":3}},"2":{"start":{"line":5,"column":4},"end":{"line":5,"column":19}},"3":{"start":{"line":8,"column":2},"end":{"line":12,"column":5}},"4":{"start":{"line":9,"column":4},"end":{"line":9,"column":23}},"5":{"start":{"line":11,"column":4},"end":{"line":11,"column":20}},"6":{"start":{"line":15,"column":0},"end":{"line":15,"column":25}}},"fnMap":{"0":{"name":"nodeify","decl":{"start":{"line":3,"column":23},"end":{"line":3,"column":30}},"loc":{"start":{"line":3,"column":44},"end":{"line":13,"column":1}},"line":3},"1":{"name":"(anonymous_1)","decl":{"start":{"line":8,"column":22},"end":{"line":8,"column":23}},"loc":{"start":{"line":8,"column":42},"end":{"line":10,"column":3}},"line":8},"2":{"name":"(anonymous_2)","decl":{"start":{"line":10,"column":11},"end":{"line":10,"column":12}},"loc":{"start":{"line":10,"column":28},"end":{"line":12,"column":3}},"line":10}},"branchMap":{"0":{"loc":{"start":{"line":4,"column":2},"end":{"line":6,"column":3}},"type":"if","locations":[{"start":{"line":4,"column":2},"end":{"line":6,"column":3}},{"start":{"line":4,"column":2},"end":{"line":6,"column":3}}],"line":4}},"s":{"0":1,"1":310,"2":168,"3":142,"4":86,"5":56,"6":1},"f":{"0":310,"1":86,"2":56},"b":{"0":[168,142]},"_coverageSchema":"1a1c01bbd47fc00a2c39e90264f33305004495a9","hash":"a90812891dad20a12fbb25fe554c2755eedabf2c","contentHash":"158aa336dead54773e39c97889ae2d2c0bdf532fa7461240f92d781d8002d5cd"},"D:\\Websites\\razorpay-node\\dist\\utils\\razorpay-utils.js":{"path":"D:\\Websites\\razorpay-node\\dist\\utils\\razorpay-utils.js","statementMap":{"0":{"start":{"line":3,"column":14},"end":{"line":3,"column":268}},"1":{"start":{"line":3,"column":101},"end":{"line":3,"column":119}},"2":{"start":{"line":3,"column":141},"end":{"line":3,"column":266}},"3":{"start":{"line":6,"column":2},"end":{"line":6,"column":32}},"4":{"start":{"line":10,"column":2},"end":{"line":10,"column":53}},"5":{"start":{"line":14,"column":2},"end":{"line":14,"column":29}},"6":{"start":{"line":18,"column":2},"end":{"line":18,"column":120}},"7":{"start":{"line":22,"column":2},"end":{"line":24,"column":3}},"8":{"start":{"line":23,"column":4},"end":{"line":23,"column":16}},"9":{"start":{"line":26,"column":2},"end":{"line":26,"column":22}},"10":{"start":{"line":31,"column":2},"end":{"line":31,"column":38}},"11":{"start":{"line":35,"column":14},"end":{"line":35,"column":84}},"12":{"start":{"line":37,"column":24},"end":{"line":37,"column":26}},"13":{"start":{"line":38,"column":2},"end":{"line":40,"column":3}},"14":{"start":{"line":39,"column":4},"end":{"line":39,"column":55}},"15":{"start":{"line":41,"column":2},"end":{"line":41,"column":25}},"16":{"start":{"line":53,"column":2},"end":{"line":53,"column":38}},"17":{"start":{"line":66,"column":2},"end":{"line":66,"column":279}},"18":{"start":{"line":81,"column":15},"end":{"line":81,"column":32}},"19":{"start":{"line":83,"column":2},"end":{"line":86,"column":3}},"20":{"start":{"line":85,"column":4},"end":{"line":85,"column":168}},"21":{"start":{"line":88,"column":2},"end":{"line":88,"column":25}},"22":{"start":{"line":90,"column":26},"end":{"line":90,"column":88}},"23":{"start":{"line":92,"column":2},"end":{"line":92,"column":41}},"24":{"start":{"line":96,"column":15},"end":{"line":96,"column":85}},"25":{"start":{"line":97,"column":18},"end":{"line":97,"column":30}},"26":{"start":{"line":98,"column":15},"end":{"line":98,"column":27}},"27":{"start":{"line":110,"column":18},"end":{"line":110,"column":35}},"28":{"start":{"line":112,"column":2},"end":{"line":115,"column":3}},"29":{"start":{"line":114,"column":4},"end":{"line":114,"column":43}},"30":{"start":{"line":117,"column":2},"end":{"line":134,"column":3}},"31":{"start":{"line":119,"column":18},"end":{"line":119,"column":33}},"32":{"start":{"line":120,"column":18},"end":{"line":120,"column":43}},"33":{"start":{"line":121,"column":9},"end":{"line":134,"column":3}},"34":{"start":{"line":123,"column":25},"end":{"line":123,"column":47}},"35":{"start":{"line":124,"column":18},"end":{"line":124,"column":50}},"36":{"start":{"line":125,"column":9},"end":{"line":134,"column":3}},"37":{"start":{"line":127,"column":24},"end":{"line":127,"column":46}},"38":{"start":{"line":128,"column":27},"end":{"line":128,"column":59}},"39":{"start":{"line":129,"column":28},"end":{"line":129,"column":54}},"40":{"start":{"line":131,"column":18},"end":{"line":131,"column":100}},"41":{"start":{"line":133,"column":4},"end":{"line":133,"column":71}},"42":{"start":{"line":135,"column":2},"end":{"line":135,"column":62}},"43":{"start":{"line":138,"column":0},"end":{"line":150,"column":2}}},"fnMap":{"0":{"name":"(anonymous_0)","decl":{"start":{"line":3,"column":84},"end":{"line":3,"column":85}},"loc":{"start":{"line":3,"column":99},"end":{"line":3,"column":121}},"line":3},"1":{"name":"(anonymous_1)","decl":{"start":{"line":3,"column":124},"end":{"line":3,"column":125}},"loc":{"start":{"line":3,"column":139},"end":{"line":3,"column":268}},"line":3},"2":{"name":"getDateInSecs","decl":{"start":{"line":5,"column":9},"end":{"line":5,"column":22}},"loc":{"start":{"line":5,"column":29},"end":{"line":7,"column":1}},"line":5},"3":{"name":"normalizeDate","decl":{"start":{"line":9,"column":9},"end":{"line":9,"column":22}},"loc":{"start":{"line":9,"column":29},"end":{"line":11,"column":1}},"line":9},"4":{"name":"isNumber","decl":{"start":{"line":13,"column":9},"end":{"line":13,"column":17}},"loc":{"start":{"line":13,"column":23},"end":{"line":15,"column":1}},"line":13},"5":{"name":"isNonNullObject","decl":{"start":{"line":17,"column":9},"end":{"line":17,"column":24}},"loc":{"start":{"line":17,"column":32},"end":{"line":19,"column":1}},"line":17},"6":{"name":"normalizeBoolean","decl":{"start":{"line":21,"column":9},"end":{"line":21,"column":25}},"loc":{"start":{"line":21,"column":32},"end":{"line":27,"column":1}},"line":21},"7":{"name":"isDefined","decl":{"start":{"line":29,"column":9},"end":{"line":29,"column":18}},"loc":{"start":{"line":29,"column":26},"end":{"line":32,"column":1}},"line":29},"8":{"name":"normalizeNotes","decl":{"start":{"line":34,"column":9},"end":{"line":34,"column":23}},"loc":{"start":{"line":34,"column":26},"end":{"line":42,"column":1}},"line":34},"9":{"name":"prettify","decl":{"start":{"line":44,"column":9},"end":{"line":44,"column":17}},"loc":{"start":{"line":44,"column":23},"end":{"line":54,"column":1}},"line":44},"10":{"name":"getTestError","decl":{"start":{"line":56,"column":9},"end":{"line":56,"column":21}},"loc":{"start":{"line":56,"column":52},"end":{"line":67,"column":1}},"line":56},"11":{"name":"validateWebhookSignature","decl":{"start":{"line":69,"column":9},"end":{"line":69,"column":33}},"loc":{"start":{"line":69,"column":59},"end":{"line":93,"column":1}},"line":69},"12":{"name":"validatePaymentVerification","decl":{"start":{"line":95,"column":9},"end":{"line":95,"column":36}},"loc":{"start":{"line":95,"column":39},"end":{"line":136,"column":1}},"line":95}},"branchMap":{"0":{"loc":{"start":{"line":3,"column":14},"end":{"line":3,"column":268}},"type":"cond-expr","locations":[{"start":{"line":3,"column":84},"end":{"line":3,"column":121}},{"start":{"line":3,"column":124},"end":{"line":3,"column":268}}],"line":3},"1":{"loc":{"start":{"line":3,"column":14},"end":{"line":3,"column":81}},"type":"binary-expr","locations":[{"start":{"line":3,"column":14},"end":{"line":3,"column":42}},{"start":{"line":3,"column":46},"end":{"line":3,"column":81}}],"line":3},"2":{"loc":{"start":{"line":3,"column":148},"end":{"line":3,"column":265}},"type":"cond-expr","locations":[{"start":{"line":3,"column":244},"end":{"line":3,"column":252}},{"start":{"line":3,"column":255},"end":{"line":3,"column":265}}],"line":3},"3":{"loc":{"start":{"line":3,"column":148},"end":{"line":3,"column":241}},"type":"binary-expr","locations":[{"start":{"line":3,"column":148},"end":{"line":3,"column":151}},{"start":{"line":3,"column":155},"end":{"line":3,"column":183}},{"start":{"line":3,"column":187},"end":{"line":3,"column":213}},{"start":{"line":3,"column":217},"end":{"line":3,"column":241}}],"line":3},"4":{"loc":{"start":{"line":10,"column":9},"end":{"line":10,"column":52}},"type":"cond-expr","locations":[{"start":{"line":10,"column":26},"end":{"line":10,"column":30}},{"start":{"line":10,"column":33},"end":{"line":10,"column":52}}],"line":10},"5":{"loc":{"start":{"line":18,"column":9},"end":{"line":18,"column":119}},"type":"binary-expr","locations":[{"start":{"line":18,"column":9},"end":{"line":18,"column":16}},{"start":{"line":18,"column":20},"end":{"line":18,"column":94}},{"start":{"line":18,"column":98},"end":{"line":18,"column":119}}],"line":18},"6":{"loc":{"start":{"line":18,"column":21},"end":{"line":18,"column":80}},"type":"cond-expr","locations":[{"start":{"line":18,"column":52},"end":{"line":18,"column":63}},{"start":{"line":18,"column":66},"end":{"line":18,"column":80}}],"line":18},"7":{"loc":{"start":{"line":22,"column":2},"end":{"line":24,"column":3}},"type":"if","locations":[{"start":{"line":22,"column":2},"end":{"line":24,"column":3}},{"start":{"line":22,"column":2},"end":{"line":24,"column":3}}],"line":22},"8":{"loc":{"start":{"line":26,"column":9},"end":{"line":26,"column":21}},"type":"cond-expr","locations":[{"start":{"line":26,"column":16},"end":{"line":26,"column":17}},{"start":{"line":26,"column":20},"end":{"line":26,"column":21}}],"line":26},"9":{"loc":{"start":{"line":35,"column":14},"end":{"line":35,"column":84}},"type":"cond-expr","locations":[{"start":{"line":35,"column":67},"end":{"line":35,"column":79}},{"start":{"line":35,"column":82},"end":{"line":35,"column":84}}],"line":35},"10":{"loc":{"start":{"line":35,"column":14},"end":{"line":35,"column":64}},"type":"binary-expr","locations":[{"start":{"line":35,"column":14},"end":{"line":35,"column":34}},{"start":{"line":35,"column":38},"end":{"line":35,"column":64}}],"line":35},"11":{"loc":{"start":{"line":66,"column":59},"end":{"line":66,"column":130}},"type":"cond-expr","locations":[{"start":{"line":66,"column":96},"end":{"line":66,"column":107}},{"start":{"line":66,"column":110},"end":{"line":66,"column":130}}],"line":66},"12":{"loc":{"start":{"line":66,"column":187},"end":{"line":66,"column":248}},"type":"cond-expr","locations":[{"start":{"line":66,"column":219},"end":{"line":66,"column":230}},{"start":{"line":66,"column":233},"end":{"line":66,"column":248}}],"line":66},"13":{"loc":{"start":{"line":83,"column":2},"end":{"line":86,"column":3}},"type":"if","locations":[{"start":{"line":83,"column":2},"end":{"line":86,"column":3}},{"start":{"line":83,"column":2},"end":{"line":86,"column":3}}],"line":83},"14":{"loc":{"start":{"line":83,"column":6},"end":{"line":83,"column":69}},"type":"binary-expr","locations":[{"start":{"line":83,"column":6},"end":{"line":83,"column":22}},{"start":{"line":83,"column":26},"end":{"line":83,"column":47}},{"start":{"line":83,"column":51},"end":{"line":83,"column":69}}],"line":83},"15":{"loc":{"start":{"line":96,"column":15},"end":{"line":96,"column":85}},"type":"cond-expr","locations":[{"start":{"line":96,"column":68},"end":{"line":96,"column":80}},{"start":{"line":96,"column":83},"end":{"line":96,"column":85}}],"line":96},"16":{"loc":{"start":{"line":96,"column":15},"end":{"line":96,"column":65}},"type":"binary-expr","locations":[{"start":{"line":96,"column":15},"end":{"line":96,"column":35}},{"start":{"line":96,"column":39},"end":{"line":96,"column":65}}],"line":96},"17":{"loc":{"start":{"line":112,"column":2},"end":{"line":115,"column":3}},"type":"if","locations":[{"start":{"line":112,"column":2},"end":{"line":115,"column":3}},{"start":{"line":112,"column":2},"end":{"line":115,"column":3}}],"line":112},"18":{"loc":{"start":{"line":117,"column":2},"end":{"line":134,"column":3}},"type":"if","locations":[{"start":{"line":117,"column":2},"end":{"line":134,"column":3}},{"start":{"line":117,"column":2},"end":{"line":134,"column":3}}],"line":117},"19":{"loc":{"start":{"line":121,"column":9},"end":{"line":134,"column":3}},"type":"if","locations":[{"start":{"line":121,"column":9},"end":{"line":134,"column":3}},{"start":{"line":121,"column":9},"end":{"line":134,"column":3}}],"line":121},"20":{"loc":{"start":{"line":125,"column":9},"end":{"line":134,"column":3}},"type":"if","locations":[{"start":{"line":125,"column":9},"end":{"line":134,"column":3}},{"start":{"line":125,"column":9},"end":{"line":134,"column":3}}],"line":125}},"s":{"0":1,"1":2,"2":0,"3":42,"4":21,"5":23,"6":3,"7":3,"8":1,"9":2,"10":38,"11":1,"12":1,"13":1,"14":2,"15":1,"16":2,"17":1,"18":8,"19":8,"20":0,"21":8,"22":8,"23":8,"24":6,"25":6,"26":6,"27":6,"28":6,"29":0,"30":6,"31":2,"32":2,"33":4,"34":2,"35":2,"36":2,"37":2,"38":2,"39":2,"40":2,"41":0,"42":6,"43":1},"f":{"0":2,"1":0,"2":42,"3":21,"4":23,"5":3,"6":3,"7":38,"8":1,"9":2,"10":1,"11":8,"12":6},"b":{"0":[1,0],"1":[1,1],"2":[0,0],"3":[0,0,0,0],"4":[0,21],"5":[3,0,0],"6":[0,0],"7":[1,2],"8":[1,1],"9":[1,0],"10":[1,1],"11":[0,1],"12":[0,1],"13":[0,8],"14":[8,8,8],"15":[6,0],"16":[6,6],"17":[0,6],"18":[2,4],"19":[2,2],"20":[2,0]},"_coverageSchema":"1a1c01bbd47fc00a2c39e90264f33305004495a9","hash":"97f4c7366c994888fcee71b2c95c7d2f52d54722","contentHash":"2d4371c8d7d97cd7a3c4e2287d4cd0e9a5bbb18c089dd53361ceacc34b9c38ae"},"D:\\Websites\\razorpay-node\\dist\\resources\\accounts.js":{"path":"D:\\Websites\\razorpay-node\\dist\\resources\\accounts.js","statementMap":{"0":{"start":{"line":3,"column":0},"end":{"line":48,"column":2}},"1":{"start":{"line":5,"column":19},"end":{"line":5,"column":30}},"2":{"start":{"line":7,"column":4},"end":{"line":47,"column":6}},"3":{"start":{"line":9,"column":12},"end":{"line":13,"column":25}},"4":{"start":{"line":16,"column":12},"end":{"line":20,"column":25}},"5":{"start":{"line":23,"column":12},"end":{"line":26,"column":25}},"6":{"start":{"line":29,"column":12},"end":{"line":32,"column":25}},"7":{"start":{"line":35,"column":12},"end":{"line":39,"column":25}},"8":{"start":{"line":42,"column":12},"end":{"line":45,"column":25}}},"fnMap":{"0":{"name":"(anonymous_0)","decl":{"start":{"line":3,"column":17},"end":{"line":3,"column":18}},"loc":{"start":{"line":3,"column":32},"end":{"line":48,"column":1}},"line":3},"1":{"name":"create","decl":{"start":{"line":8,"column":25},"end":{"line":8,"column":31}},"loc":{"start":{"line":8,"column":50},"end":{"line":14,"column":9}},"line":8},"2":{"name":"edit","decl":{"start":{"line":15,"column":23},"end":{"line":15,"column":27}},"loc":{"start":{"line":15,"column":57},"end":{"line":21,"column":9}},"line":15},"3":{"name":"fetch","decl":{"start":{"line":22,"column":24},"end":{"line":22,"column":29}},"loc":{"start":{"line":22,"column":51},"end":{"line":27,"column":9}},"line":22},"4":{"name":"_delete","decl":{"start":{"line":28,"column":25},"end":{"line":28,"column":32}},"loc":{"start":{"line":28,"column":54},"end":{"line":33,"column":9}},"line":28},"5":{"name":"uploadAccountDoc","decl":{"start":{"line":34,"column":35},"end":{"line":34,"column":51}},"loc":{"start":{"line":34,"column":81},"end":{"line":40,"column":9}},"line":34},"6":{"name":"fetchAccountDoc","decl":{"start":{"line":41,"column":34},"end":{"line":41,"column":49}},"loc":{"start":{"line":41,"column":71},"end":{"line":46,"column":9}},"line":41}},"branchMap":{},"s":{"0":1,"1":3,"2":3,"3":1,"4":1,"5":1,"6":1,"7":0,"8":1},"f":{"0":3,"1":1,"2":1,"3":1,"4":1,"5":0,"6":1},"b":{},"_coverageSchema":"1a1c01bbd47fc00a2c39e90264f33305004495a9","hash":"55222e62f6aff595853027f87604a6379466a13e","contentHash":"4d4d692d737f0cefdfc2973199a57d7fa8fc021e08ec1ea5bd9c18c1294baf04"},"D:\\Websites\\razorpay-node\\dist\\resources\\stakeholders.js":{"path":"D:\\Websites\\razorpay-node\\dist\\resources\\stakeholders.js","statementMap":{"0":{"start":{"line":3,"column":0},"end":{"line":48,"column":2}},"1":{"start":{"line":5,"column":19},"end":{"line":5,"column":30}},"2":{"start":{"line":7,"column":4},"end":{"line":47,"column":6}},"3":{"start":{"line":9,"column":12},"end":{"line":13,"column":25}},"4":{"start":{"line":16,"column":12},"end":{"line":20,"column":25}},"5":{"start":{"line":23,"column":12},"end":{"line":26,"column":25}},"6":{"start":{"line":29,"column":12},"end":{"line":32,"column":25}},"7":{"start":{"line":35,"column":12},"end":{"line":39,"column":25}},"8":{"start":{"line":42,"column":12},"end":{"line":45,"column":25}}},"fnMap":{"0":{"name":"(anonymous_0)","decl":{"start":{"line":3,"column":17},"end":{"line":3,"column":18}},"loc":{"start":{"line":3,"column":32},"end":{"line":48,"column":1}},"line":3},"1":{"name":"create","decl":{"start":{"line":8,"column":25},"end":{"line":8,"column":31}},"loc":{"start":{"line":8,"column":61},"end":{"line":14,"column":9}},"line":8},"2":{"name":"edit","decl":{"start":{"line":15,"column":23},"end":{"line":15,"column":27}},"loc":{"start":{"line":15,"column":72},"end":{"line":21,"column":9}},"line":15},"3":{"name":"fetch","decl":{"start":{"line":22,"column":24},"end":{"line":22,"column":29}},"loc":{"start":{"line":22,"column":66},"end":{"line":27,"column":9}},"line":22},"4":{"name":"all","decl":{"start":{"line":28,"column":22},"end":{"line":28,"column":25}},"loc":{"start":{"line":28,"column":47},"end":{"line":33,"column":9}},"line":28},"5":{"name":"uploadStakeholderDoc","decl":{"start":{"line":34,"column":39},"end":{"line":34,"column":59}},"loc":{"start":{"line":34,"column":104},"end":{"line":40,"column":9}},"line":34},"6":{"name":"fetchStakeholderDoc","decl":{"start":{"line":41,"column":38},"end":{"line":41,"column":57}},"loc":{"start":{"line":41,"column":94},"end":{"line":46,"column":9}},"line":41}},"branchMap":{},"s":{"0":1,"1":3,"2":3,"3":1,"4":1,"5":1,"6":1,"7":0,"8":1},"f":{"0":3,"1":1,"2":1,"3":1,"4":1,"5":0,"6":1},"b":{},"_coverageSchema":"1a1c01bbd47fc00a2c39e90264f33305004495a9","hash":"f54fcb8c4be4c05057236f66241233b09488ecb3","contentHash":"f40913222a6605b4b330936d592f8efa9b3e7861b1c52b3bdf1280dd6b753368"},"D:\\Websites\\razorpay-node\\dist\\resources\\payments.js":{"path":"D:\\Websites\\razorpay-node\\dist\\resources\\payments.js","statementMap":{"0":{"start":{"line":3,"column":15},"end":{"line":3,"column":256}},"1":{"start":{"line":3,"column":52},"end":{"line":3,"column":239}},"2":{"start":{"line":3,"column":65},"end":{"line":3,"column":66}},"3":{"start":{"line":3,"column":110},"end":{"line":3,"column":122}},"4":{"start":{"line":3,"column":124},"end":{"line":3,"column":237}},"5":{"start":{"line":3,"column":150},"end":{"line":3,"column":235}},"6":{"start":{"line":3,"column":207},"end":{"line":3,"column":233}},"7":{"start":{"line":3,"column":240},"end":{"line":3,"column":254}},"8":{"start":{"line":5,"column":60},"end":{"line":5,"column":62}},"9":{"start":{"line":5,"column":64},"end":{"line":5,"column":203}},"10":{"start":{"line":5,"column":85},"end":{"line":5,"column":120}},"11":{"start":{"line":5,"column":111},"end":{"line":5,"column":120}},"12":{"start":{"line":5,"column":121},"end":{"line":5,"column":181}},"13":{"start":{"line":5,"column":172},"end":{"line":5,"column":181}},"14":{"start":{"line":5,"column":182},"end":{"line":5,"column":201}},"15":{"start":{"line":5,"column":204},"end":{"line":5,"column":218}},"16":{"start":{"line":7,"column":14},"end":{"line":7,"column":32}},"17":{"start":{"line":9,"column":15},"end":{"line":9,"column":49}},"18":{"start":{"line":10,"column":20},"end":{"line":10,"column":42}},"19":{"start":{"line":12,"column":22},"end":{"line":12,"column":49}},"20":{"start":{"line":13,"column":15},"end":{"line":13,"column":26}},"21":{"start":{"line":15,"column":0},"end":{"line":398,"column":2}},"22":{"start":{"line":16,"column":2},"end":{"line":397,"column":4}},"23":{"start":{"line":18,"column":19},"end":{"line":18,"column":89}},"24":{"start":{"line":19,"column":21},"end":{"line":19,"column":33}},"25":{"start":{"line":20,"column":17},"end":{"line":20,"column":28}},"26":{"start":{"line":21,"column":15},"end":{"line":21,"column":24}},"27":{"start":{"line":22,"column":18},"end":{"line":22,"column":30}},"28":{"start":{"line":23,"column":17},"end":{"line":23,"column":28}},"29":{"start":{"line":25,"column":19},"end":{"line":25,"column":25}},"30":{"start":{"line":27,"column":6},"end":{"line":29,"column":7}},"31":{"start":{"line":28,"column":8},"end":{"line":28,"column":35}},"32":{"start":{"line":31,"column":6},"end":{"line":33,"column":7}},"33":{"start":{"line":32,"column":8},"end":{"line":32,"column":31}},"34":{"start":{"line":35,"column":6},"end":{"line":37,"column":7}},"35":{"start":{"line":36,"column":8},"end":{"line":36,"column":52}},"36":{"start":{"line":39,"column":6},"end":{"line":39,"column":34}},"37":{"start":{"line":40,"column":6},"end":{"line":40,"column":31}},"38":{"start":{"line":42,"column":6},"end":{"line":51,"column":19}},"39":{"start":{"line":54,"column":19},"end":{"line":54,"column":89}},"40":{"start":{"line":55,"column":21},"end":{"line":55,"column":33}},"41":{"start":{"line":57,"column":19},"end":{"line":57,"column":25}},"42":{"start":{"line":59,"column":6},"end":{"line":61,"column":7}},"43":{"start":{"line":60,"column":8},"end":{"line":60,"column":53}},"44":{"start":{"line":63,"column":6},"end":{"line":65,"column":7}},"45":{"start":{"line":64,"column":8},"end":{"line":64,"column":52}},"46":{"start":{"line":67,"column":6},"end":{"line":72,"column":19}},"47":{"start":{"line":75,"column":6},"end":{"line":77,"column":7}},"48":{"start":{"line":76,"column":8},"end":{"line":76,"column":53}},"49":{"start":{"line":79,"column":6},"end":{"line":81,"column":7}},"50":{"start":{"line":80,"column":8},"end":{"line":80,"column":49}},"51":{"start":{"line":83,"column":20},"end":{"line":85,"column":7}},"52":{"start":{"line":93,"column":6},"end":{"line":98,"column":7}},"53":{"start":{"line":94,"column":8},"end":{"line":94,"column":28}},"54":{"start":{"line":95,"column":8},"end":{"line":95,"column":29}},"55":{"start":{"line":96,"column":13},"end":{"line":98,"column":7}},"56":{"start":{"line":97,"column":8},"end":{"line":97,"column":36}},"57":{"start":{"line":100,"column":6},"end":{"line":103,"column":19}},"58":{"start":{"line":106,"column":16},"end":{"line":106,"column":41}},"59":{"start":{"line":107,"column":17},"end":{"line":107,"column":53}},"60":{"start":{"line":108,"column":17},"end":{"line":108,"column":36}},"61":{"start":{"line":110,"column":6},"end":{"line":113,"column":19}},"62":{"start":{"line":116,"column":6},"end":{"line":119,"column":19}},"63":{"start":{"line":122,"column":19},"end":{"line":122,"column":89}},"64":{"start":{"line":123,"column":21},"end":{"line":123,"column":33}},"65":{"start":{"line":125,"column":6},"end":{"line":127,"column":7}},"66":{"start":{"line":126,"column":8},"end":{"line":126,"column":53}},"67":{"start":{"line":129,"column":6},"end":{"line":132,"column":19}},"68":{"start":{"line":135,"column":19},"end":{"line":135,"column":89}},"69":{"start":{"line":136,"column":21},"end":{"line":136,"column":33}},"70":{"start":{"line":138,"column":6},"end":{"line":140,"column":7}},"71":{"start":{"line":139,"column":8},"end":{"line":139,"column":53}},"72":{"start":{"line":141,"column":6},"end":{"line":144,"column":19}},"73":{"start":{"line":147,"column":19},"end":{"line":147,"column":89}},"74":{"start":{"line":148,"column":21},"end":{"line":148,"column":33}},"75":{"start":{"line":161,"column":17},"end":{"line":161,"column":28}},"76":{"start":{"line":162,"column":15},"end":{"line":162,"column":24}},"77":{"start":{"line":163,"column":18},"end":{"line":163,"column":30}},"78":{"start":{"line":164,"column":17},"end":{"line":164,"column":28}},"79":{"start":{"line":165,"column":16},"end":{"line":165,"column":55}},"80":{"start":{"line":168,"column":6},"end":{"line":176,"column":19}},"81":{"start":{"line":180,"column":6},"end":{"line":182,"column":7}},"82":{"start":{"line":181,"column":8},"end":{"line":181,"column":52}},"83":{"start":{"line":184,"column":6},"end":{"line":186,"column":7}},"84":{"start":{"line":185,"column":8},"end":{"line":185,"column":51}},"85":{"start":{"line":188,"column":6},"end":{"line":190,"column":19}},"86":{"start":{"line":203,"column":6},"end":{"line":205,"column":7}},"87":{"start":{"line":204,"column":8},"end":{"line":204,"column":52}},"88":{"start":{"line":207,"column":6},"end":{"line":209,"column":19}},"89":{"start":{"line":212,"column":19},"end":{"line":212,"column":89}},"90":{"start":{"line":213,"column":21},"end":{"line":213,"column":33}},"91":{"start":{"line":215,"column":6},"end":{"line":217,"column":7}},"92":{"start":{"line":216,"column":8},"end":{"line":216,"column":53}},"93":{"start":{"line":218,"column":6},"end":{"line":221,"column":19}},"94":{"start":{"line":225,"column":6},"end":{"line":228,"column":7}},"95":{"start":{"line":227,"column":8},"end":{"line":227,"column":47}},"96":{"start":{"line":230,"column":6},"end":{"line":232,"column":19}},"97":{"start":{"line":236,"column":6},"end":{"line":239,"column":7}},"98":{"start":{"line":238,"column":8},"end":{"line":238,"column":47}},"99":{"start":{"line":241,"column":6},"end":{"line":243,"column":19}},"100":{"start":{"line":247,"column":6},"end":{"line":249,"column":19}},"101":{"start":{"line":262,"column":6},"end":{"line":265,"column":7}},"102":{"start":{"line":264,"column":8},"end":{"line":264,"column":58}},"103":{"start":{"line":267,"column":6},"end":{"line":269,"column":19}},"104":{"start":{"line":282,"column":6},"end":{"line":285,"column":7}},"105":{"start":{"line":284,"column":8},"end":{"line":284,"column":57}},"106":{"start":{"line":287,"column":6},"end":{"line":289,"column":19}},"107":{"start":{"line":292,"column":19},"end":{"line":292,"column":89}},"108":{"start":{"line":293,"column":21},"end":{"line":293,"column":33}},"109":{"start":{"line":306,"column":6},"end":{"line":309,"column":7}},"110":{"start":{"line":308,"column":8},"end":{"line":308,"column":57}},"111":{"start":{"line":311,"column":6},"end":{"line":314,"column":19}},"112":{"start":{"line":327,"column":6},"end":{"line":330,"column":7}},"113":{"start":{"line":329,"column":8},"end":{"line":329,"column":57}},"114":{"start":{"line":332,"column":6},"end":{"line":334,"column":19}},"115":{"start":{"line":337,"column":19},"end":{"line":337,"column":89}},"116":{"start":{"line":338,"column":21},"end":{"line":338,"column":33}},"117":{"start":{"line":350,"column":16},"end":{"line":350,"column":40}},"118":{"start":{"line":351,"column":17},"end":{"line":351,"column":53}},"119":{"start":{"line":352,"column":17},"end":{"line":352,"column":36}},"120":{"start":{"line":354,"column":6},"end":{"line":357,"column":19}},"121":{"start":{"line":360,"column":19},"end":{"line":360,"column":89}},"122":{"start":{"line":361,"column":21},"end":{"line":361,"column":33}},"123":{"start":{"line":373,"column":16},"end":{"line":373,"column":42}},"124":{"start":{"line":374,"column":17},"end":{"line":374,"column":53}},"125":{"start":{"line":375,"column":17},"end":{"line":375,"column":36}},"126":{"start":{"line":377,"column":6},"end":{"line":380,"column":19}},"127":{"start":{"line":392,"column":16},"end":{"line":392,"column":26}},"128":{"start":{"line":393,"column":6},"end":{"line":395,"column":19}}},"fnMap":{"0":{"name":"(anonymous_0)","decl":{"start":{"line":3,"column":32},"end":{"line":3,"column":33}},"loc":{"start":{"line":3,"column":50},"end":{"line":3,"column":256}},"line":3},"1":{"name":"_objectWithoutProperties","decl":{"start":{"line":5,"column":9},"end":{"line":5,"column":33}},"loc":{"start":{"line":5,"column":45},"end":{"line":5,"column":220}},"line":5},"2":{"name":"(anonymous_2)","decl":{"start":{"line":15,"column":17},"end":{"line":15,"column":18}},"loc":{"start":{"line":15,"column":32},"end":{"line":398,"column":1}},"line":15},"3":{"name":"all","decl":{"start":{"line":17,"column":18},"end":{"line":17,"column":21}},"loc":{"start":{"line":17,"column":24},"end":{"line":52,"column":5}},"line":17},"4":{"name":"fetch","decl":{"start":{"line":53,"column":20},"end":{"line":53,"column":25}},"loc":{"start":{"line":53,"column":37},"end":{"line":73,"column":5}},"line":53},"5":{"name":"capture","decl":{"start":{"line":74,"column":22},"end":{"line":74,"column":29}},"loc":{"start":{"line":74,"column":69},"end":{"line":104,"column":5}},"line":74},"6":{"name":"createPaymentJson","decl":{"start":{"line":105,"column":32},"end":{"line":105,"column":49}},"loc":{"start":{"line":105,"column":68},"end":{"line":114,"column":5}},"line":105},"7":{"name":"createRecurringPayment","decl":{"start":{"line":115,"column":37},"end":{"line":115,"column":59}},"loc":{"start":{"line":115,"column":78},"end":{"line":120,"column":5}},"line":115},"8":{"name":"edit","decl":{"start":{"line":121,"column":19},"end":{"line":121,"column":23}},"loc":{"start":{"line":121,"column":35},"end":{"line":133,"column":5}},"line":121},"9":{"name":"refund","decl":{"start":{"line":134,"column":21},"end":{"line":134,"column":27}},"loc":{"start":{"line":134,"column":39},"end":{"line":145,"column":5}},"line":134},"10":{"name":"fetchMultipleRefund","decl":{"start":{"line":146,"column":34},"end":{"line":146,"column":53}},"loc":{"start":{"line":146,"column":65},"end":{"line":177,"column":5}},"line":146},"11":{"name":"fetchRefund","decl":{"start":{"line":178,"column":26},"end":{"line":178,"column":37}},"loc":{"start":{"line":178,"column":69},"end":{"line":191,"column":5}},"line":178},"12":{"name":"fetchTransfer","decl":{"start":{"line":192,"column":28},"end":{"line":192,"column":41}},"loc":{"start":{"line":192,"column":63},"end":{"line":210,"column":5}},"line":192},"13":{"name":"transfer","decl":{"start":{"line":211,"column":23},"end":{"line":211,"column":31}},"loc":{"start":{"line":211,"column":43},"end":{"line":222,"column":5}},"line":211},"14":{"name":"bankTransfer","decl":{"start":{"line":223,"column":27},"end":{"line":223,"column":39}},"loc":{"start":{"line":223,"column":61},"end":{"line":233,"column":5}},"line":223},"15":{"name":"fetchCardDetails","decl":{"start":{"line":234,"column":31},"end":{"line":234,"column":47}},"loc":{"start":{"line":234,"column":69},"end":{"line":244,"column":5}},"line":234},"16":{"name":"fetchPaymentDowntime","decl":{"start":{"line":245,"column":35},"end":{"line":245,"column":55}},"loc":{"start":{"line":245,"column":66},"end":{"line":250,"column":5}},"line":245},"17":{"name":"fetchPaymentDowntimeById","decl":{"start":{"line":251,"column":39},"end":{"line":251,"column":63}},"loc":{"start":{"line":251,"column":86},"end":{"line":270,"column":5}},"line":251},"18":{"name":"otpGenerate","decl":{"start":{"line":271,"column":26},"end":{"line":271,"column":37}},"loc":{"start":{"line":271,"column":59},"end":{"line":290,"column":5}},"line":271},"19":{"name":"otpSubmit","decl":{"start":{"line":291,"column":24},"end":{"line":291,"column":33}},"loc":{"start":{"line":291,"column":45},"end":{"line":315,"column":5}},"line":291},"20":{"name":"otpResend","decl":{"start":{"line":316,"column":24},"end":{"line":316,"column":33}},"loc":{"start":{"line":316,"column":55},"end":{"line":335,"column":5}},"line":316},"21":{"name":"createUpi","decl":{"start":{"line":336,"column":24},"end":{"line":336,"column":33}},"loc":{"start":{"line":336,"column":36},"end":{"line":358,"column":5}},"line":336},"22":{"name":"validateVpa","decl":{"start":{"line":359,"column":26},"end":{"line":359,"column":37}},"loc":{"start":{"line":359,"column":40},"end":{"line":381,"column":5}},"line":359},"23":{"name":"fetchPaymentMethods","decl":{"start":{"line":382,"column":34},"end":{"line":382,"column":53}},"loc":{"start":{"line":382,"column":64},"end":{"line":396,"column":5}},"line":382}},"branchMap":{"0":{"loc":{"start":{"line":3,"column":15},"end":{"line":3,"column":256}},"type":"binary-expr","locations":[{"start":{"line":3,"column":15},"end":{"line":3,"column":28}},{"start":{"line":3,"column":32},"end":{"line":3,"column":256}}],"line":3},"1":{"loc":{"start":{"line":3,"column":150},"end":{"line":3,"column":235}},"type":"if","locations":[{"start":{"line":3,"column":150},"end":{"line":3,"column":235}},{"start":{"line":3,"column":150},"end":{"line":3,"column":235}}],"line":3},"2":{"loc":{"start":{"line":5,"column":85},"end":{"line":5,"column":120}},"type":"if","locations":[{"start":{"line":5,"column":85},"end":{"line":5,"column":120}},{"start":{"line":5,"column":85},"end":{"line":5,"column":120}}],"line":5},"3":{"loc":{"start":{"line":5,"column":121},"end":{"line":5,"column":181}},"type":"if","locations":[{"start":{"line":5,"column":121},"end":{"line":5,"column":181}},{"start":{"line":5,"column":121},"end":{"line":5,"column":181}}],"line":5},"4":{"loc":{"start":{"line":18,"column":19},"end":{"line":18,"column":89}},"type":"cond-expr","locations":[{"start":{"line":18,"column":72},"end":{"line":18,"column":84}},{"start":{"line":18,"column":87},"end":{"line":18,"column":89}}],"line":18},"5":{"loc":{"start":{"line":18,"column":19},"end":{"line":18,"column":69}},"type":"binary-expr","locations":[{"start":{"line":18,"column":19},"end":{"line":18,"column":39}},{"start":{"line":18,"column":43},"end":{"line":18,"column":69}}],"line":18},"6":{"loc":{"start":{"line":27,"column":6},"end":{"line":29,"column":7}},"type":"if","locations":[{"start":{"line":27,"column":6},"end":{"line":29,"column":7}},{"start":{"line":27,"column":6},"end":{"line":29,"column":7}}],"line":27},"7":{"loc":{"start":{"line":31,"column":6},"end":{"line":33,"column":7}},"type":"if","locations":[{"start":{"line":31,"column":6},"end":{"line":33,"column":7}},{"start":{"line":31,"column":6},"end":{"line":33,"column":7}}],"line":31},"8":{"loc":{"start":{"line":35,"column":6},"end":{"line":37,"column":7}},"type":"if","locations":[{"start":{"line":35,"column":6},"end":{"line":37,"column":7}},{"start":{"line":35,"column":6},"end":{"line":37,"column":7}}],"line":35},"9":{"loc":{"start":{"line":39,"column":14},"end":{"line":39,"column":33}},"type":"binary-expr","locations":[{"start":{"line":39,"column":14},"end":{"line":39,"column":27}},{"start":{"line":39,"column":31},"end":{"line":39,"column":33}}],"line":39},"10":{"loc":{"start":{"line":40,"column":13},"end":{"line":40,"column":30}},"type":"binary-expr","locations":[{"start":{"line":40,"column":13},"end":{"line":40,"column":25}},{"start":{"line":40,"column":29},"end":{"line":40,"column":30}}],"line":40},"11":{"loc":{"start":{"line":54,"column":19},"end":{"line":54,"column":89}},"type":"cond-expr","locations":[{"start":{"line":54,"column":72},"end":{"line":54,"column":84}},{"start":{"line":54,"column":87},"end":{"line":54,"column":89}}],"line":54},"12":{"loc":{"start":{"line":54,"column":19},"end":{"line":54,"column":69}},"type":"binary-expr","locations":[{"start":{"line":54,"column":19},"end":{"line":54,"column":39}},{"start":{"line":54,"column":43},"end":{"line":54,"column":69}}],"line":54},"13":{"loc":{"start":{"line":59,"column":6},"end":{"line":61,"column":7}},"type":"if","locations":[{"start":{"line":59,"column":6},"end":{"line":61,"column":7}},{"start":{"line":59,"column":6},"end":{"line":61,"column":7}}],"line":59},"14":{"loc":{"start":{"line":63,"column":6},"end":{"line":65,"column":7}},"type":"if","locations":[{"start":{"line":63,"column":6},"end":{"line":65,"column":7}},{"start":{"line":63,"column":6},"end":{"line":65,"column":7}}],"line":63},"15":{"loc":{"start":{"line":75,"column":6},"end":{"line":77,"column":7}},"type":"if","locations":[{"start":{"line":75,"column":6},"end":{"line":77,"column":7}},{"start":{"line":75,"column":6},"end":{"line":77,"column":7}}],"line":75},"16":{"loc":{"start":{"line":79,"column":6},"end":{"line":81,"column":7}},"type":"if","locations":[{"start":{"line":79,"column":6},"end":{"line":81,"column":7}},{"start":{"line":79,"column":6},"end":{"line":81,"column":7}}],"line":79},"17":{"loc":{"start":{"line":93,"column":6},"end":{"line":98,"column":7}},"type":"if","locations":[{"start":{"line":93,"column":6},"end":{"line":98,"column":7}},{"start":{"line":93,"column":6},"end":{"line":98,"column":7}}],"line":93},"18":{"loc":{"start":{"line":93,"column":10},"end":{"line":93,"column":53}},"type":"binary-expr","locations":[{"start":{"line":93,"column":10},"end":{"line":93,"column":40}},{"start":{"line":93,"column":44},"end":{"line":93,"column":53}}],"line":93},"19":{"loc":{"start":{"line":96,"column":13},"end":{"line":98,"column":7}},"type":"if","locations":[{"start":{"line":96,"column":13},"end":{"line":98,"column":7}},{"start":{"line":96,"column":13},"end":{"line":98,"column":7}}],"line":96},"20":{"loc":{"start":{"line":122,"column":19},"end":{"line":122,"column":89}},"type":"cond-expr","locations":[{"start":{"line":122,"column":72},"end":{"line":122,"column":84}},{"start":{"line":122,"column":87},"end":{"line":122,"column":89}}],"line":122},"21":{"loc":{"start":{"line":122,"column":19},"end":{"line":122,"column":69}},"type":"binary-expr","locations":[{"start":{"line":122,"column":19},"end":{"line":122,"column":39}},{"start":{"line":122,"column":43},"end":{"line":122,"column":69}}],"line":122},"22":{"loc":{"start":{"line":125,"column":6},"end":{"line":127,"column":7}},"type":"if","locations":[{"start":{"line":125,"column":6},"end":{"line":127,"column":7}},{"start":{"line":125,"column":6},"end":{"line":127,"column":7}}],"line":125},"23":{"loc":{"start":{"line":135,"column":19},"end":{"line":135,"column":89}},"type":"cond-expr","locations":[{"start":{"line":135,"column":72},"end":{"line":135,"column":84}},{"start":{"line":135,"column":87},"end":{"line":135,"column":89}}],"line":135},"24":{"loc":{"start":{"line":135,"column":19},"end":{"line":135,"column":69}},"type":"binary-expr","locations":[{"start":{"line":135,"column":19},"end":{"line":135,"column":39}},{"start":{"line":135,"column":43},"end":{"line":135,"column":69}}],"line":135},"25":{"loc":{"start":{"line":138,"column":6},"end":{"line":140,"column":7}},"type":"if","locations":[{"start":{"line":138,"column":6},"end":{"line":140,"column":7}},{"start":{"line":138,"column":6},"end":{"line":140,"column":7}}],"line":138},"26":{"loc":{"start":{"line":147,"column":19},"end":{"line":147,"column":89}},"type":"cond-expr","locations":[{"start":{"line":147,"column":72},"end":{"line":147,"column":84}},{"start":{"line":147,"column":87},"end":{"line":147,"column":89}}],"line":147},"27":{"loc":{"start":{"line":147,"column":19},"end":{"line":147,"column":69}},"type":"binary-expr","locations":[{"start":{"line":147,"column":19},"end":{"line":147,"column":39}},{"start":{"line":147,"column":43},"end":{"line":147,"column":69}}],"line":147},"28":{"loc":{"start":{"line":180,"column":6},"end":{"line":182,"column":7}},"type":"if","locations":[{"start":{"line":180,"column":6},"end":{"line":182,"column":7}},{"start":{"line":180,"column":6},"end":{"line":182,"column":7}}],"line":180},"29":{"loc":{"start":{"line":184,"column":6},"end":{"line":186,"column":7}},"type":"if","locations":[{"start":{"line":184,"column":6},"end":{"line":186,"column":7}},{"start":{"line":184,"column":6},"end":{"line":186,"column":7}}],"line":184},"30":{"loc":{"start":{"line":203,"column":6},"end":{"line":205,"column":7}},"type":"if","locations":[{"start":{"line":203,"column":6},"end":{"line":205,"column":7}},{"start":{"line":203,"column":6},"end":{"line":205,"column":7}}],"line":203},"31":{"loc":{"start":{"line":212,"column":19},"end":{"line":212,"column":89}},"type":"cond-expr","locations":[{"start":{"line":212,"column":72},"end":{"line":212,"column":84}},{"start":{"line":212,"column":87},"end":{"line":212,"column":89}}],"line":212},"32":{"loc":{"start":{"line":212,"column":19},"end":{"line":212,"column":69}},"type":"binary-expr","locations":[{"start":{"line":212,"column":19},"end":{"line":212,"column":39}},{"start":{"line":212,"column":43},"end":{"line":212,"column":69}}],"line":212},"33":{"loc":{"start":{"line":215,"column":6},"end":{"line":217,"column":7}},"type":"if","locations":[{"start":{"line":215,"column":6},"end":{"line":217,"column":7}},{"start":{"line":215,"column":6},"end":{"line":217,"column":7}}],"line":215},"34":{"loc":{"start":{"line":225,"column":6},"end":{"line":228,"column":7}},"type":"if","locations":[{"start":{"line":225,"column":6},"end":{"line":228,"column":7}},{"start":{"line":225,"column":6},"end":{"line":228,"column":7}}],"line":225},"35":{"loc":{"start":{"line":236,"column":6},"end":{"line":239,"column":7}},"type":"if","locations":[{"start":{"line":236,"column":6},"end":{"line":239,"column":7}},{"start":{"line":236,"column":6},"end":{"line":239,"column":7}}],"line":236},"36":{"loc":{"start":{"line":262,"column":6},"end":{"line":265,"column":7}},"type":"if","locations":[{"start":{"line":262,"column":6},"end":{"line":265,"column":7}},{"start":{"line":262,"column":6},"end":{"line":265,"column":7}}],"line":262},"37":{"loc":{"start":{"line":282,"column":6},"end":{"line":285,"column":7}},"type":"if","locations":[{"start":{"line":282,"column":6},"end":{"line":285,"column":7}},{"start":{"line":282,"column":6},"end":{"line":285,"column":7}}],"line":282},"38":{"loc":{"start":{"line":292,"column":19},"end":{"line":292,"column":89}},"type":"cond-expr","locations":[{"start":{"line":292,"column":72},"end":{"line":292,"column":84}},{"start":{"line":292,"column":87},"end":{"line":292,"column":89}}],"line":292},"39":{"loc":{"start":{"line":292,"column":19},"end":{"line":292,"column":69}},"type":"binary-expr","locations":[{"start":{"line":292,"column":19},"end":{"line":292,"column":39}},{"start":{"line":292,"column":43},"end":{"line":292,"column":69}}],"line":292},"40":{"loc":{"start":{"line":306,"column":6},"end":{"line":309,"column":7}},"type":"if","locations":[{"start":{"line":306,"column":6},"end":{"line":309,"column":7}},{"start":{"line":306,"column":6},"end":{"line":309,"column":7}}],"line":306},"41":{"loc":{"start":{"line":327,"column":6},"end":{"line":330,"column":7}},"type":"if","locations":[{"start":{"line":327,"column":6},"end":{"line":330,"column":7}},{"start":{"line":327,"column":6},"end":{"line":330,"column":7}}],"line":327},"42":{"loc":{"start":{"line":337,"column":19},"end":{"line":337,"column":89}},"type":"cond-expr","locations":[{"start":{"line":337,"column":72},"end":{"line":337,"column":84}},{"start":{"line":337,"column":87},"end":{"line":337,"column":89}}],"line":337},"43":{"loc":{"start":{"line":337,"column":19},"end":{"line":337,"column":69}},"type":"binary-expr","locations":[{"start":{"line":337,"column":19},"end":{"line":337,"column":39}},{"start":{"line":337,"column":43},"end":{"line":337,"column":69}}],"line":337},"44":{"loc":{"start":{"line":360,"column":19},"end":{"line":360,"column":89}},"type":"cond-expr","locations":[{"start":{"line":360,"column":72},"end":{"line":360,"column":84}},{"start":{"line":360,"column":87},"end":{"line":360,"column":89}}],"line":360},"45":{"loc":{"start":{"line":360,"column":19},"end":{"line":360,"column":69}},"type":"binary-expr","locations":[{"start":{"line":360,"column":19},"end":{"line":360,"column":39}},{"start":{"line":360,"column":43},"end":{"line":360,"column":69}}],"line":360}},"s":{"0":1,"1":0,"2":0,"3":0,"4":0,"5":0,"6":0,"7":0,"8":1,"9":1,"10":7,"11":0,"12":7,"13":0,"14":7,"15":1,"16":1,"17":1,"18":1,"19":1,"20":1,"21":1,"22":3,"23":2,"24":2,"25":2,"26":2,"27":2,"28":2,"29":2,"30":2,"31":1,"32":2,"33":1,"34":2,"35":0,"36":2,"37":2,"38":2,"39":3,"40":3,"41":3,"42":3,"43":2,"44":1,"45":0,"46":1,"47":3,"48":1,"49":2,"50":1,"51":1,"52":1,"53":0,"54":0,"55":1,"56":1,"57":1,"58":1,"59":1,"60":1,"61":1,"62":1,"63":1,"64":1,"65":1,"66":0,"67":1,"68":2,"69":2,"70":2,"71":1,"72":1,"73":4,"74":4,"75":4,"76":4,"77":4,"78":4,"79":4,"80":4,"81":1,"82":0,"83":1,"84":0,"85":1,"86":1,"87":0,"88":1,"89":3,"90":3,"91":3,"92":1,"93":2,"94":5,"95":1,"96":4,"97":5,"98":1,"99":4,"100":1,"101":5,"102":1,"103":4,"104":1,"105":0,"106":1,"107":1,"108":1,"109":1,"110":0,"111":1,"112":1,"113":0,"114":1,"115":0,"116":0,"117":0,"118":0,"119":0,"120":0,"121":0,"122":0,"123":0,"124":0,"125":0,"126":0,"127":0,"128":0},"f":{"0":0,"1":1,"2":3,"3":2,"4":3,"5":3,"6":1,"7":1,"8":1,"9":2,"10":4,"11":1,"12":1,"13":3,"14":5,"15":5,"16":1,"17":5,"18":1,"19":1,"20":1,"21":0,"22":0,"23":0},"b":{"0":[1,0],"1":[0,0],"2":[0,7],"3":[0,7],"4":[1,1],"5":[2,1],"6":[1,1],"7":[1,1],"8":[0,2],"9":[2,1],"10":[2,1],"11":[0,3],"12":[3,0],"13":[2,1],"14":[0,1],"15":[1,2],"16":[1,1],"17":[0,1],"18":[1,0],"19":[1,0],"20":[1,0],"21":[1,1],"22":[0,1],"23":[1,1],"24":[2,1],"25":[1,1],"26":[4,0],"27":[4,4],"28":[0,1],"29":[0,1],"30":[0,1],"31":[2,1],"32":[3,2],"33":[1,2],"34":[1,4],"35":[1,4],"36":[1,4],"37":[0,1],"38":[1,0],"39":[1,1],"40":[0,1],"41":[0,1],"42":[0,0],"43":[0,0],"44":[0,0],"45":[0,0]},"_coverageSchema":"1a1c01bbd47fc00a2c39e90264f33305004495a9","hash":"f6be1181e69006430c0a53946194cb313cfc8e5e","contentHash":"6a67c448824a8db86bf0a5518313ba6c95fe2726ae541e9334b84507341c3943"},"D:\\Websites\\razorpay-node\\dist\\resources\\refunds.js":{"path":"D:\\Websites\\razorpay-node\\dist\\resources\\refunds.js","statementMap":{"0":{"start":{"line":3,"column":15},"end":{"line":3,"column":49}},"1":{"start":{"line":4,"column":20},"end":{"line":4,"column":42}},"2":{"start":{"line":5,"column":21},"end":{"line":5,"column":44}},"3":{"start":{"line":7,"column":0},"end":{"line":75,"column":2}},"4":{"start":{"line":8,"column":2},"end":{"line":74,"column":4}},"5":{"start":{"line":10,"column":19},"end":{"line":10,"column":89}},"6":{"start":{"line":11,"column":21},"end":{"line":11,"column":33}},"7":{"start":{"line":12,"column":17},"end":{"line":12,"column":28}},"8":{"start":{"line":13,"column":15},"end":{"line":13,"column":24}},"9":{"start":{"line":14,"column":18},"end":{"line":14,"column":30}},"10":{"start":{"line":15,"column":17},"end":{"line":15,"column":28}},"11":{"start":{"line":16,"column":23},"end":{"line":16,"column":40}},"12":{"start":{"line":18,"column":16},"end":{"line":18,"column":26}},"13":{"start":{"line":20,"column":6},"end":{"line":22,"column":7}},"14":{"start":{"line":21,"column":8},"end":{"line":21,"column":53}},"15":{"start":{"line":24,"column":6},"end":{"line":26,"column":7}},"16":{"start":{"line":25,"column":8},"end":{"line":25,"column":35}},"17":{"start":{"line":28,"column":6},"end":{"line":30,"column":7}},"18":{"start":{"line":29,"column":8},"end":{"line":29,"column":31}},"19":{"start":{"line":32,"column":6},"end":{"line":32,"column":34}},"20":{"start":{"line":33,"column":6},"end":{"line":33,"column":31}},"21":{"start":{"line":35,"column":6},"end":{"line":43,"column":19}},"22":{"start":{"line":46,"column":6},"end":{"line":48,"column":7}},"23":{"start":{"line":47,"column":8},"end":{"line":47,"column":50}},"24":{"start":{"line":50,"column":6},"end":{"line":53,"column":19}},"25":{"start":{"line":56,"column":19},"end":{"line":56,"column":89}},"26":{"start":{"line":57,"column":21},"end":{"line":57,"column":33}},"27":{"start":{"line":58,"column":23},"end":{"line":58,"column":40}},"28":{"start":{"line":60,"column":6},"end":{"line":62,"column":7}},"29":{"start":{"line":61,"column":8},"end":{"line":61,"column":52}},"30":{"start":{"line":64,"column":16},"end":{"line":64,"column":38}},"31":{"start":{"line":66,"column":6},"end":{"line":68,"column":7}},"32":{"start":{"line":67,"column":8},"end":{"line":67,"column":46}},"33":{"start":{"line":70,"column":6},"end":{"line":72,"column":19}}},"fnMap":{"0":{"name":"(anonymous_0)","decl":{"start":{"line":7,"column":17},"end":{"line":7,"column":18}},"loc":{"start":{"line":7,"column":32},"end":{"line":75,"column":1}},"line":7},"1":{"name":"all","decl":{"start":{"line":9,"column":18},"end":{"line":9,"column":21}},"loc":{"start":{"line":9,"column":24},"end":{"line":44,"column":5}},"line":9},"2":{"name":"edit","decl":{"start":{"line":45,"column":19},"end":{"line":45,"column":23}},"loc":{"start":{"line":45,"column":52},"end":{"line":54,"column":5}},"line":45},"3":{"name":"fetch","decl":{"start":{"line":55,"column":20},"end":{"line":55,"column":25}},"loc":{"start":{"line":55,"column":36},"end":{"line":73,"column":5}},"line":55}},"branchMap":{"0":{"loc":{"start":{"line":10,"column":19},"end":{"line":10,"column":89}},"type":"cond-expr","locations":[{"start":{"line":10,"column":72},"end":{"line":10,"column":84}},{"start":{"line":10,"column":87},"end":{"line":10,"column":89}}],"line":10},"1":{"loc":{"start":{"line":10,"column":19},"end":{"line":10,"column":69}},"type":"binary-expr","locations":[{"start":{"line":10,"column":19},"end":{"line":10,"column":39}},{"start":{"line":10,"column":43},"end":{"line":10,"column":69}}],"line":10},"2":{"loc":{"start":{"line":20,"column":6},"end":{"line":22,"column":7}},"type":"if","locations":[{"start":{"line":20,"column":6},"end":{"line":22,"column":7}},{"start":{"line":20,"column":6},"end":{"line":22,"column":7}}],"line":20},"3":{"loc":{"start":{"line":24,"column":6},"end":{"line":26,"column":7}},"type":"if","locations":[{"start":{"line":24,"column":6},"end":{"line":26,"column":7}},{"start":{"line":24,"column":6},"end":{"line":26,"column":7}}],"line":24},"4":{"loc":{"start":{"line":28,"column":6},"end":{"line":30,"column":7}},"type":"if","locations":[{"start":{"line":28,"column":6},"end":{"line":30,"column":7}},{"start":{"line":28,"column":6},"end":{"line":30,"column":7}}],"line":28},"5":{"loc":{"start":{"line":32,"column":14},"end":{"line":32,"column":33}},"type":"binary-expr","locations":[{"start":{"line":32,"column":14},"end":{"line":32,"column":27}},{"start":{"line":32,"column":31},"end":{"line":32,"column":33}}],"line":32},"6":{"loc":{"start":{"line":33,"column":13},"end":{"line":33,"column":30}},"type":"binary-expr","locations":[{"start":{"line":33,"column":13},"end":{"line":33,"column":25}},{"start":{"line":33,"column":29},"end":{"line":33,"column":30}}],"line":33},"7":{"loc":{"start":{"line":46,"column":6},"end":{"line":48,"column":7}},"type":"if","locations":[{"start":{"line":46,"column":6},"end":{"line":48,"column":7}},{"start":{"line":46,"column":6},"end":{"line":48,"column":7}}],"line":46},"8":{"loc":{"start":{"line":56,"column":19},"end":{"line":56,"column":89}},"type":"cond-expr","locations":[{"start":{"line":56,"column":72},"end":{"line":56,"column":84}},{"start":{"line":56,"column":87},"end":{"line":56,"column":89}}],"line":56},"9":{"loc":{"start":{"line":56,"column":19},"end":{"line":56,"column":69}},"type":"binary-expr","locations":[{"start":{"line":56,"column":19},"end":{"line":56,"column":39}},{"start":{"line":56,"column":43},"end":{"line":56,"column":69}}],"line":56},"10":{"loc":{"start":{"line":60,"column":6},"end":{"line":62,"column":7}},"type":"if","locations":[{"start":{"line":60,"column":6},"end":{"line":62,"column":7}},{"start":{"line":60,"column":6},"end":{"line":62,"column":7}}],"line":60},"11":{"loc":{"start":{"line":66,"column":6},"end":{"line":68,"column":7}},"type":"if","locations":[{"start":{"line":66,"column":6},"end":{"line":68,"column":7}},{"start":{"line":66,"column":6},"end":{"line":68,"column":7}}],"line":66}},"s":{"0":1,"1":1,"2":1,"3":1,"4":3,"5":3,"6":3,"7":3,"8":3,"9":3,"10":3,"11":3,"12":3,"13":3,"14":1,"15":3,"16":1,"17":3,"18":1,"19":3,"20":3,"21":3,"22":1,"23":0,"24":1,"25":3,"26":3,"27":3,"28":3,"29":1,"30":2,"31":2,"32":1,"33":2},"f":{"0":3,"1":3,"2":1,"3":3},"b":{"0":[2,1],"1":[3,2],"2":[1,2],"3":[1,2],"4":[1,2],"5":[3,2],"6":[3,2],"7":[0,1],"8":[1,2],"9":[3,1],"10":[1,2],"11":[1,1]},"_coverageSchema":"1a1c01bbd47fc00a2c39e90264f33305004495a9","hash":"100f472f2e430a180b4d71f59fb906cd41fe82b2","contentHash":"d6a747a559c89f6a6769b5fb5adbe1fa88f2ff74aa5723ad6afa53c1e362fa4e"},"D:\\Websites\\razorpay-node\\dist\\resources\\orders.js":{"path":"D:\\Websites\\razorpay-node\\dist\\resources\\orders.js","statementMap":{"0":{"start":{"line":3,"column":15},"end":{"line":3,"column":256}},"1":{"start":{"line":3,"column":52},"end":{"line":3,"column":239}},"2":{"start":{"line":3,"column":65},"end":{"line":3,"column":66}},"3":{"start":{"line":3,"column":110},"end":{"line":3,"column":122}},"4":{"start":{"line":3,"column":124},"end":{"line":3,"column":237}},"5":{"start":{"line":3,"column":150},"end":{"line":3,"column":235}},"6":{"start":{"line":3,"column":207},"end":{"line":3,"column":233}},"7":{"start":{"line":3,"column":240},"end":{"line":3,"column":254}},"8":{"start":{"line":5,"column":60},"end":{"line":5,"column":62}},"9":{"start":{"line":5,"column":64},"end":{"line":5,"column":203}},"10":{"start":{"line":5,"column":85},"end":{"line":5,"column":120}},"11":{"start":{"line":5,"column":111},"end":{"line":5,"column":120}},"12":{"start":{"line":5,"column":121},"end":{"line":5,"column":181}},"13":{"start":{"line":5,"column":172},"end":{"line":5,"column":181}},"14":{"start":{"line":5,"column":182},"end":{"line":5,"column":201}},"15":{"start":{"line":5,"column":204},"end":{"line":5,"column":218}},"16":{"start":{"line":7,"column":15},"end":{"line":7,"column":49}},"17":{"start":{"line":8,"column":20},"end":{"line":8,"column":42}},"18":{"start":{"line":10,"column":0},"end":{"line":113,"column":2}},"19":{"start":{"line":11,"column":2},"end":{"line":112,"column":4}},"20":{"start":{"line":13,"column":19},"end":{"line":13,"column":89}},"21":{"start":{"line":14,"column":21},"end":{"line":14,"column":33}},"22":{"start":{"line":15,"column":17},"end":{"line":15,"column":28}},"23":{"start":{"line":16,"column":15},"end":{"line":16,"column":24}},"24":{"start":{"line":17,"column":18},"end":{"line":17,"column":30}},"25":{"start":{"line":18,"column":17},"end":{"line":18,"column":28}},"26":{"start":{"line":19,"column":23},"end":{"line":19,"column":40}},"27":{"start":{"line":20,"column":20},"end":{"line":20,"column":34}},"28":{"start":{"line":22,"column":19},"end":{"line":22,"column":25}},"29":{"start":{"line":24,"column":6},"end":{"line":26,"column":7}},"30":{"start":{"line":25,"column":8},"end":{"line":25,"column":35}},"31":{"start":{"line":28,"column":6},"end":{"line":30,"column":7}},"32":{"start":{"line":29,"column":8},"end":{"line":29,"column":31}},"33":{"start":{"line":32,"column":6},"end":{"line":34,"column":7}},"34":{"start":{"line":33,"column":8},"end":{"line":33,"column":52}},"35":{"start":{"line":36,"column":6},"end":{"line":36,"column":34}},"36":{"start":{"line":37,"column":6},"end":{"line":37,"column":31}},"37":{"start":{"line":38,"column":6},"end":{"line":38,"column":30}},"38":{"start":{"line":40,"column":6},"end":{"line":51,"column":19}},"39":{"start":{"line":54,"column":6},"end":{"line":56,"column":7}},"40":{"start":{"line":55,"column":8},"end":{"line":55,"column":51}},"41":{"start":{"line":58,"column":6},"end":{"line":60,"column":19}},"42":{"start":{"line":63,"column":19},"end":{"line":63,"column":89}},"43":{"start":{"line":64,"column":21},"end":{"line":64,"column":33}},"44":{"start":{"line":66,"column":21},"end":{"line":66,"column":36}},"45":{"start":{"line":67,"column":24},"end":{"line":67,"column":70}},"46":{"start":{"line":69,"column":6},"end":{"line":69,"column":35}},"47":{"start":{"line":71,"column":17},"end":{"line":73,"column":22}},"48":{"start":{"line":75,"column":6},"end":{"line":78,"column":19}},"49":{"start":{"line":81,"column":19},"end":{"line":81,"column":89}},"50":{"start":{"line":82,"column":21},"end":{"line":82,"column":33}},"51":{"start":{"line":85,"column":6},"end":{"line":87,"column":7}},"52":{"start":{"line":86,"column":8},"end":{"line":86,"column":51}},"53":{"start":{"line":89,"column":6},"end":{"line":92,"column":19}},"54":{"start":{"line":95,"column":6},"end":{"line":97,"column":7}},"55":{"start":{"line":96,"column":8},"end":{"line":96,"column":51}},"56":{"start":{"line":99,"column":6},"end":{"line":101,"column":19}},"57":{"start":{"line":104,"column":6},"end":{"line":106,"column":7}},"58":{"start":{"line":105,"column":8},"end":{"line":105,"column":51}},"59":{"start":{"line":108,"column":6},"end":{"line":110,"column":19}}},"fnMap":{"0":{"name":"(anonymous_0)","decl":{"start":{"line":3,"column":32},"end":{"line":3,"column":33}},"loc":{"start":{"line":3,"column":50},"end":{"line":3,"column":256}},"line":3},"1":{"name":"_objectWithoutProperties","decl":{"start":{"line":5,"column":9},"end":{"line":5,"column":33}},"loc":{"start":{"line":5,"column":45},"end":{"line":5,"column":220}},"line":5},"2":{"name":"(anonymous_2)","decl":{"start":{"line":10,"column":17},"end":{"line":10,"column":18}},"loc":{"start":{"line":10,"column":32},"end":{"line":113,"column":1}},"line":10},"3":{"name":"all","decl":{"start":{"line":12,"column":18},"end":{"line":12,"column":21}},"loc":{"start":{"line":12,"column":24},"end":{"line":52,"column":5}},"line":12},"4":{"name":"fetch","decl":{"start":{"line":53,"column":20},"end":{"line":53,"column":25}},"loc":{"start":{"line":53,"column":45},"end":{"line":61,"column":5}},"line":53},"5":{"name":"create","decl":{"start":{"line":62,"column":21},"end":{"line":62,"column":27}},"loc":{"start":{"line":62,"column":30},"end":{"line":79,"column":5}},"line":62},"6":{"name":"edit","decl":{"start":{"line":80,"column":19},"end":{"line":80,"column":23}},"loc":{"start":{"line":80,"column":33},"end":{"line":93,"column":5}},"line":80},"7":{"name":"fetchPayments","decl":{"start":{"line":94,"column":28},"end":{"line":94,"column":41}},"loc":{"start":{"line":94,"column":61},"end":{"line":102,"column":5}},"line":94},"8":{"name":"fetchTransferOrder","decl":{"start":{"line":103,"column":33},"end":{"line":103,"column":51}},"loc":{"start":{"line":103,"column":71},"end":{"line":111,"column":5}},"line":103}},"branchMap":{"0":{"loc":{"start":{"line":3,"column":15},"end":{"line":3,"column":256}},"type":"binary-expr","locations":[{"start":{"line":3,"column":15},"end":{"line":3,"column":28}},{"start":{"line":3,"column":32},"end":{"line":3,"column":256}}],"line":3},"1":{"loc":{"start":{"line":3,"column":150},"end":{"line":3,"column":235}},"type":"if","locations":[{"start":{"line":3,"column":150},"end":{"line":3,"column":235}},{"start":{"line":3,"column":150},"end":{"line":3,"column":235}}],"line":3},"2":{"loc":{"start":{"line":5,"column":85},"end":{"line":5,"column":120}},"type":"if","locations":[{"start":{"line":5,"column":85},"end":{"line":5,"column":120}},{"start":{"line":5,"column":85},"end":{"line":5,"column":120}}],"line":5},"3":{"loc":{"start":{"line":5,"column":121},"end":{"line":5,"column":181}},"type":"if","locations":[{"start":{"line":5,"column":121},"end":{"line":5,"column":181}},{"start":{"line":5,"column":121},"end":{"line":5,"column":181}}],"line":5},"4":{"loc":{"start":{"line":13,"column":19},"end":{"line":13,"column":89}},"type":"cond-expr","locations":[{"start":{"line":13,"column":72},"end":{"line":13,"column":84}},{"start":{"line":13,"column":87},"end":{"line":13,"column":89}}],"line":13},"5":{"loc":{"start":{"line":13,"column":19},"end":{"line":13,"column":69}},"type":"binary-expr","locations":[{"start":{"line":13,"column":19},"end":{"line":13,"column":39}},{"start":{"line":13,"column":43},"end":{"line":13,"column":69}}],"line":13},"6":{"loc":{"start":{"line":24,"column":6},"end":{"line":26,"column":7}},"type":"if","locations":[{"start":{"line":24,"column":6},"end":{"line":26,"column":7}},{"start":{"line":24,"column":6},"end":{"line":26,"column":7}}],"line":24},"7":{"loc":{"start":{"line":28,"column":6},"end":{"line":30,"column":7}},"type":"if","locations":[{"start":{"line":28,"column":6},"end":{"line":30,"column":7}},{"start":{"line":28,"column":6},"end":{"line":30,"column":7}}],"line":28},"8":{"loc":{"start":{"line":32,"column":6},"end":{"line":34,"column":7}},"type":"if","locations":[{"start":{"line":32,"column":6},"end":{"line":34,"column":7}},{"start":{"line":32,"column":6},"end":{"line":34,"column":7}}],"line":32},"9":{"loc":{"start":{"line":36,"column":14},"end":{"line":36,"column":33}},"type":"binary-expr","locations":[{"start":{"line":36,"column":14},"end":{"line":36,"column":27}},{"start":{"line":36,"column":31},"end":{"line":36,"column":33}}],"line":36},"10":{"loc":{"start":{"line":37,"column":13},"end":{"line":37,"column":30}},"type":"binary-expr","locations":[{"start":{"line":37,"column":13},"end":{"line":37,"column":25}},{"start":{"line":37,"column":29},"end":{"line":37,"column":30}}],"line":37},"11":{"loc":{"start":{"line":54,"column":6},"end":{"line":56,"column":7}},"type":"if","locations":[{"start":{"line":54,"column":6},"end":{"line":56,"column":7}},{"start":{"line":54,"column":6},"end":{"line":56,"column":7}}],"line":54},"12":{"loc":{"start":{"line":63,"column":19},"end":{"line":63,"column":89}},"type":"cond-expr","locations":[{"start":{"line":63,"column":72},"end":{"line":63,"column":84}},{"start":{"line":63,"column":87},"end":{"line":63,"column":89}}],"line":63},"13":{"loc":{"start":{"line":63,"column":19},"end":{"line":63,"column":69}},"type":"binary-expr","locations":[{"start":{"line":63,"column":19},"end":{"line":63,"column":39}},{"start":{"line":63,"column":43},"end":{"line":63,"column":69}}],"line":63},"14":{"loc":{"start":{"line":69,"column":17},"end":{"line":69,"column":34}},"type":"binary-expr","locations":[{"start":{"line":69,"column":17},"end":{"line":69,"column":25}},{"start":{"line":69,"column":29},"end":{"line":69,"column":34}}],"line":69},"15":{"loc":{"start":{"line":81,"column":19},"end":{"line":81,"column":89}},"type":"cond-expr","locations":[{"start":{"line":81,"column":72},"end":{"line":81,"column":84}},{"start":{"line":81,"column":87},"end":{"line":81,"column":89}}],"line":81},"16":{"loc":{"start":{"line":81,"column":19},"end":{"line":81,"column":69}},"type":"binary-expr","locations":[{"start":{"line":81,"column":19},"end":{"line":81,"column":39}},{"start":{"line":81,"column":43},"end":{"line":81,"column":69}}],"line":81},"17":{"loc":{"start":{"line":85,"column":6},"end":{"line":87,"column":7}},"type":"if","locations":[{"start":{"line":85,"column":6},"end":{"line":87,"column":7}},{"start":{"line":85,"column":6},"end":{"line":87,"column":7}}],"line":85},"18":{"loc":{"start":{"line":95,"column":6},"end":{"line":97,"column":7}},"type":"if","locations":[{"start":{"line":95,"column":6},"end":{"line":97,"column":7}},{"start":{"line":95,"column":6},"end":{"line":97,"column":7}}],"line":95},"19":{"loc":{"start":{"line":104,"column":6},"end":{"line":106,"column":7}},"type":"if","locations":[{"start":{"line":104,"column":6},"end":{"line":106,"column":7}},{"start":{"line":104,"column":6},"end":{"line":106,"column":7}}],"line":104}},"s":{"0":1,"1":0,"2":0,"3":0,"4":0,"5":0,"6":0,"7":0,"8":1,"9":1,"10":5,"11":1,"12":4,"13":0,"14":4,"15":1,"16":1,"17":1,"18":1,"19":3,"20":2,"21":2,"22":2,"23":2,"24":2,"25":2,"26":2,"27":2,"28":2,"29":2,"30":1,"31":2,"32":1,"33":2,"34":0,"35":2,"36":2,"37":2,"38":2,"39":2,"40":1,"41":1,"42":1,"43":1,"44":1,"45":1,"46":1,"47":1,"48":1,"49":1,"50":1,"51":1,"52":0,"53":1,"54":2,"55":1,"56":1,"57":0,"58":0,"59":0},"f":{"0":0,"1":1,"2":3,"3":2,"4":2,"5":1,"6":1,"7":2,"8":0},"b":{"0":[1,0],"1":[0,0],"2":[1,4]
[...]
0":{"start":{"line":3,"column":15},"end":{"line":3,"column":256}},"1":{"start":{"line":3,"column":52},"end":{"line":3,"column":239}},"2":{"start":{"line":3,"column":65},"end":{"line":3,"column":66}},"3":{"start":{"line":3,"column":110},"end":{"line":3,"column":122}},"4":{"start":{"line":3,"column":124},"end":{"line":3,"column":237}},"5":{"start":{"line":3,"column":150},"end":{"line":3,"column":235}},"6":{"start":{"line":3,"column":207},"end":{"line":3,"column":233}},"7":{"start":{"line":3,"column":240},"end":{"line":3,"column":254}},"8":{"start":{"line":5,"column":15},"end":{"line":5,"column":49}},"9":{"start":{"line":6,"column":20},"end":{"line":6,"column":42}},"10":{"start":{"line":8,"column":0},"end":{"line":90,"column":2}},"11":{"start":{"line":10,"column":19},"end":{"line":10,"column":30}},"12":{"start":{"line":12,"column":4},"end":{"line":89,"column":6}},"13":{"start":{"line":15,"column":26},"end":{"line":15,"column":60}},"14":{"start":{"line":17,"column":12},"end":{"line":23,"column":13}},"15":{"start":{"line":18,"column":16},"end":{"line":22,"column":18}},"16":{"start":{"line":24,"column":12},"end":{"line":24,"column":47}},"17":{"start":{"line":28,"column":12},"end":{"line":34,"column":13}},"18":{"start":{"line":29,"column":16},"end":{"line":33,"column":29}},"19":{"start":{"line":36,"column":12},"end":{"line":39,"column":25}},"20":{"start":{"line":42,"column":25},"end":{"line":42,"column":95}},"21":{"start":{"line":43,"column":28},"end":{"line":43,"column":40}},"22":{"start":{"line":44,"column":27},"end":{"line":44,"column":39}},"23":{"start":{"line":45,"column":23},"end":{"line":45,"column":34}},"24":{"start":{"line":46,"column":21},"end":{"line":46,"column":30}},"25":{"start":{"line":47,"column":24},"end":{"line":47,"column":36}},"26":{"start":{"line":48,"column":23},"end":{"line":48,"column":34}},"27":{"start":{"line":51,"column":12},"end":{"line":53,"column":13}},"28":{"start":{"line":52,"column":16},"end":{"line":52,"column":43}},"29":{"start":{"line":55,"column":12},"end":{"line":57,"column":13}},"30":{"start":{"line":56,"column":16},"end":{"line":56,"column":39}},"31":{"start":{"line":59,"column":12},"end":{"line":59,"column":40}},"32":{"start":{"line":60,"column":12},"end":{"line":60,"column":37}},"33":{"start":{"line":62,"column":23},"end":{"line":62,"column":93}},"34":{"start":{"line":64,"column":12},"end":{"line":70,"column":13}},"35":{"start":{"line":65,"column":16},"end":{"line":69,"column":29}},"36":{"start":{"line":72,"column":12},"end":{"line":75,"column":25}},"37":{"start":{"line":78,"column":12},"end":{"line":81,"column":25}},"38":{"start":{"line":84,"column":12},"end":{"line":87,"column":25}}},"fnMap":{"0":{"name":"(anonymous_0)","decl":{"start":{"line":3,"column":32},"end":{"line":3,"column":33}},"loc":{"start":{"line":3,"column":50},"end":{"line":3,"column":256}},"line":3},"1":{"name":"(anonymous_1)","decl":{"start":{"line":8,"column":17},"end":{"line":8,"column":18}},"loc":{"start":{"line":8,"column":32},"end":{"line":90,"column":1}},"line":8},"2":{"name":"create","decl":{"start":{"line":13,"column":25},"end":{"line":13,"column":31}},"loc":{"start":{"line":13,"column":61},"end":{"line":25,"column":9}},"line":13},"3":{"name":"edit","decl":{"start":{"line":26,"column":23},"end":{"line":26,"column":27}},"loc":{"start":{"line":26,"column":68},"end":{"line":40,"column":9}},"line":26},"4":{"name":"all","decl":{"start":{"line":41,"column":22},"end":{"line":41,"column":25}},"loc":{"start":{"line":41,"column":28},"end":{"line":76,"column":9}},"line":41},"5":{"name":"fetch","decl":{"start":{"line":77,"column":24},"end":{"line":77,"column":29}},"loc":{"start":{"line":77,"column":62},"end":{"line":82,"column":9}},"line":77},"6":{"name":"_delete","decl":{"start":{"line":83,"column":25},"end":{"line":83,"column":32}},"loc":{"start":{"line":83,"column":65},"end":{"line":88,"column":9}},"line":83}},"branchMap":{"0":{"loc":{"start":{"line":3,"column":15},"end":{"line":3,"column":256}},"type":"binary-expr","locations":[{"start":{"line":3,"column":15},"end":{"line":3,"column":28}},{"start":{"line":3,"column":32},"end":{"line":3,"column":256}}],"line":3},"1":{"loc":{"start":{"line":3,"column":150},"end":{"line":3,"column":235}},"type":"if","locations":[{"start":{"line":3,"column":150},"end":{"line":3,"column":235}},{"start":{"line":3,"column":150},"end":{"line":3,"column":235}}],"line":3},"2":{"loc":{"start":{"line":17,"column":12},"end":{"line":23,"column":13}},"type":"if","locations":[{"start":{"line":17,"column":12},"end":{"line":23,"column":13}},{"start":{"line":17,"column":12},"end":{"line":23,"column":13}}],"line":17},"3":{"loc":{"start":{"line":28,"column":12},"end":{"line":34,"column":13}},"type":"if","locations":[{"start":{"line":28,"column":12},"end":{"line":34,"column":13}},{"start":{"line":28,"column":12},"end":{"line":34,"column":13}}],"line":28},"4":{"loc":{"start":{"line":28,"column":16},"end":{"line":28,"column":38}},"type":"binary-expr","locations":[{"start":{"line":28,"column":16},"end":{"line":28,"column":25}},{"start":{"line":28,"column":29},"end":{"line":28,"column":38}}],"line":28},"5":{"loc":{"start":{"line":42,"column":25},"end":{"line":42,"column":95}},"type":"cond-expr","locations":[{"start":{"line":42,"column":78},"end":{"line":42,"column":90}},{"start":{"line":42,"column":93},"end":{"line":42,"column":95}}],"line":42},"6":{"loc":{"start":{"line":42,"column":25},"end":{"line":42,"column":75}},"type":"binary-expr","locations":[{"start":{"line":42,"column":25},"end":{"line":42,"column":45}},{"start":{"line":42,"column":49},"end":{"line":42,"column":75}}],"line":42},"7":{"loc":{"start":{"line":51,"column":12},"end":{"line":53,"column":13}},"type":"if","locations":[{"start":{"line":51,"column":12},"end":{"line":53,"column":13}},{"start":{"line":51,"column":12},"end":{"line":53,"column":13}}],"line":51},"8":{"loc":{"start":{"line":55,"column":12},"end":{"line":57,"column":13}},"type":"if","locations":[{"start":{"line":55,"column":12},"end":{"line":57,"column":13}},{"start":{"line":55,"column":12},"end":{"line":57,"column":13}}],"line":55},"9":{"loc":{"start":{"line":59,"column":20},"end":{"line":59,"column":39}},"type":"binary-expr","locations":[{"start":{"line":59,"column":20},"end":{"line":59,"column":33}},{"start":{"line":59,"column":37},"end":{"line":59,"column":39}}],"line":59},"10":{"loc":{"start":{"line":60,"column":19},"end":{"line":60,"column":36}},"type":"binary-expr","locations":[{"start":{"line":60,"column":19},"end":{"line":60,"column":31}},{"start":{"line":60,"column":35},"end":{"line":60,"column":36}}],"line":60},"11":{"loc":{"start":{"line":64,"column":12},"end":{"line":70,"column":13}},"type":"if","locations":[{"start":{"line":64,"column":12},"end":{"line":70,"column":13}},{"start":{"line":64,"column":12},"end":{"line":70,"column":13}}],"line":64}},"s":{"0":1,"1":0,"2":0,"3":0,"4":0,"5":0,"6":0,"7":0,"8":1,"9":1,"10":1,"11":3,"12":3,"13":1,"14":1,"15":1,"16":1,"17":1,"18":1,"19":0,"20":0,"21":0,"22":0,"23":0,"24":0,"25":0,"26":0,"27":0,"28":0,"29":0,"30":0,"31":0,"32":0,"33":0,"34":0,"35":0,"36":0,"37":1,"38":0},"f":{"0":0,"1":3,"2":1,"3":1,"4":0,"5":1,"6":0},"b":{"0":[1,0],"1":[0,0],"2":[1,0],"3":[1,0],"4":[1,1],"5":[0,0],"6":[0,0],"7":[0,0],"8":[0,0],"9":[0,0],"10":[0,0],"11":[0,0]},"_coverageSchema":"1a1c01bbd47fc00a2c39e90264f33305004495a9","hash":"6678e8df1e6c1196017dbf9a6d2e19df2c00b380","contentHash":"a738fcfe9bf4a7edc3cbbd18633be43f2462a29801775c903e8d493bf0b66b74"},"D:\\Websites\\razorpay-node\\dist\\utils\\predefined-tests.js":{"path":"D:\\Websites\\razorpay-node\\dist\\utils\\predefined-tests.js","statementMap":{"0":{"start":{"line":3,"column":15},"end":{"line":3,"column":256}},"1":{"start":{"line":3,"column":52},"end":{"line":3,"column":239}},"2":{"start":{"line":3,"column":65},"end":{"line":3,"column":66}},"3":{"start":{"line":3,"column":110},"end":{"line":3,"column":122}},"4":{"start":{"line":3,"column":124},"end":{"line":3,"column":237}},"5":{"start":{"line":3,"column":150},"end":{"line":3,"column":235}},"6":{"start":{"line":3,"column":207},"end":{"line":3,"column":233}},"7":{"start":{"line":3,"column":240},"end":{"line":3,"column":254}},"8":{"start":{"line":5,"column":35},"end":{"line":5,"column":193}},"9":{"start":{"line":5,"column":61},"end":{"line":5,"column":145}},"10":{"start":{"line":5,"column":74},"end":{"line":5,"column":75}},"11":{"start":{"line":5,"column":84},"end":{"line":5,"column":101}},"12":{"start":{"line":5,"column":126},"end":{"line":5,"column":143}},"13":{"start":{"line":5,"column":146},"end":{"line":5,"column":158}},"14":{"start":{"line":5,"column":168},"end":{"line":5,"column":191}},"15":{"start":{"line":7,"column":13},"end":{"line":7,"column":41}},"16":{"start":{"line":8,"column":12},"end":{"line":8,"column":33}},"17":{"start":{"line":9,"column":11},"end":{"line":9,"column":26}},"18":{"start":{"line":10,"column":13},"end":{"line":10,"column":24}},"19":{"start":{"line":11,"column":15},"end":{"line":11,"column":57}},"20":{"start":{"line":12,"column":15},"end":{"line":12,"column":32}},"21":{"start":{"line":13,"column":19},"end":{"line":13,"column":40}},"22":{"start":{"line":16,"column":27},"end":{"line":51,"column":1}},"23":{"start":{"line":17,"column":15},"end":{"line":17,"column":28}},"24":{"start":{"line":18,"column":19},"end":{"line":18,"column":36}},"25":{"start":{"line":19,"column":19},"end":{"line":19,"column":36}},"26":{"start":{"line":20,"column":21},"end":{"line":20,"column":40}},"27":{"start":{"line":23,"column":2},"end":{"line":30,"column":5}},"28":{"start":{"line":25,"column":4},"end":{"line":25,"column":30}},"29":{"start":{"line":27,"column":4},"end":{"line":29,"column":9}},"30":{"start":{"line":28,"column":6},"end":{"line":28,"column":13}},"31":{"start":{"line":32,"column":2},"end":{"line":41,"column":5}},"32":{"start":{"line":34,"column":4},"end":{"line":34,"column":70}},"33":{"start":{"line":36,"column":4},"end":{"line":40,"column":9}},"34":{"start":{"line":38,"column":6},"end":{"line":38,"column":59}},"35":{"start":{"line":39,"column":6},"end":{"line":39,"column":13}},"36":{"start":{"line":43,"column":2},"end":{"line":50,"column":5}},"37":{"start":{"line":45,"column":4},"end":{"line":45,"column":30}},"38":{"start":{"line":47,"column":17},"end":{"line":47,"column":81}},"39":{"start":{"line":49,"column":4},"end":{"line":49,"column":129}},"40":{"start":{"line":53,"column":22},"end":{"line":79,"column":1}},"41":{"start":{"line":54,"column":15},"end":{"line":54,"column":28}},"42":{"start":{"line":55,"column":19},"end":{"line":55,"column":36}},"43":{"start":{"line":56,"column":19},"end":{"line":56,"column":36}},"44":{"start":{"line":57,"column":20},"end":{"line":57,"column":38}},"45":{"start":{"line":58,"column":21},"end":{"line":58,"column":40}},"46":{"start":{"line":61,"column":2},"end":{"line":78,"column":5}},"47":{"start":{"line":63,"column":4},"end":{"line":63,"column":30}},"48":{"start":{"line":65,"column":4},"end":{"line":77,"column":9}},"49":{"start":{"line":67,"column":21},"end":{"line":67,"column":44}},"50":{"start":{"line":69,"column":6},"end":{"line":76,"column":7}},"51":{"start":{"line":71,"column":8},"end":{"line":71,"column":39}},"52":{"start":{"line":72,"column":8},"end":{"line":72,"column":15}},"53":{"start":{"line":75,"column":8},"end":{"line":75,"column":70}},"54":{"start":{"line":81,"column":25},"end":{"line":116,"column":1}},"55":{"start":{"line":82,"column":15},"end":{"line":82,"column":28}},"56":{"start":{"line":83,"column":19},"end":{"line":83,"column":36}},"57":{"start":{"line":84,"column":19},"end":{"line":84,"column":36}},"58":{"start":{"line":85,"column":23},"end":{"line":85,"column":44}},"59":{"start":{"line":86,"column":21},"end":{"line":86,"column":40}},"60":{"start":{"line":87,"column":18},"end":{"line":87,"column":34}},"61":{"start":{"line":90,"column":2},"end":{"line":90,"column":54}},"62":{"start":{"line":92,"column":2},"end":{"line":115,"column":5}},"63":{"start":{"line":94,"column":4},"end":{"line":94,"column":30}},"64":{"start":{"line":96,"column":4},"end":{"line":114,"column":7}},"65":{"start":{"line":98,"column":21},"end":{"line":98,"column":44}},"66":{"start":{"line":99,"column":23},"end":{"line":99,"column":97}},"67":{"start":{"line":101,"column":6},"end":{"line":107,"column":7}},"68":{"start":{"line":103,"column":8},"end":{"line":103,"column":42}},"69":{"start":{"line":106,"column":8},"end":{"line":106,"column":75}},"70":{"start":{"line":110,"column":6},"end":{"line":110,"column":38}},"71":{"start":{"line":113,"column":6},"end":{"line":113,"column":16}},"72":{"start":{"line":118,"column":21},"end":{"line":135,"column":1}},"73":{"start":{"line":119,"column":15},"end":{"line":119,"column":28}},"74":{"start":{"line":120,"column":19},"end":{"line":120,"column":36}},"75":{"start":{"line":121,"column":19},"end":{"line":121,"column":36}},"76":{"start":{"line":122,"column":20},"end":{"line":122,"column":38}},"77":{"start":{"line":123,"column":23},"end":{"line":123,"column":44}},"78":{"start":{"line":124,"column":21},"end":{"line":124,"column":40}},"79":{"start":{"line":127,"column":2},"end":{"line":127,"column":40}},"80":{"start":{"line":129,"column":2},"end":{"line":132,"column":3}},"81":{"start":{"line":131,"column":4},"end":{"line":131,"column":45}},"82":{"start":{"line":134,"column":2},"end":{"line":134,"column":45}},"83":{"start":{"line":137,"column":0},"end":{"line":142,"column":2}}},"fnMap":{"0":{"name":"(anonymous_0)","decl":{"start":{"line":3,"column":32},"end":{"line":3,"column":33}},"loc":{"start":{"line":3,"column":50},"end":{"line":3,"column":256}},"line":3},"1":{"name":"_toConsumableArray","decl":{"start":{"line":5,"column":9},"end":{"line":5,"column":27}},"loc":{"start":{"line":5,"column":33},"end":{"line":5,"column":195}},"line":5},"2":{"name":"runCallbackCheckTest","decl":{"start":{"line":16,"column":36},"end":{"line":16,"column":56}},"loc":{"start":{"line":16,"column":65},"end":{"line":51,"column":1}},"line":16},"3":{"name":"(anonymous_3)","decl":{"start":{"line":23,"column":54},"end":{"line":23,"column":55}},"loc":{"start":{"line":23,"column":70},"end":{"line":30,"column":3}},"line":23},"4":{"name":"(anonymous_4)","decl":{"start":{"line":27,"column":76},"end":{"line":27,"column":77}},"loc":{"start":{"line":27,"column":91},"end":{"line":29,"column":5}},"line":27},"5":{"name":"(anonymous_5)","decl":{"start":{"line":32,"column":30},"end":{"line":32,"column":31}},"loc":{"start":{"line":32,"column":46},"end":{"line":41,"column":3}},"line":32},"6":{"name":"(anonymous_6)","decl":{"start":{"line":36,"column":76},"end":{"line":36,"column":77}},"loc":{"start":{"line":36,"column":91},"end":{"line":40,"column":5}},"line":36},"7":{"name":"(anonymous_7)","decl":{"start":{"line":43,"column":49},"end":{"line":43,"column":50}},"loc":{"start":{"line":43,"column":65},"end":{"line":50,"column":3}},"line":43},"8":{"name":"runURLCheckTest","decl":{"start":{"line":53,"column":31},"end":{"line":53,"column":46}},"loc":{"start":{"line":53,"column":55},"end":{"line":79,"column":1}},"line":53},"9":{"name":"(anonymous_9)","decl":{"start":{"line":61,"column":46},"end":{"line":61,"column":47}},"loc":{"start":{"line":61,"column":62},"end":{"line":78,"column":3}},"line":61},"10":{"name":"(anonymous_10)","decl":{"start":{"line":65,"column":76},"end":{"line":65,"column":77}},"loc":{"start":{"line":65,"column":97},"end":{"line":77,"column":5}},"line":65},"11":{"name":"runParamsCheckTest","decl":{"start":{"line":81,"column":34},"end":{"line":81,"column":52}},"loc":{"start":{"line":81,"column":61},"end":{"line":116,"column":1}},"line":81},"12":{"name":"(anonymous_12)","decl":{"start":{"line":92,"column":16},"end":{"line":92,"column":17}},"loc":{"start":{"line":92,"column":32},"end":{"line":115,"column":3}},"line":92},"13":{"name":"(anonymous_13)","decl":{"start":{"line":96,"column":74},"end":{"line":96,"column":75}},"loc":{"start":{"line":96,"column":90},"end":{"line":108,"column":5}},"line":96},"14":{"name":"(anonymous_14)","decl":{"start":{"line":108,"column":7},"end":{"line":108,"column":8}},"loc":{"start":{"line":108,"column":22},"end":{"line":111,"column":5}},"line":108},"15":{"name":"(anonymous_15)","decl":{"start":{"line":111,"column":12},"end":{"line":111,"column":13}},"loc":{"start":{"line":111,"column":27},"end":{"line":114,"column":5}},"line":111},"16":{"name":"runCommonTests","decl":{"start":{"line":118,"column":30},"end":{"line":118,"column":44}},"loc":{"start":{"line":118,"column":53},"end":{"line":135,"column":1}},"line":118}},"branchMap":{"0":{"loc":{"start":{"line":3,"column":15},"end":{"line":3,"column":256}},"type":"binary-expr","locations":[{"start":{"line":3,"column":15},"end":{"line":3,"column":28}},{"start":{"line":3,"column":32},"end":{"line":3,"column":256}}],"line":3},"1":{"loc":{"start":{"line":3,"column":150},"end":{"line":3,"column":235}},"type":"if","locations":[{"start":{"line":3,"column":150},"end":{"line":3,"column":235}},{"start":{"line":3,"column":150},"end":{"line":3,"column":235}}],"line":3},"2":{"loc":{"start":{"line":5,"column":35},"end":{"line":5,"column":193}},"type":"if","locations":[{"start":{"line":5,"column":35},"end":{"line":5,"column":193}},{"start":{"line":5,"column":35},"end":{"line":5,"column":193}}],"line":5},"3":{"loc":{"start":{"line":49,"column":4},"end":{"line":49,"column":128}},"type":"cond-expr","locations":[{"start":{"line":49,"column":50},"end":{"line":49,"column":56}},{"start":{"line":49,"column":59},"end":{"line":49,"column":128}}],"line":49},"4":{"loc":{"start":{"line":49,"column":4},"end":{"line":49,"column":47}},"type":"binary-expr","locations":[{"start":{"line":49,"column":4},"end":{"line":49,"column":10}},{"start":{"line":49,"column":14},"end":{"line":49,"column":47}}],"line":49},"5":{"loc":{"start":{"line":69,"column":6},"end":{"line":76,"column":7}},"type":"if","locations":[{"start":{"line":69,"column":6},"end":{"line":76,"column":7}},{"start":{"line":69,"column":6},"end":{"line":76,"column":7}}],"line":69},"6":{"loc":{"start":{"line":90,"column":14},"end":{"line":90,"column":53}},"type":"binary-expr","locations":[{"start":{"line":90,"column":14},"end":{"line":90,"column":23}},{"start":{"line":90,"column":27},"end":{"line":90,"column":53}}],"line":90},"7":{"loc":{"start":{"line":99,"column":32},"end":{"line":99,"column":96}},"type":"cond-expr","locations":[{"start":{"line":99,"column":60},"end":{"line":99,"column":80}},{"start":{"line":99,"column":83},"end":{"line":99,"column":96}}],"line":99},"8":{"loc":{"start":{"line":101,"column":6},"end":{"line":107,"column":7}},"type":"if","locations":[{"start":{"line":101,"column":6},"end":{"line":107,"column":7}},{"start":{"line":101,"column":6},"end":{"line":107,"column":7}}],"line":101},"9":{"loc":{"start":{"line":129,"column":2},"end":{"line":132,"column":3}},"type":"if","locations":[{"start":{"line":129,"column":2},"end":{"line":132,"column":3}},{"start":{"line":129,"column":2},"end":{"line":132,"column":3}}],"line":129}},"s":{"0":1,"1":0,"2":0,"3":0,"4":0,"5":0,"6":0,"7":0,"8":234,"9":234,"10":234,"11":234,"12":287,"13":234,"14":0,"15":1,"16":1,"17":1,"18":1,"19":1,"20":1,"21":1,"22":1,"23":53,"24":53,"25":53,"26":53,"27":53,"28":53,"29":53,"30":53,"31":53,"32":53,"33":53,"34":53,"35":53,"36":53,"37":53,"38":53,"39":53,"40":1,"41":34,"42":34,"43":34,"44":34,"45":34,"46":34,"47":34,"48":34,"49":34,"50":34,"51":34,"52":34,"53":0,"54":1,"55":41,"56":41,"57":41,"58":41,"59":41,"60":41,"61":41,"62":41,"63":41,"64":41,"65":41,"66":41,"67":41,"68":41,"69":0,"70":0,"71":41,"72":1,"73":33,"74":33,"75":33,"76":33,"77":33,"78":33,"79":33,"80":33,"81":5,"82":33,"83":1},"f":{"0":0,"1":234,"2":53,"3":53,"4":53,"5":53,"6":53,"7":53,"8":34,"9":34,"10":34,"11":41,"12":41,"13":41,"14":0,"15":41,"16":33},"b":{"0":[1,0],"1":[0,0],"2":[234,0],"3":[53,0],"4":[53,53],"5":[34,0],"6":[41,5],"7":[29,12],"8":[41,0],"9":[5,28]},"_coverageSchema":"1a1c01bbd47fc00a2c39e90264f33305004495a9","hash":"f814a1feafb2f066a597c81270a036411c851e39","contentHash":"caa327e85dd2a31b8a39766cae7c54a3fa7385d4b23c195b080fd341bf01a60e"}}