{"/Users/vaibhav.chopra/code/test_node_sdk/lib/oAuthTokenClient.js":{"path":"/Users/vaibhav.chopra/code/test_node_sdk/lib/oAuthTokenClient.js","statementMap":{"0":{"start":{"line":1,"column":12},"end":{"line":1,"column":28}},"1":{"start":{"line":2,"column":12},"end":{"line":2,"column":38}},"2":{"start":{"line":3,"column":35},"end":{"line":3,"column":77}},"3":{"start":{"line":8,"column":4},"end":{"line":11,"column":6}},"4":{"start":{"line":15,"column":4},"end":{"line":15,"column":23}},"5":{"start":{"line":19,"column":19},"end":{"line":19,"column":65}},"6":{"start":{"line":20,"column":4},"end":{"line":20,"column":54}},"7":{"start":{"line":20,"column":40},"end":{"line":20,"column":54}},"8":{"start":{"line":21,"column":20},"end":{"line":21,"column":59}},"9":{"start":{"line":22,"column":24},"end":{"line":30,"column":14}},"10":{"start":{"line":24,"column":6},"end":{"line":28,"column":49}},"11":{"start":{"line":25,"column":28},"end":{"line":25,"column":66}},"12":{"start":{"line":31,"column":4},"end":{"line":31,"column":39}},"13":{"start":{"line":35,"column":19},"end":{"line":35,"column":64}},"14":{"start":{"line":36,"column":4},"end":{"line":36,"column":70}},"15":{"start":{"line":36,"column":40},"end":{"line":36,"column":70}},"16":{"start":{"line":37,"column":4},"end":{"line":40,"column":16}},"17":{"start":{"line":44,"column":19},"end":{"line":44,"column":62}},"18":{"start":{"line":45,"column":4},"end":{"line":45,"column":70}},"19":{"start":{"line":45,"column":40},"end":{"line":45,"column":70}},"20":{"start":{"line":46,"column":4},"end":{"line":49,"column":16}},"21":{"start":{"line":53,"column":19},"end":{"line":53,"column":61}},"22":{"start":{"line":54,"column":4},"end":{"line":54,"column":70}},"23":{"start":{"line":54,"column":40},"end":{"line":54,"column":70}},"24":{"start":{"line":55,"column":4},"end":{"line":58,"column":16}},"25":{"start":{"line":62,"column":0},"end":{"line":62,"column":33}}},"fnMap":{"0":{"name":"(anonymous_0)","decl":{"start":{"line":7,"column":2},"end":{"line":7,"column":3}},"loc":{"start":{"line":7,"column":16},"end":{"line":12,"column":3}},"line":7},"1":{"name":"(anonymous_1)","decl":{"start":{"line":14,"column":2},"end":{"line":14,"column":3}},"loc":{"start":{"line":14,"column":22},"end":{"line":16,"column":3}},"line":14},"2":{"name":"(anonymous_2)","decl":{"start":{"line":18,"column":2},"end":{"line":18,"column":3}},"loc":{"start":{"line":18,"column":26},"end":{"line":32,"column":3}},"line":18},"3":{"name":"(anonymous_3)","decl":{"start":{"line":23,"column":13},"end":{"line":23,"column":14}},"loc":{"start":{"line":24,"column":6},"end":{"line":28,"column":49}},"line":24},"4":{"name":"(anonymous_4)","decl":{"start":{"line":25,"column":20},"end":{"line":25,"column":21}},"loc":{"start":{"line":25,"column":28},"end":{"line":25,"column":66}},"line":25},"5":{"name":"(anonymous_5)","decl":{"start":{"line":34,"column":2},"end":{"line":34,"column":3}},"loc":{"start":{"line":34,"column":39},"end":{"line":41,"column":3}},"line":34},"6":{"name":"(anonymous_6)","decl":{"start":{"line":43,"column":2},"end":{"line":43,"column":3}},"loc":{"start":{"line":43,"column":37},"end":{"line":50,"column":3}},"line":43},"7":{"name":"(anonymous_7)","decl":{"start":{"line":52,"column":2},"end":{"line":52,"column":3}},"loc":{"start":{"line":52,"column":36},"end":{"line":59,"column":3}},"line":52}},"branchMap":{"0":{"loc":{"start":{"line":20,"column":4},"end":{"line":20,"column":54}},"type":"if","locations":[{"start":{"line":20,"column":4},"end":{"line":20,"column":54}},{"start":{},"end":{}}],"line":20},"1":{"loc":{"start":{"line":24,"column":6},"end":{"line":28,"column":49}},"type":"cond-expr","locations":[{"start":{"line":25,"column":10},"end":{"line":25,"column":67}},{"start":{"line":26,"column":10},"end":{"line":28,"column":49}}],"line":24},"2":{"loc":{"start":{"line":26,"column":10},"end":{"line":28,"column":49}},"type":"cond-expr","locations":[{"start":{"line":27,"column":12},"end":{"line":27,"column":29}},{"start":{"line":28,"column":12},"end":{"line":28,"column":49}}],"line":26},"3":{"loc":{"start":{"line":34,"column":17},"end":{"line":34,"column":28}},"type":"default-arg","locations":[{"start":{"line":34,"column":26},"end":{"line":34,"column":28}}],"line":34},"4":{"loc":{"start":{"line":36,"column":4},"end":{"line":36,"column":70}},"type":"if","locations":[{"start":{"line":36,"column":4},"end":{"line":36,"column":70}},{"start":{},"end":{}}],"line":36},"5":{"loc":{"start":{"line":43,"column":15},"end":{"line":43,"column":26}},"type":"default-arg","locations":[{"start":{"line":43,"column":24},"end":{"line":43,"column":26}}],"line":43},"6":{"loc":{"start":{"line":45,"column":4},"end":{"line":45,"column":70}},"type":"if","locations":[{"start":{"line":45,"column":4},"end":{"line":45,"column":70}},{"start":{},"end":{}}],"line":45},"7":{"loc":{"start":{"line":52,"column":14},"end":{"line":52,"column":25}},"type":"default-arg","locations":[{"start":{"line":52,"column":23},"end":{"line":52,"column":25}}],"line":52},"8":{"loc":{"start":{"line":54,"column":4},"end":{"line":54,"column":70}},"type":"if","locations":[{"start":{"line":54,"column":4},"end":{"line":54,"column":70}},{"start":{},"end":{}}],"line":54}},"s":{"0":1,"1":1,"2":1,"3":1,"4":3,"5":0,"6":0,"7":0,"8":0,"9":0,"10":0,"11":0,"12":0,"13":2,"14":2,"15":1,"16":1,"17":2,"18":2,"19":1,"20":1,"21":1,"22":1,"23":0,"24":1,"25":1},"f":{"0":1,"1":3,"2":0,"3":0,"4":0,"5":2,"6":2,"7":1},"b":{"0":[0,0],"1":[0,0],"2":[0,0],"3":[0],"4":[1,1],"5":[1],"6":[1,1],"7":[0],"8":[0,1]},"_coverageSchema":"1a1c01bbd47fc00a2c39e90264f33305004495a9","hash":"2bb2535fbda89a96cfa7ab36e4e1fb8cddc6b579","contentHash":"9341343c03fbfcb4034ad240bb6f87a88c383d4c60e02d1fe3630d2c1a0f1cc3"},"/Users/vaibhav.chopra/code/test_node_sdk/lib/api.js":{"path":"/Users/vaibhav.chopra/code/test_node_sdk/lib/api.js","statementMap":{"0":{"start":{"line":3,"column":14},"end":{"line":3,"column":38}},"1":{"start":{"line":4,"column":16},"end":{"line":4,"column":42}},"2":{"start":{"line":7,"column":4},"end":{"line":7,"column":37}},"3":{"start":{"line":9,"column":23},"end":{"line":12,"column":1}},"4":{"start":{"line":16,"column":17},"end":{"line":16,"column":19}},"5":{"start":{"line":18,"column":2},"end":{"line":21,"column":3}},"6":{"start":{"line":20,"column":4},"end":{"line":20,"column":18}},"7":{"start":{"line":23,"column":2},"end":{"line":31,"column":13}},"8":{"start":{"line":25,"column":4},"end":{"line":28,"column":5}},"9":{"start":{"line":27,"column":6},"end":{"line":27,"column":47}},"10":{"start":{"line":30,"column":4},"end":{"line":30,"column":18}},"11":{"start":{"line":35,"column":2},"end":{"line":38,"column":3}},"12":{"start":{"line":43,"column":4},"end":{"line":43,"column":55}},"13":{"start":{"line":47,"column":19},"end":{"line":53,"column":5}},"14":{"start":{"line":55,"column":4},"end":{"line":60,"column":5}},"15":{"start":{"line":56,"column":6},"end":{"line":59,"column":8}},"16":{"start":{"line":62,"column":4},"end":{"line":67,"column":5}},"17":{"start":{"line":63,"column":6},"end":{"line":66,"column":7}},"18":{"start":{"line":68,"column":4},"end":{"line":68,"column":18}},"19":{"start":{"line":71,"column":12},"end":{"line":71,"column":16}},"20":{"start":{"line":74,"column":4},"end":{"line":74,"column":115}},"21":{"start":{"line":78,"column":4},"end":{"line":80,"column":33}},"22":{"start":{"line":84,"column":4},"end":{"line":85,"column":32}},"23":{"start":{"line":90,"column":5},"end":{"line":95,"column":33}},"24":{"start":{"line":99,"column":4},"end":{"line":100,"column":32}},"25":{"start":{"line":104,"column":4},"end":{"line":105,"column":32}},"26":{"start":{"line":109,"column":4},"end":{"line":110,"column":31}},"27":{"start":{"line":114,"column":0},"end":{"line":114,"column":20}}},"fnMap":{"0":{"name":"getValidHeaders","decl":{"start":{"line":14,"column":9},"end":{"line":14,"column":24}},"loc":{"start":{"line":14,"column":35},"end":{"line":32,"column":1}},"line":14},"1":{"name":"(anonymous_1)","decl":{"start":{"line":23,"column":37},"end":{"line":23,"column":38}},"loc":{"start":{"line":23,"column":67},"end":{"line":31,"column":3}},"line":23},"2":{"name":"normalizeError","decl":{"start":{"line":34,"column":9},"end":{"line":34,"column":23}},"loc":{"start":{"line":34,"column":29},"end":{"line":39,"column":1}},"line":34},"3":{"name":"(anonymous_3)","decl":{"start":{"line":42,"column":2},"end":{"line":42,"column":3}},"loc":{"start":{"line":42,"column":23},"end":{"line":44,"column":3}},"line":42},"4":{"name":"(anonymous_4)","decl":{"start":{"line":46,"column":2},"end":{"line":46,"column":3}},"loc":{"start":{"line":46,"column":25},"end":{"line":69,"column":3}},"line":46},"5":{"name":"(anonymous_5)","decl":{"start":{"line":73,"column":2},"end":{"line":73,"column":3}},"loc":{"start":{"line":73,"column":22},"end":{"line":75,"column":3}},"line":73},"6":{"name":"(anonymous_6)","decl":{"start":{"line":77,"column":2},"end":{"line":77,"column":3}},"loc":{"start":{"line":77,"column":18},"end":{"line":81,"column":3}},"line":77},"7":{"name":"(anonymous_7)","decl":{"start":{"line":83,"column":2},"end":{"line":83,"column":3}},"loc":{"start":{"line":83,"column":19},"end":{"line":86,"column":3}},"line":83},"8":{"name":"(anonymous_8)","decl":{"start":{"line":89,"column":2},"end":{"line":89,"column":3}},"loc":{"start":{"line":89,"column":26},"end":{"line":96,"column":3}},"line":89},"9":{"name":"(anonymous_9)","decl":{"start":{"line":98,"column":2},"end":{"line":98,"column":3}},"loc":{"start":{"line":98,"column":18},"end":{"line":101,"column":3}},"line":98},"10":{"name":"(anonymous_10)","decl":{"start":{"line":103,"column":2},"end":{"line":103,"column":3}},"loc":{"start":{"line":103,"column":20},"end":{"line":106,"column":3}},"line":103},"11":{"name":"(anonymous_11)","decl":{"start":{"line":108,"column":2},"end":{"line":108,"column":3}},"loc":{"start":{"line":108,"column":21},"end":{"line":111,"column":3}},"line":108}},"branchMap":{"0":{"loc":{"start":{"line":18,"column":2},"end":{"line":21,"column":3}},"type":"if","locations":[{"start":{"line":18,"column":2},"end":{"line":21,"column":3}},{"start":{},"end":{}}],"line":18},"1":{"loc":{"start":{"line":25,"column":4},"end":{"line":28,"column":5}},"type":"if","locations":[{"start":{"line":25,"column":4},"end":{"line":28,"column":5}},{"start":{},"end":{}}],"line":25},"2":{"loc":{"start":{"line":55,"column":4},"end":{"line":60,"column":5}},"type":"if","locations":[{"start":{"line":55,"column":4},"end":{"line":60,"column":5}},{"start":{},"end":{}}],"line":55},"3":{"loc":{"start":{"line":55,"column":8},"end":{"line":55,"column":44}},"type":"binary-expr","locations":[{"start":{"line":55,"column":8},"end":{"line":55,"column":22}},{"start":{"line":55,"column":26},"end":{"line":55,"column":44}}],"line":55},"4":{"loc":{"start":{"line":62,"column":4},"end":{"line":67,"column":5}},"type":"if","locations":[{"start":{"line":62,"column":4},"end":{"line":67,"column":5}},{"start":{},"end":{}}],"line":62},"5":{"loc":{"start":{"line":74,"column":11},"end":{"line":74,"column":113}},"type":"cond-expr","locations":[{"start":{"line":74,"column":46},"end":{"line":74,"column":79}},{"start":{"line":74,"column":82},"end":{"line":74,"column":113}}],"line":74}},"s":{"0":1,"1":1,"2":1,"3":1,"4":1,"5":1,"6":1,"7":0,"8":0,"9":0,"10":0,"11":0,"12":1,"13":1,"14":1,"15":0,"16":1,"17":0,"18":1,"19":1,"20":0,"21":0,"22":3,"23":0,"24":0,"25":0,"26":0,"27":1},"f":{"0":1,"1":0,"2":0,"3":1,"4":1,"5":0,"6":0,"7":3,"8":0,"9":0,"10":0,"11":0},"b":{"0":[1,0],"1":[0,0],"2":[0,1],"3":[1,0],"4":[0,1],"5":[0,0]},"_coverageSchema":"1a1c01bbd47fc00a2c39e90264f33305004495a9","hash":"30c48d2488227cee4f4128f9cfe5e5e180eea577","contentHash":"f65c63b25b51daf43dac3e81443c7b2ad63f18f50319bf5db824ec421cb62b8e"},"/Users/vaibhav.chopra/code/test_node_sdk/lib/utils/nodeify.js":{"path":"/Users/vaibhav.chopra/code/test_node_sdk/lib/utils/nodeify.js","statementMap":{"0":{"start":{"line":3,"column":16},"end":{"line":14,"column":1}},"1":{"start":{"line":5,"column":2},"end":{"line":7,"column":3}},"2":{"start":{"line":6,"column":4},"end":{"line":6,"column":51}},"3":{"start":{"line":6,"column":37},"end":{"line":6,"column":50}},"4":{"start":{"line":9,"column":2},"end":{"line":13,"column":4}},"5":{"start":{"line":10,"column":4},"end":{"line":10,"column":27}},"6":{"start":{"line":12,"column":4},"end":{"line":12,"column":19}},"7":{"start":{"line":16,"column":0},"end":{"line":16,"column":24}}},"fnMap":{"0":{"name":"(anonymous_0)","decl":{"start":{"line":3,"column":16},"end":{"line":3,"column":17}},"loc":{"start":{"line":3,"column":33},"end":{"line":14,"column":1}},"line":3},"1":{"name":"(anonymous_1)","decl":{"start":{"line":6,"column":24},"end":{"line":6,"column":25}},"loc":{"start":{"line":6,"column":37},"end":{"line":6,"column":50}},"line":6},"2":{"name":"(anonymous_2)","decl":{"start":{"line":9,"column":22},"end":{"line":9,"column":23}},"loc":{"start":{"line":9,"column":36},"end":{"line":11,"column":3}},"line":9},"3":{"name":"(anonymous_3)","decl":{"start":{"line":11,"column":11},"end":{"line":11,"column":12}},"loc":{"start":{"line":11,"column":22},"end":{"line":13,"column":3}},"line":11}},"branchMap":{"0":{"loc":{"start":{"line":5,"column":2},"end":{"line":7,"column":3}},"type":"if","locations":[{"start":{"line":5,"column":2},"end":{"line":7,"column":3}},{"start":{},"end":{}}],"line":5}},"s":{"0":1,"1":3,"2":3,"3":3,"4":0,"5":0,"6":0,"7":1},"f":{"0":3,"1":3,"2":0,"3":0},"b":{"0":[3,0]},"_coverageSchema":"1a1c01bbd47fc00a2c39e90264f33305004495a9","hash":"9f0ace70d8c1da11d7651085306977f1ea763eee","contentHash":"7c60cb914a54ceb6d6eec00de37e68313ec681de81eddb441971ff7d281337ee"},"/Users/vaibhav.chopra/code/test_node_sdk/lib/utils/razorpay-utils.js":{"path":"/Users/vaibhav.chopra/code/test_node_sdk/lib/utils/razorpay-utils.js","statementMap":{"0":{"start":{"line":1,"column":15},"end":{"line":1,"column":32}},"1":{"start":{"line":4,"column":2},"end":{"line":4,"column":31}},"2":{"start":{"line":8,"column":2},"end":{"line":8,"column":51}},"3":{"start":{"line":12,"column":2},"end":{"line":12,"column":28}},"4":{"start":{"line":16,"column":2},"end":{"line":18,"column":31}},"5":{"start":{"line":22,"column":2},"end":{"line":24,"column":3}},"6":{"start":{"line":23,"column":4},"end":{"line":23,"column":15}},"7":{"start":{"line":26,"column":2},"end":{"line":26,"column":21}},"8":{"start":{"line":31,"column":2},"end":{"line":31,"column":38}},"9":{"start":{"line":35,"column":24},"end":{"line":35,"column":26}},"10":{"start":{"line":36,"column":2},"end":{"line":38,"column":3}},"11":{"start":{"line":37,"column":4},"end":{"line":37,"column":49}},"12":{"start":{"line":39,"column":2},"end":{"line":39,"column":24}},"13":{"start":{"line":51,"column":2},"end":{"line":51,"column":38}},"14":{"start":{"line":64,"column":2},"end":{"line":68,"column":4}},"15":{"start":{"line":83,"column":15},"end":{"line":83,"column":32}},"16":{"start":{"line":85,"column":2},"end":{"line":94,"column":3}},"17":{"start":{"line":89,"column":4},"end":{"line":93,"column":6}},"18":{"start":{"line":96,"column":2},"end":{"line":96,"column":25}},"19":{"start":{"line":99,"column":21},"end":{"line":101,"column":36}},"20":{"start":{"line":106,"column":22},"end":{"line":106,"column":51}},"21":{"start":{"line":109,"column":0},"end":{"line":111,"column":1}},"22":{"start":{"line":110,"column":2},"end":{"line":110,"column":15}},"23":{"start":{"line":114,"column":0},"end":{"line":114,"column":63}},"24":{"start":{"line":128,"column":20},"end":{"line":128,"column":37}},"25":{"start":{"line":130,"column":4},"end":{"line":133,"column":5}},"26":{"start":{"line":132,"column":6},"end":{"line":132,"column":45}},"27":{"start":{"line":135,"column":4},"end":{"line":155,"column":5}},"28":{"start":{"line":137,"column":20},"end":{"line":137,"column":35}},"29":{"start":{"line":138,"column":20},"end":{"line":138,"column":45}},"30":{"start":{"line":140,"column":10},"end":{"line":155,"column":5}},"31":{"start":{"line":142,"column":27},"end":{"line":142,"column":49}},"32":{"start":{"line":143,"column":20},"end":{"line":143,"column":52}},"33":{"start":{"line":145,"column":10},"end":{"line":155,"column":5}},"34":{"start":{"line":147,"column":26},"end":{"line":147,"column":48}},"35":{"start":{"line":148,"column":29},"end":{"line":148,"column":61}},"36":{"start":{"line":149,"column":30},"end":{"line":149,"column":56}},"37":{"start":{"line":151,"column":20},"end":{"line":151,"column":102}},"38":{"start":{"line":154,"column":6},"end":{"line":154,"column":73}},"39":{"start":{"line":156,"column":2},"end":{"line":156,"column":60}},"40":{"start":{"line":160,"column":16},"end":{"line":160,"column":38}},"41":{"start":{"line":161,"column":2},"end":{"line":161,"column":34}},"42":{"start":{"line":165,"column":2},"end":{"line":188,"column":3}},"43":{"start":{"line":167,"column":21},"end":{"line":167,"column":61}},"44":{"start":{"line":170,"column":15},"end":{"line":170,"column":31}},"45":{"start":{"line":171,"column":4},"end":{"line":171,"column":32}},"46":{"start":{"line":174,"column":19},"end":{"line":174,"column":69}},"47":{"start":{"line":177,"column":24},"end":{"line":177,"column":60}},"48":{"start":{"line":178,"column":4},"end":{"line":178,"column":67}},"49":{"start":{"line":181,"column":20},"end":{"line":181,"column":39}},"50":{"start":{"line":182,"column":22},"end":{"line":182,"column":61}},"51":{"start":{"line":185,"column":4},"end":{"line":185,"column":37}},"52":{"start":{"line":187,"column":4},"end":{"line":187,"column":57}},"53":{"start":{"line":192,"column":2},"end":{"line":197,"column":3}},"54":{"start":{"line":193,"column":4},"end":{"line":193,"column":17}},"55":{"start":{"line":194,"column":4},"end":{"line":194,"column":16}},"56":{"start":{"line":196,"column":4},"end":{"line":196,"column":17}},"57":{"start":{"line":200,"column":0},"end":{"line":214,"column":1}}},"fnMap":{"0":{"name":"getDateInSecs","decl":{"start":{"line":3,"column":9},"end":{"line":3,"column":22}},"loc":{"start":{"line":3,"column":29},"end":{"line":5,"column":1}},"line":3},"1":{"name":"normalizeDate","decl":{"start":{"line":7,"column":9},"end":{"line":7,"column":22}},"loc":{"start":{"line":7,"column":29},"end":{"line":9,"column":1}},"line":7},"2":{"name":"isNumber","decl":{"start":{"line":11,"column":9},"end":{"line":11,"column":17}},"loc":{"start":{"line":11,"column":23},"end":{"line":13,"column":1}},"line":11},"3":{"name":"isNonNullObject","decl":{"start":{"line":15,"column":9},"end":{"line":15,"column":24}},"loc":{"start":{"line":15,"column":32},"end":{"line":19,"column":1}},"line":15},"4":{"name":"normalizeBoolean","decl":{"start":{"line":21,"column":9},"end":{"line":21,"column":25}},"loc":{"start":{"line":21,"column":32},"end":{"line":27,"column":1}},"line":21},"5":{"name":"isDefined","decl":{"start":{"line":29,"column":9},"end":{"line":29,"column":18}},"loc":{"start":{"line":29,"column":27},"end":{"line":32,"column":1}},"line":29},"6":{"name":"normalizeNotes","decl":{"start":{"line":34,"column":9},"end":{"line":34,"column":23}},"loc":{"start":{"line":34,"column":36},"end":{"line":40,"column":1}},"line":34},"7":{"name":"prettify","decl":{"start":{"line":42,"column":9},"end":{"line":42,"column":17}},"loc":{"start":{"line":42,"column":24},"end":{"line":52,"column":1}},"line":42},"8":{"name":"getTestError","decl":{"start":{"line":54,"column":9},"end":{"line":54,"column":21}},"loc":{"start":{"line":54,"column":53},"end":{"line":69,"column":1}},"line":54},"9":{"name":"validateWebhookSignature","decl":{"start":{"line":71,"column":9},"end":{"line":71,"column":33}},"loc":{"start":{"line":71,"column":60},"end":{"line":115,"column":1}},"line":71},"10":{"name":"validatePaymentVerification","decl":{"start":{"line":117,"column":9},"end":{"line":117,"column":36}},"loc":{"start":{"line":117,"column":66},"end":{"line":157,"column":1}},"line":117},"11":{"name":"generateOnboardingSignature","decl":{"start":{"line":159,"column":9},"end":{"line":159,"column":36}},"loc":{"start":{"line":159,"column":55},"end":{"line":162,"column":1}},"line":159},"12":{"name":"encrypt","decl":{"start":{"line":164,"column":9},"end":{"line":164,"column":16}},"loc":{"start":{"line":164,"column":40},"end":{"line":189,"column":1}},"line":164},"13":{"name":"isValidUrl","decl":{"start":{"line":191,"column":9},"end":{"line":191,"column":19}},"loc":{"start":{"line":191,"column":25},"end":{"line":198,"column":1}},"line":191}},"branchMap":{"0":{"loc":{"start":{"line":8,"column":9},"end":{"line":8,"column":51}},"type":"cond-expr","locations":[{"start":{"line":8,"column":25},"end":{"line":8,"column":29}},{"start":{"line":8,"column":32},"end":{"line":8,"column":51}}],"line":8},"1":{"loc":{"start":{"line":16,"column":9},"end":{"line":18,"column":30}},"type":"binary-expr","locations":[{"start":{"line":16,"column":9},"end":{"line":16,"column":16}},{"start":{"line":17,"column":9},"end":{"line":17,"column":34}},{"start":{"line":18,"column":9},"end":{"line":18,"column":30}}],"line":16},"2":{"loc":{"start":{"line":22,"column":2},"end":{"line":24,"column":3}},"type":"if","locations":[{"start":{"line":22,"column":2},"end":{"line":24,"column":3}},{"start":{},"end":{}}],"line":22},"3":{"loc":{"start":{"line":26,"column":9},"end":{"line":26,"column":21}},"type":"cond-expr","locations":[{"start":{"line":26,"column":16},"end":{"line":26,"column":17}},{"start":{"line":26,"column":20},"end":{"line":26,"column":21}}],"line":26},"4":{"loc":{"start":{"line":34,"column":24},"end":{"line":34,"column":34}},"type":"default-arg","locations":[{"start":{"line":34,"column":32},"end":{"line":34,"column":34}}],"line":34},"5":{"loc":{"start":{"line":85,"column":2},"end":{"line":94,"column":3}},"type":"if","locations":[{"start":{"line":85,"column":2},"end":{"line":94,"column":3}},{"start":{},"end":{}}],"line":85},"6":{"loc":{"start":{"line":85,"column":6},"end":{"line":87,"column":24}},"type":"binary-expr","locations":[{"start":{"line":85,"column":6},"end":{"line":85,"column":22}},{"start":{"line":86,"column":6},"end":{"line":86,"column":27}},{"start":{"line":87,"column":6},"end":{"line":87,"column":24}}],"line":85},"7":{"loc":{"start":{"line":109,"column":0},"end":{"line":111,"column":1}},"type":"if","locations":[{"start":{"line":109,"column":0},"end":{"line":111,"column":1}},{"start":{},"end":{}}],"line":109},"8":{"loc":{"start":{"line":117,"column":37},"end":{"line":117,"column":46}},"type":"default-arg","locations":[{"start":{"line":117,"column":44},"end":{"line":117,"column":46}}],"line":117},"9":{"loc":{"start":{"line":130,"column":4},"end":{"line":133,"column":5}},"type":"if","locations":[{"start":{"line":130,"column":4},"end":{"line":133,"column":5}},{"start":{},"end":{}}],"line":130},"10":{"loc":{"start":{"line":135,"column":4},"end":{"line":155,"column":5}},"type":"if","locations":[{"start":{"line":135,"column":4},"end":{"line":155,"column":5}},{"start":{"line":140,"column":10},"end":{"line":155,"column":5}}],"line":135},"11":{"loc":{"start":{"line":140,"column":10},"end":{"line":155,"column":5}},"type":"if","locations":[{"start":{"line":140,"column":10},"end":{"line":155,"column":5}},{"start":{"line":145,"column":10},"end":{"line":155,"column":5}}],"line":140},"12":{"loc":{"start":{"line":145,"column":10},"end":{"line":155,"column":5}},"type":"if","locations":[{"start":{"line":145,"column":10},"end":{"line":155,"column":5}},{"start":{"line":153,"column":9},"end":{"line":155,"column":5}}],"line":145},"13":{"loc":{"start":{"line":159,"column":37},"end":{"line":159,"column":46}},"type":"default-arg","locations":[{"start":{"line":159,"column":44},"end":{"line":159,"column":46}}],"line":159}},"s":{"0":1,"1":0,"2":0,"3":0,"4":1,"5":0,"6":0,"7":0,"8":0,"9":0,"10":0,"11":0,"12":0,"13":0,"14":0,"15":0,"16":0,"17":0,"18":0,"19":0,"20":0,"21":0,"22":0,"23":0,"24":0,"25":0,"26":0,"27":0,"28":0,"29":0,"30":0,"31":0,"32":0,"33":0,"34":0,"35":0,"36":0,"37":0,"38":0,"39":0,"40":0,"41":0,"42":0,"43":0,"44":0,"45":0,"46":0,"47":0,"48":0,"49":0,"50":0,"51":0,"52":0,"53":1,"54":1,"55":1,"56":0,"57":1},"f":{"0":0,"1":0,"2":0,"3":1,"4":0,"5":0,"6":0,"7":0,"8":0,"9":0,"10":0,"11":0,"12":0,"13":1},"b":{"0":[0,0],"1":[1,0,0],"2":[0,0],"3":[0,0],"4":[0],"5":[0,0],"6":[0,0,0],"7":[0,0],"8":[0],"9":[0,0],"10":[0,0],"11":[0,0],"12":[0,0],"13":[0]},"_coverageSchema":"1a1c01bbd47fc00a2c39e90264f33305004495a9","hash":"500431de148db0f307337213a0eed8ba9f5a0a80","contentHash":"dc58c78ed77d854265d819696465124af48bad83930811bdd48b235cb051d9ff"},"/Users/vaibhav.chopra/code/test_node_sdk/lib/resources/oAuthTokenValidator.js":{"path":"/Users/vaibhav.chopra/code/test_node_sdk/lib/resources/oAuthTokenValidator.js","statementMap":{"0":{"start":{"line":1,"column":23},"end":{"line":1,"column":57}},"1":{"start":{"line":3,"column":16},"end":{"line":30,"column":3}},"2":{"start":{"line":33,"column":17},"end":{"line":33,"column":19}},"3":{"start":{"line":34,"column":4},"end":{"line":44,"column":5}},"4":{"start":{"line":35,"column":6},"end":{"line":43,"column":7}},"5":{"start":{"line":36,"column":8},"end":{"line":36,"column":38}},"6":{"start":{"line":37,"column":13},"end":{"line":43,"column":7}},"7":{"start":{"line":38,"column":8},"end":{"line":38,"column":58}},"8":{"start":{"line":39,"column":13},"end":{"line":43,"column":7}},"9":{"start":{"line":40,"column":8},"end":{"line":40,"column":54}},"10":{"start":{"line":41,"column":13},"end":{"line":43,"column":7}},"11":{"start":{"line":42,"column":8},"end":{"line":42,"column":52}},"12":{"start":{"line":45,"column":4},"end":{"line":45,"column":18}},"13":{"start":{"line":48,"column":0},"end":{"line":51,"column":1}}},"fnMap":{"0":{"name":"validateInput","decl":{"start":{"line":32,"column":11},"end":{"line":32,"column":24}},"loc":{"start":{"line":32,"column":44},"end":{"line":46,"column":3}},"line":32}},"branchMap":{"0":{"loc":{"start":{"line":35,"column":6},"end":{"line":43,"column":7}},"type":"if","locations":[{"start":{"line":35,"column":6},"end":{"line":43,"column":7}},{"start":{"line":37,"column":13},"end":{"line":43,"column":7}}],"line":35},"1":{"loc":{"start":{"line":35,"column":10},"end":{"line":35,"column":107}},"type":"binary-expr","locations":[{"start":{"line":35,"column":10},"end":{"line":35,"column":31}},{"start":{"line":35,"column":36},"end":{"line":35,"column":72}},{"start":{"line":35,"column":76},"end":{"line":35,"column":106}}],"line":35},"2":{"loc":{"start":{"line":37,"column":13},"end":{"line":43,"column":7}},"type":"if","locations":[{"start":{"line":37,"column":13},"end":{"line":43,"column":7}},{"start":{"line":39,"column":13},"end":{"line":43,"column":7}}],"line":37},"3":{"loc":{"start":{"line":37,"column":17},"end":{"line":37,"column":75}},"type":"binary-expr","locations":[{"start":{"line":37,"column":17},"end":{"line":37,"column":41}},{"start":{"line":37,"column":45},"end":{"line":37,"column":75}}],"line":37},"4":{"loc":{"start":{"line":39,"column":13},"end":{"line":43,"column":7}},"type":"if","locations":[{"start":{"line":39,"column":13},"end":{"line":43,"column":7}},{"start":{"line":41,"column":13},"end":{"line":43,"column":7}}],"line":39},"5":{"loc":{"start":{"line":39,"column":17},"end":{"line":39,"column":87}},"type":"binary-expr","locations":[{"start":{"line":39,"column":17},"end":{"line":39,"column":38}},{"start":{"line":39,"column":42},"end":{"line":39,"column":87}}],"line":39},"6":{"loc":{"start":{"line":41,"column":13},"end":{"line":43,"column":7}},"type":"if","locations":[{"start":{"line":41,"column":13},"end":{"line":43,"column":7}},{"start":{},"end":{}}],"line":41},"7":{"loc":{"start":{"line":41,"column":16},"end":{"line":41,"column":125}},"type":"binary-expr","locations":[{"start":{"line":41,"column":16},"end":{"line":41,"column":38}},{"start":{"line":41,"column":43},"end":{"line":41,"column":79}},{"start":{"line":41,"column":83},"end":{"line":41,"column":124}}],"line":41}},"s":{"0":1,"1":1,"2":5,"3":5,"4":22,"5":6,"6":16,"7":0,"8":16,"9":0,"10":16,"11":0,"12":5,"13":1},"f":{"0":5},"b":{"0":[6,16],"1":[22,16,16],"2":[0,16],"3":[16,1],"4":[0,16],"5":[16,4],"6":[0,16],"7":[16,3,2]},"_coverageSchema":"1a1c01bbd47fc00a2c39e90264f33305004495a9","hash":"962a0ed0a23fe0c499589f9c7de1e65abad7b9ec","contentHash":"c44fdfadf3f70ed24daf41f20c3fc711ff583ad0b8c956f238e32e0799415e35"},"/Users/vaibhav.chopra/code/test_node_sdk/dist/razorpay.js":{"path":"/Users/vaibhav.chopra/code/test_node_sdk/dist/razorpay.js","statementMap":{"0":{"start":{"line":3,"column":12},"end":{"line":3,"column":28}},"1":{"start":{"line":4,"column":12},"end":{"line":4,"column":38}},"2":{"start":{"line":7,"column":4},"end":{"line":7,"column":37}},"3":{"start":{"line":9,"column":19},"end":{"line":9,"column":30}},"4":{"start":{"line":11,"column":4},"end":{"line":11,"column":45}},"5":{"start":{"line":19,"column":8},"end":{"line":19,"column":15}},"6":{"start":{"line":20,"column":4},"end":{"line":22,"column":5}},"7":{"start":{"line":21,"column":6},"end":{"line":21,"column":63}},"8":{"start":{"line":23,"column":4},"end":{"line":23,"column":25}},"9":{"start":{"line":24,"column":4},"end":{"line":24,"column":33}},"10":{"start":{"line":25,"column":4},"end":{"line":25,"column":33}},"11":{"start":{"line":26,"column":4},"end":{"line":33,"column":7}},"12":{"start":{"line":34,"column":4},"end":{"line":34,"column":24}},"13":{"start":{"line":37,"column":4},"end":{"line":62,"column":7}},"14":{"start":{"line":65,"column":0},"end":{"line":65,"column":26}}},"fnMap":{"0":{"name":"(anonymous_0)","decl":{"start":{"line":10,"column":2},"end":{"line":10,"column":3}},"loc":{"start":{"line":10,"column":43},"end":{"line":12,"column":3}},"line":10},"1":{"name":"(anonymous_1)","decl":{"start":{"line":13,"column":2},"end":{"line":13,"column":3}},"loc":{"start":{"line":13,"column":28},"end":{"line":35,"column":3}},"line":13},"2":{"name":"(anonymous_2)","decl":{"start":{"line":36,"column":2},"end":{"line":36,"column":3}},"loc":{"start":{"line":36,"column":17},"end":{"line":63,"column":3}},"line":36}},"branchMap":{"0":{"loc":{"start":{"line":13,"column":14},"end":{"line":13,"column":26}},"type":"default-arg","locations":[{"start":{"line":13,"column":24},"end":{"line":13,"column":26}}],"line":13},"1":{"loc":{"start":{"line":20,"column":4},"end":{"line":22,"column":5}},"type":"if","locations":[{"start":{"line":20,"column":4},"end":{"line":22,"column":5}},{"start":{},"end":{}}],"line":20},"2":{"loc":{"start":{"line":20,"column":8},"end":{"line":20,"column":30}},"type":"binary-expr","locations":[{"start":{"line":20,"column":8},"end":{"line":20,"column":15}},{"start":{"line":20,"column":19},"end":{"line":20,"column":30}}],"line":20}},"s":{"0":1,"1":1,"2":1,"3":1,"4":0,"5":4,"6":4,"7":1,"8":3,"9":3,"10":3,"11":3,"12":3,"13":3,"14":1},"f":{"0":0,"1":4,"2":3},"b":{"0":[1],"1":[1,3],"2":[4,2]},"_coverageSchema":"1a1c01bbd47fc00a2c39e90264f33305004495a9","hash":"570553aa37870788c9b932bba48df2885580773d","contentHash":"03e40eb730d75a42585b30271d46debf6861afdfd8c9531c9a49dd32b88fb338"},"/Users/vaibhav.chopra/code/test_node_sdk/dist/api.js":{"path":"/Users/vaibhav.chopra/code/test_node_sdk/dist/api.js","statementMap":{"0":{"start":{"line":3,"column":14},"end":{"line":3,"column":38}},"1":{"start":{"line":4,"column":16},"end":{"line":4,"column":42}},"2":{"start":{"line":7,"column":4},"end":{"line":7,"column":37}},"3":{"start":{"line":8,"column":23},"end":{"line":11,"column":1}},"4":{"start":{"line":13,"column":17},"end":{"line":13,"column":19}},"5":{"start":{"line":14,"column":2},"end":{"line":16,"column":3}},"6":{"start":{"line":15,"column":4},"end":{"line":15,"column":18}},"7":{"start":{"line":17,"column":2},"end":{"line":22,"column":13}},"8":{"start":{"line":18,"column":4},"end":{"line":20,"column":5}},"9":{"start":{"line":19,"column":6},"end":{"line":19,"column":47}},"10":{"start":{"line":21,"column":4},"end":{"line":21,"column":18}},"11":{"start":{"line":25,"column":2},"end":{"line":28,"column":4}},"12":{"start":{"line":32,"column":4},"end":{"line":32,"column":56}},"13":{"start":{"line":35,"column":19},"end":{"line":40,"column":5}},"14":{"start":{"line":41,"column":4},"end":{"line":46,"column":5}},"15":{"start":{"line":42,"column":6},"end":{"line":45,"column":8}},"16":{"start":{"line":47,"column":4},"end":{"line":52,"column":5}},"17":{"start":{"line":48,"column":6},"end":{"line":51,"column":8}},"18":{"start":{"line":53,"column":4},"end":{"line":53,"column":18}},"19":{"start":{"line":55,"column":12},"end":{"line":55,"column":16}},"20":{"start":{"line":57,"column":4},"end":{"line":57,"column":114}},"21":{"start":{"line":60,"column":4},"end":{"line":62,"column":34}},"22":{"start":{"line":65,"column":4},"end":{"line":65,"column":99}},"23":{"start":{"line":70,"column":4},"end":{"line":74,"column":34}},"24":{"start":{"line":77,"column":4},"end":{"line":77,"column":98}},"25":{"start":{"line":80,"column":4},"end":{"line":80,"column":100}},"26":{"start":{"line":83,"column":4},"end":{"line":83,"column":88}},"27":{"start":{"line":86,"column":0},"end":{"line":86,"column":21}}},"fnMap":{"0":{"name":"getValidHeaders","decl":{"start":{"line":12,"column":9},"end":{"line":12,"column":24}},"loc":{"start":{"line":12,"column":34},"end":{"line":23,"column":1}},"line":12},"1":{"name":"(anonymous_1)","decl":{"start":{"line":17,"column":37},"end":{"line":17,"column":38}},"loc":{"start":{"line":17,"column":67},"end":{"line":22,"column":3}},"line":17},"2":{"name":"normalizeError","decl":{"start":{"line":24,"column":9},"end":{"line":24,"column":23}},"loc":{"start":{"line":24,"column":29},"end":{"line":29,"column":1}},"line":24},"3":{"name":"(anonymous_3)","decl":{"start":{"line":31,"column":2},"end":{"line":31,"column":3}},"loc":{"start":{"line":31,"column":23},"end":{"line":33,"column":3}},"line":31},"4":{"name":"(anonymous_4)","decl":{"start":{"line":34,"column":2},"end":{"line":34,"column":3}},"loc":{"start":{"line":34,"column":25},"end":{"line":54,"column":3}},"line":34},"5":{"name":"(anonymous_5)","decl":{"start":{"line":56,"column":2},"end":{"line":56,"column":3}},"loc":{"start":{"line":56,"column":23},"end":{"line":58,"column":3}},"line":56},"6":{"name":"(anonymous_6)","decl":{"start":{"line":59,"column":2},"end":{"line":59,"column":3}},"loc":{"start":{"line":59,"column":18},"end":{"line":63,"column":3}},"line":59},"7":{"name":"(anonymous_7)","decl":{"start":{"line":64,"column":2},"end":{"line":64,"column":3}},"loc":{"start":{"line":64,"column":19},"end":{"line":66,"column":3}},"line":64},"8":{"name":"(anonymous_8)","decl":{"start":{"line":69,"column":2},"end":{"line":69,"column":3}},"loc":{"start":{"line":69,"column":27},"end":{"line":75,"column":3}},"line":69},"9":{"name":"(anonymous_9)","decl":{"start":{"line":76,"column":2},"end":{"line":76,"column":3}},"loc":{"start":{"line":76,"column":18},"end":{"line":78,"column":3}},"line":76},"10":{"name":"(anonymous_10)","decl":{"start":{"line":79,"column":2},"end":{"line":79,"column":3}},"loc":{"start":{"line":79,"column":20},"end":{"line":81,"column":3}},"line":79},"11":{"name":"(anonymous_11)","decl":{"start":{"line":82,"column":2},"end":{"line":82,"column":3}},"loc":{"start":{"line":82,"column":21},"end":{"line":84,"column":3}},"line":82}},"branchMap":{"0":{"loc":{"start":{"line":14,"column":2},"end":{"line":16,"column":3}},"type":"if","locations":[{"start":{"line":14,"column":2},"end":{"line":16,"column":3}},{"start":{},"end":{}}],"line":14},"1":{"loc":{"start":{"line":18,"column":4},"end":{"line":20,"column":5}},"type":"if","locations":[{"start":{"line":18,"column":4},"end":{"line":20,"column":5}},{"start":{},"end":{}}],"line":18},"2":{"loc":{"start":{"line":41,"column":4},"end":{"line":46,"column":5}},"type":"if","locations":[{"start":{"line":41,"column":4},"end":{"line":46,"column":5}},{"start":{},"end":{}}],"line":41},"3":{"loc":{"start":{"line":41,"column":8},"end":{"line":41,"column":44}},"type":"binary-expr","locations":[{"start":{"line":41,"column":8},"end":{"line":41,"column":22}},{"start":{"line":41,"column":26},"end":{"line":41,"column":44}}],"line":41},"4":{"loc":{"start":{"line":47,"column":4},"end":{"line":52,"column":5}},"type":"if","locations":[{"start":{"line":47,"column":4},"end":{"line":52,"column":5}},{"start":{},"end":{}}],"line":47},"5":{"loc":{"start":{"line":57,"column":11},"end":{"line":57,"column":113}},"type":"cond-expr","locations":[{"start":{"line":57,"column":46},"end":{"line":57,"column":79}},{"start":{"line":57,"column":82},"end":{"line":57,"column":113}}],"line":57}},"s":{"0":1,"1":1,"2":1,"3":1,"4":3,"5":3,"6":3,"7":0,"8":0,"9":0,"10":0,"11":59,"12":3,"13":3,"14":3,"15":2,"16":3,"17":1,"18":3,"19":3,"20":321,"21":167,"22":108,"23":1,"24":1,"25":24,"26":20,"27":1},"f":{"0":3,"1":0,"2":59,"3":3,"4":3,"5":321,"6":167,"7":108,"8":1,"9":1,"10":24,"11":20},"b":{"0":[3,0],"1":[0,0],"2":[2,1],"3":[3,2],"4":[1,2],"5":[16,305]},"_coverageSchema":"1a1c01bbd47fc00a2c39e90264f33305004495a9","hash":"06b92b34cc7187ce0416d508eecdbad3994dad36","contentHash":"27998d675eff2676e3c3e4fe874745de2b18e176f7e8613d7163b3a13fa1713b"},"/Users/vaibhav.chopra/code/test_node_sdk/dist/utils/nodeify.js":{"path":"/Users/vaibhav.chopra/code/test_node_sdk/dist/utils/nodeify.js","statementMap":{"0":{"start":{"line":3,"column":16},"end":{"line":12,"column":1}},"1":{"start":{"line":4,"column":2},"end":{"line":6,"column":3}},"2":{"start":{"line":5,"column":4},"end":{"line":5,"column":51}},"3":{"start":{"line":5,"column":36},"end":{"line":5,"column":49}},"4":{"start":{"line":7,"column":2},"end":{"line":11,"column":5}},"5":{"start":{"line":8,"column":4},"end":{"line":8,"column":28}},"6":{"start":{"line":10,"column":4},"end":{"line":10,"column":20}},"7":{"start":{"line":13,"column":0},"end":{"line":13,"column":25}}},"fnMap":{"0":{"name":"(anonymous_0)","decl":{"start":{"line":3,"column":16},"end":{"line":3,"column":17}},"loc":{"start":{"line":3,"column":33},"end":{"line":12,"column":1}},"line":3},"1":{"name":"(anonymous_1)","decl":{"start":{"line":5,"column":24},"end":{"line":5,"column":25}},"loc":{"start":{"line":5,"column":36},"end":{"line":5,"column":49}},"line":5},"2":{"name":"(anonymous_2)","decl":{"start":{"line":7,"column":22},"end":{"line":7,"column":23}},"loc":{"start":{"line":7,"column":34},"end":{"line":9,"column":3}},"line":7},"3":{"name":"(anonymous_3)","decl":{"start":{"line":9,"column":11},"end":{"line":9,"column":12}},"loc":{"start":{"line":9,"column":20},"end":{"line":11,"column":3}},"line":9}},"branchMap":{"0":{"loc":{"start":{"line":4,"column":2},"end":{"line":6,"column":3}},"type":"if","locations":[{"start":{"line":4,"column":2},"end":{"line":6,"column":3}},{"start":{},"end":{}}],"line":4}},"s":{"0":1,"1":323,"2":181,"3":177,"4":142,"5":86,"6":56,"7":1},"f":{"0":323,"1":177,"2":86,"3":56},"b":{"0":[181,142]},"_coverageSchema":"1a1c01bbd47fc00a2c39e90264f33305004495a9","hash":"e32da181c4a5b6be824452df6c1f16c07dfdc658","contentHash":"49ba86af85005026247145804a3d8b97fcf39facddfe17bcb72e57420213f5e0"},"/Users/vaibhav.chopra/code/test_node_sdk/dist/utils/razorpay-utils.js":{"path":"/Users/vaibhav.chopra/code/test_node_sdk/dist/utils/razorpay-utils.js","statementMap":{"0":{"start":{"line":3,"column":15},"end":{"line":3,"column":32}},"1":{"start":{"line":5,"column":2},"end":{"line":5,"column":32}},"2":{"start":{"line":8,"column":2},"end":{"line":8,"column":53}},"3":{"start":{"line":11,"column":2},"end":{"line":11,"column":29}},"4":{"start":{"line":14,"column":2},"end":{"line":14,"column":71}},"5":{"start":{"line":17,"column":2},"end":{"line":19,"column":3}},"6":{"start":{"line":18,"column":4},"end":{"line":18,"column":16}},"7":{"start":{"line":20,"column":2},"end":{"line":20,"column":22}},"8":{"start":{"line":23,"column":2},"end":{"line":23,"column":38}},"9":{"start":{"line":26,"column":24},"end":{"line":26,"column":26}},"10":{"start":{"line":27,"column":2},"end":{"line":29,"column":3}},"11":{"start":{"line":28,"column":4},"end":{"line":28,"column":50}},"12":{"start":{"line":30,"column":2},"end":{"line":30,"column":25}},"13":{"start":{"line":40,"column":2},"end":{"line":40,"column":38}},"14":{"start":{"line":51,"column":2},"end":{"line":51,"column":150}},"15":{"start":{"line":64,"column":15},"end":{"line":64,"column":32}},"16":{"start":{"line":65,"column":2},"end":{"line":67,"column":3}},"17":{"start":{"line":66,"column":4},"end":{"line":66,"column":168}},"18":{"start":{"line":68,"column":2},"end":{"line":68,"column":25}},"19":{"start":{"line":71,"column":23},"end":{"line":71,"column":80}},"20":{"start":{"line":76,"column":24},"end":{"line":76,"column":53}},"21":{"start":{"line":79,"column":2},"end":{"line":81,"column":3}},"22":{"start":{"line":80,"column":4},"end":{"line":80,"column":17}},"23":{"start":{"line":84,"column":2},"end":{"line":84,"column":65}},"24":{"start":{"line":96,"column":18},"end":{"line":96,"column":35}},"25":{"start":{"line":97,"column":2},"end":{"line":99,"column":3}},"26":{"start":{"line":98,"column":4},"end":{"line":98,"column":43}},"27":{"start":{"line":100,"column":2},"end":{"line":113,"column":3}},"28":{"start":{"line":101,"column":18},"end":{"line":101,"column":33}},"29":{"start":{"line":102,"column":18},"end":{"line":102,"column":43}},"30":{"start":{"line":103,"column":9},"end":{"line":113,"column":3}},"31":{"start":{"line":104,"column":25},"end":{"line":104,"column":47}},"32":{"start":{"line":105,"column":18},"end":{"line":105,"column":50}},"33":{"start":{"line":106,"column":9},"end":{"line":113,"column":3}},"34":{"start":{"line":107,"column":24},"end":{"line":107,"column":46}},"35":{"start":{"line":108,"column":27},"end":{"line":108,"column":59}},"36":{"start":{"line":109,"column":28},"end":{"line":109,"column":54}},"37":{"start":{"line":110,"column":18},"end":{"line":110,"column":100}},"38":{"start":{"line":112,"column":4},"end":{"line":112,"column":71}},"39":{"start":{"line":114,"column":2},"end":{"line":114,"column":62}},"40":{"start":{"line":118,"column":16},"end":{"line":118,"column":38}},"41":{"start":{"line":119,"column":2},"end":{"line":119,"column":34}},"42":{"start":{"line":122,"column":2},"end":{"line":145,"column":3}},"43":{"start":{"line":124,"column":21},"end":{"line":124,"column":61}},"44":{"start":{"line":127,"column":15},"end":{"line":127,"column":31}},"45":{"start":{"line":128,"column":4},"end":{"line":128,"column":32}},"46":{"start":{"line":131,"column":19},"end":{"line":131,"column":69}},"47":{"start":{"line":134,"column":24},"end":{"line":134,"column":60}},"48":{"start":{"line":135,"column":4},"end":{"line":135,"column":67}},"49":{"start":{"line":138,"column":20},"end":{"line":138,"column":39}},"50":{"start":{"line":139,"column":22},"end":{"line":139,"column":61}},"51":{"start":{"line":142,"column":4},"end":{"line":142,"column":37}},"52":{"start":{"line":144,"column":4},"end":{"line":144,"column":57}},"53":{"start":{"line":148,"column":2},"end":{"line":153,"column":3}},"54":{"start":{"line":149,"column":4},"end":{"line":149,"column":17}},"55":{"start":{"line":150,"column":4},"end":{"line":150,"column":16}},"56":{"start":{"line":152,"column":4},"end":{"line":152,"column":17}},"57":{"start":{"line":155,"column":0},"end":{"line":169,"column":2}}},"fnMap":{"0":{"name":"getDateInSecs","decl":{"start":{"line":4,"column":9},"end":{"line":4,"column":22}},"loc":{"start":{"line":4,"column":29},"end":{"line":6,"column":1}},"line":4},"1":{"name":"normalizeDate","decl":{"start":{"line":7,"column":9},"end":{"line":7,"column":22}},"loc":{"start":{"line":7,"column":29},"end":{"line":9,"column":1}},"line":7},"2":{"name":"isNumber","decl":{"start":{"line":10,"column":9},"end":{"line":10,"column":17}},"loc":{"start":{"line":10,"column":23},"end":{"line":12,"column":1}},"line":10},"3":{"name":"isNonNullObject","decl":{"start":{"line":13,"column":9},"end":{"line":13,"column":24}},"loc":{"start":{"line":13,"column":32},"end":{"line":15,"column":1}},"line":13},"4":{"name":"normalizeBoolean","decl":{"start":{"line":16,"column":9},"end":{"line":16,"column":25}},"loc":{"start":{"line":16,"column":32},"end":{"line":21,"column":1}},"line":16},"5":{"name":"isDefined","decl":{"start":{"line":22,"column":9},"end":{"line":22,"column":18}},"loc":{"start":{"line":22,"column":26},"end":{"line":24,"column":1}},"line":22},"6":{"name":"normalizeNotes","decl":{"start":{"line":25,"column":9},"end":{"line":25,"column":23}},"loc":{"start":{"line":25,"column":36},"end":{"line":31,"column":1}},"line":25},"7":{"name":"prettify","decl":{"start":{"line":32,"column":9},"end":{"line":32,"column":17}},"loc":{"start":{"line":32,"column":23},"end":{"line":41,"column":1}},"line":32},"8":{"name":"getTestError","decl":{"start":{"line":42,"column":9},"end":{"line":42,"column":21}},"loc":{"start":{"line":42,"column":52},"end":{"line":52,"column":1}},"line":42},"9":{"name":"validateWebhookSignature","decl":{"start":{"line":53,"column":9},"end":{"line":53,"column":33}},"loc":{"start":{"line":53,"column":59},"end":{"line":85,"column":1}},"line":53},"10":{"name":"validatePaymentVerification","decl":{"start":{"line":86,"column":9},"end":{"line":86,"column":36}},"loc":{"start":{"line":86,"column":69},"end":{"line":115,"column":1}},"line":86},"11":{"name":"generateOnboardingSignature","decl":{"start":{"line":117,"column":9},"end":{"line":117,"column":36}},"loc":{"start":{"line":117,"column":58},"end":{"line":120,"column":1}},"line":117},"12":{"name":"encrypt","decl":{"start":{"line":121,"column":9},"end":{"line":121,"column":16}},"loc":{"start":{"line":121,"column":40},"end":{"line":146,"column":1}},"line":121},"13":{"name":"isValidUrl","decl":{"start":{"line":147,"column":9},"end":{"line":147,"column":19}},"loc":{"start":{"line":147,"column":25},"end":{"line":154,"column":1}},"line":147}},"branchMap":{"0":{"loc":{"start":{"line":8,"column":9},"end":{"line":8,"column":52}},"type":"cond-expr","locations":[{"start":{"line":8,"column":26},"end":{"line":8,"column":30}},{"start":{"line":8,"column":33},"end":{"line":8,"column":52}}],"line":8},"1":{"loc":{"start":{"line":14,"column":9},"end":{"line":14,"column":70}},"type":"binary-expr","locations":[{"start":{"line":14,"column":9},"end":{"line":14,"column":16}},{"start":{"line":14,"column":20},"end":{"line":14,"column":45}},{"start":{"line":14,"column":49},"end":{"line":14,"column":70}}],"line":14},"2":{"loc":{"start":{"line":17,"column":2},"end":{"line":19,"column":3}},"type":"if","locations":[{"start":{"line":17,"column":2},"end":{"line":19,"column":3}},{"start":{},"end":{}}],"line":17},"3":{"loc":{"start":{"line":20,"column":9},"end":{"line":20,"column":21}},"type":"cond-expr","locations":[{"start":{"line":20,"column":16},"end":{"line":20,"column":17}},{"start":{"line":20,"column":20},"end":{"line":20,"column":21}}],"line":20},"4":{"loc":{"start":{"line":25,"column":24},"end":{"line":25,"column":34}},"type":"default-arg","locations":[{"start":{"line":25,"column":32},"end":{"line":25,"column":34}}],"line":25},"5":{"loc":{"start":{"line":65,"column":2},"end":{"line":67,"column":3}},"type":"if","locations":[{"start":{"line":65,"column":2},"end":{"line":67,"column":3}},{"start":{},"end":{}}],"line":65},"6":{"loc":{"start":{"line":65,"column":6},"end":{"line":65,"column":69}},"type":"binary-expr","locations":[{"start":{"line":65,"column":6},"end":{"line":65,"column":22}},{"start":{"line":65,"column":26},"end":{"line":65,"column":47}},{"start":{"line":65,"column":51},"end":{"line":65,"column":69}}],"line":65},"7":{"loc":{"start":{"line":79,"column":2},"end":{"line":81,"column":3}},"type":"if","locations":[{"start":{"line":79,"column":2},"end":{"line":81,"column":3}},{"start":{},"end":{}}],"line":79},"8":{"loc":{"start":{"line":86,"column":37},"end":{"line":86,"column":48}},"type":"default-arg","locations":[{"start":{"line":86,"column":46},"end":{"line":86,"column":48}}],"line":86},"9":{"loc":{"start":{"line":97,"column":2},"end":{"line":99,"column":3}},"type":"if","locations":[{"start":{"line":97,"column":2},"end":{"line":99,"column":3}},{"start":{},"end":{}}],"line":97},"10":{"loc":{"start":{"line":100,"column":2},"end":{"line":113,"column":3}},"type":"if","locations":[{"start":{"line":100,"column":2},"end":{"line":113,"column":3}},{"start":{"line":103,"column":9},"end":{"line":113,"column":3}}],"line":100},"11":{"loc":{"start":{"line":103,"column":9},"end":{"line":113,"column":3}},"type":"if","locations":[{"start":{"line":103,"column":9},"end":{"line":113,"column":3}},{"start":{"line":106,"column":9},"end":{"line":113,"column":3}}],"line":103},"12":{"loc":{"start":{"line":106,"column":9},"end":{"line":113,"column":3}},"type":"if","locations":[{"start":{"line":106,"column":9},"end":{"line":113,"column":3}},{"start":{"line":111,"column":9},"end":{"line":113,"column":3}}],"line":106},"13":{"loc":{"start":{"line":117,"column":37},"end":{"line":117,"column":48}},"type":"default-arg","locations":[{"start":{"line":117,"column":46},"end":{"line":117,"column":48}}],"line":117}},"s":{"0":1,"1":42,"2":21,"3":23,"4":3,"5":3,"6":1,"7":2,"8":38,"9":1,"10":1,"11":2,"12":1,"13":2,"14":1,"15":8,"16":8,"17":0,"18":8,"19":8,"20":8,"21":8,"22":4,"23":4,"24":6,"25":6,"26":0,"27":6,"28":2,"29":2,"30":4,"31":2,"32":2,"33":2,"34":2,"35":2,"36":2,"37":2,"38":0,"39":6,"40":0,"41":0,"42":0,"43":0,"44":0,"45":0,"46":0,"47":0,"48":0,"49":0,"50":0,"51":0,"52":0,"53":0,"54":0,"55":0,"56":0,"57":1},"f":{"0":42,"1":21,"2":23,"3":3,"4":3,"5":38,"6":1,"7":2,"8":1,"9":8,"10":6,"11":0,"12":0,"13":0},"b":{"0":[0,21],"1":[3,0,0],"2":[1,2],"3":[1,1],"4":[0],"5":[0,8],"6":[8,8,8],"7":[4,4],"8":[0],"9":[0,6],"10":[2,4],"11":[2,2],"12":[2,0],"13":[0]},"_coverageSchema":"1a1c01bbd47fc00a2c39e90264f33305004495a9","hash":"b7146d9fb2c8b69bd818bbbd2395fc0fbe78cf65","contentHash":"b01cf0522cab277fcfcf520250db806f938bb39dcb061850161231ab282d538e"},"/Users/vaibhav.chopra/code/test_node_sdk/dist/resources/accounts.js":{"path":"/Users/vaibhav.chopra/code/test_node_sdk/dist/resources/accounts.js","statementMap":{"0":{"start":{"line":3,"column":0},"end":{"line":53,"column":2}},"1":{"start":{"line":4,"column":19},"end":{"line":4,"column":30}},"2":{"start":{"line":5,"column":2},"end":{"line":52,"column":4}},"3":{"start":{"line":7,"column":6},"end":{"line":11,"column":19}},"4":{"start":{"line":14,"column":6},"end":{"line":18,"column":19}},"5":{"start":{"line":21,"column":6},"end":{"line":24,"column":19}},"6":{"start":{"line":27,"column":6},"end":{"line":30,"column":19}},"7":{"start":{"line":36,"column":10},"end":{"line":36,"column":16}},"8":{"start":{"line":37,"column":6},"end":{"line":44,"column":19}},"9":{"start":{"line":47,"column":6},"end":{"line":50,"column":19}}},"fnMap":{"0":{"name":"(anonymous_0)","decl":{"start":{"line":3,"column":17},"end":{"line":3,"column":18}},"loc":{"start":{"line":3,"column":32},"end":{"line":53,"column":1}},"line":3},"1":{"name":"(anonymous_1)","decl":{"start":{"line":6,"column":4},"end":{"line":6,"column":5}},"loc":{"start":{"line":6,"column":29},"end":{"line":12,"column":5}},"line":6},"2":{"name":"(anonymous_2)","decl":{"start":{"line":13,"column":4},"end":{"line":13,"column":5}},"loc":{"start":{"line":13,"column":38},"end":{"line":19,"column":5}},"line":13},"3":{"name":"(anonymous_3)","decl":{"start":{"line":20,"column":4},"end":{"line":20,"column":5}},"loc":{"start":{"line":20,"column":31},"end":{"line":25,"column":5}},"line":20},"4":{"name":"(anonymous_4)","decl":{"start":{"line":26,"column":4},"end":{"line":26,"column":5}},"loc":{"start":{"line":26,"column":32},"end":{"line":31,"column":5}},"line":26},"5":{"name":"(anonymous_5)","decl":{"start":{"line":32,"column":4},"end":{"line":32,"column":5}},"loc":{"start":{"line":32,"column":50},"end":{"line":45,"column":5}},"line":32},"6":{"name":"(anonymous_6)","decl":{"start":{"line":46,"column":4},"end":{"line":46,"column":5}},"loc":{"start":{"line":46,"column":41},"end":{"line":51,"column":5}},"line":46}},"branchMap":{},"s":{"0":1,"1":3,"2":3,"3":1,"4":1,"5":1,"6":1,"7":0,"8":0,"9":1},"f":{"0":3,"1":1,"2":1,"3":1,"4":1,"5":0,"6":1},"b":{},"_coverageSchema":"1a1c01bbd47fc00a2c39e90264f33305004495a9","hash":"0074218d53e023bfa03eb7c225b5050f06d46b3e","contentHash":"8caae09538cac1473b645c24f908d24d482398f7cf92e1e39c8eac5c6be25eeb"},"/Users/vaibhav.chopra/code/test_node_sdk/dist/resources/stakeholders.js":{"path":"/Users/vaibhav.chopra/code/test_node_sdk/dist/resources/stakeholders.js","statementMap":{"0":{"start":{"line":3,"column":0},"end":{"line":53,"column":2}},"1":{"start":{"line":4,"column":19},"end":{"line":4,"column":30}},"2":{"start":{"line":5,"column":2},"end":{"line":52,"column":4}},"3":{"start":{"line":7,"column":6},"end":{"line":11,"column":19}},"4":{"start":{"line":14,"column":6},"end":{"line":18,"column":19}},"5":{"start":{"line":21,"column":6},"end":{"line":24,"column":19}},"6":{"start":{"line":27,"column":6},"end":{"line":30,"column":19}},"7":{"start":{"line":36,"column":10},"end":{"line":36,"column":16}},"8":{"start":{"line":37,"column":6},"end":{"line":44,"column":19}},"9":{"start":{"line":47,"column":6},"end":{"line":50,"column":19}}},"fnMap":{"0":{"name":"(anonymous_0)","decl":{"start":{"line":3,"column":17},"end":{"line":3,"column":18}},"loc":{"start":{"line":3,"column":32},"end":{"line":53,"column":1}},"line":3},"1":{"name":"(anonymous_1)","decl":{"start":{"line":6,"column":4},"end":{"line":6,"column":5}},"loc":{"start":{"line":6,"column":40},"end":{"line":12,"column":5}},"line":6},"2":{"name":"(anonymous_2)","decl":{"start":{"line":13,"column":4},"end":{"line":13,"column":5}},"loc":{"start":{"line":13,"column":53},"end":{"line":19,"column":5}},"line":13},"3":{"name":"(anonymous_3)","decl":{"start":{"line":20,"column":4},"end":{"line":20,"column":5}},"loc":{"start":{"line":20,"column":46},"end":{"line":25,"column":5}},"line":20},"4":{"name":"(anonymous_4)","decl":{"start":{"line":26,"column":4},"end":{"line":26,"column":5}},"loc":{"start":{"line":26,"column":29},"end":{"line":31,"column":5}},"line":26},"5":{"name":"(anonymous_5)","decl":{"start":{"line":32,"column":4},"end":{"line":32,"column":5}},"loc":{"start":{"line":32,"column":69},"end":{"line":45,"column":5}},"line":32},"6":{"name":"(anonymous_6)","decl":{"start":{"line":46,"column":4},"end":{"line":46,"column":5}},"loc":{"start":{"line":46,"column":60},"end":{"line":51,"column":5}},"line":46}},"branchMap":{},"s":{"0":1,"1":3,"2":3,"3":1,"4":1,"5":1,"6":1,"7":0,"8":0,"9":1},"f":{"0":3,"1":1,"2":1,"3":1,"4":1,"5":0,"6":1},"b":{},"_coverageSchema":"1a1c01bbd47fc00a2c39e90264f33305004495a9","hash":"58d35bece3bf29ab1f8b0d44472e591229e8ac7d","contentHash":"fbea39680d572e7ca5523a58cfc0a26fa049964945d205435080ffcf212b6015"},"/Users/vaibhav.chopra/code/test_node_sdk/dist/resources/payments.js":{"path":"/Users/vaibhav.chopra/code/test_node_sdk/dist/resources/payments.js","statementMap":{"0":{"start":{"line":5,"column":4},"end":{"line":5,"column":38}},"1":{"start":{"line":6,"column":24},"end":{"line":6,"column":51}},"2":{"start":{"line":7,"column":13},"end":{"line":7,"column":24}},"3":{"start":{"line":8,"column":0},"end":{"line":335,"column":2}},"4":{"start":{"line":9,"column":2},"end":{"line":334,"column":4}},"5":{"start":{"line":16,"column":10},"end":{"line":16,"column":16}},"6":{"start":{"line":18,"column":6},"end":{"line":20,"column":7}},"7":{"start":{"line":19,"column":8},"end":{"line":19,"column":35}},"8":{"start":{"line":21,"column":6},"end":{"line":23,"column":7}},"9":{"start":{"line":22,"column":8},"end":{"line":22,"column":31}},"10":{"start":{"line":24,"column":6},"end":{"line":28,"column":7}},"11":{"start":{"line":25,"column":8},"end":{"line":27,"column":10}},"12":{"start":{"line":29,"column":6},"end":{"line":29,"column":34}},"13":{"start":{"line":30,"column":6},"end":{"line":30,"column":31}},"14":{"start":{"line":31,"column":6},"end":{"line":40,"column":19}},"15":{"start":{"line":44,"column":6},"end":{"line":46,"column":7}},"16":{"start":{"line":45,"column":8},"end":{"line":45,"column":53}},"17":{"start":{"line":47,"column":6},"end":{"line":51,"column":7}},"18":{"start":{"line":48,"column":8},"end":{"line":50,"column":10}},"19":{"start":{"line":52,"column":6},"end":{"line":57,"column":19}},"20":{"start":{"line":60,"column":6},"end":{"line":62,"column":7}},"21":{"start":{"line":61,"column":8},"end":{"line":61,"column":53}},"22":{"start":{"line":63,"column":6},"end":{"line":65,"column":7}},"23":{"start":{"line":64,"column":8},"end":{"line":64,"column":49}},"24":{"start":{"line":66,"column":22},"end":{"line":68,"column":7}},"25":{"start":{"line":76,"column":6},"end":{"line":81,"column":7}},"26":{"start":{"line":77,"column":8},"end":{"line":77,"column":28}},"27":{"start":{"line":78,"column":8},"end":{"line":78,"column":29}},"28":{"start":{"line":79,"column":13},"end":{"line":81,"column":7}},"29":{"start":{"line":80,"column":8},"end":{"line":80,"column":36}},"30":{"start":{"line":82,"column":6},"end":{"line":85,"column":19}},"31":{"start":{"line":88,"column":16},"end":{"line":88,"column":41}},"32":{"start":{"line":91,"column":12},"end":{"line":91,"column":18}},"33":{"start":{"line":92,"column":15},"end":{"line":92,"column":34}},"34":{"start":{"line":93,"column":6},"end":{"line":96,"column":19}},"35":{"start":{"line":99,"column":6},"end":{"line":102,"column":19}},"36":{"start":{"line":105,"column":6},"end":{"line":107,"column":7}},"37":{"start":{"line":106,"column":8},"end":{"line":106,"column":53}},"38":{"start":{"line":108,"column":6},"end":{"line":111,"column":19}},"39":{"start":{"line":114,"column":6},"end":{"line":116,"column":7}},"40":{"start":{"line":115,"column":8},"end":{"line":115,"column":53}},"41":{"start":{"line":117,"column":6},"end":{"line":120,"column":19}},"42":{"start":{"line":138,"column":12},"end":{"line":138,"column":18}},"43":{"start":{"line":139,"column":14},"end":{"line":139,"column":48}},"44":{"start":{"line":140,"column":6},"end":{"line":149,"column":19}},"45":{"start":{"line":152,"column":6},"end":{"line":154,"column":7}},"46":{"start":{"line":153,"column":8},"end":{"line":153,"column":52}},"47":{"start":{"line":155,"column":6},"end":{"line":157,"column":7}},"48":{"start":{"line":156,"column":8},"end":{"line":156,"column":51}},"49":{"start":{"line":158,"column":6},"end":{"line":160,"column":19}},"50":{"start":{"line":172,"column":6},"end":{"line":174,"column":7}},"51":{"start":{"line":173,"column":8},"end":{"line":173,"column":52}},"52":{"start":{"line":175,"column":6},"end":{"line":177,"column":19}},"53":{"start":{"line":180,"column":6},"end":{"line":182,"column":7}},"54":{"start":{"line":181,"column":8},"end":{"line":181,"column":53}},"55":{"start":{"line":183,"column":6},"end":{"line":186,"column":19}},"56":{"start":{"line":189,"column":6},"end":{"line":191,"column":7}},"57":{"start":{"line":190,"column":8},"end":{"line":190,"column":47}},"58":{"start":{"line":192,"column":6},"end":{"line":194,"column":19}},"59":{"start":{"line":197,"column":6},"end":{"line":199,"column":7}},"60":{"start":{"line":198,"column":8},"end":{"line":198,"column":47}},"61":{"start":{"line":200,"column":6},"end":{"line":202,"column":19}},"62":{"start":{"line":205,"column":6},"end":{"line":207,"column":19}},"63":{"start":{"line":219,"column":6},"end":{"line":221,"column":7}},"64":{"start":{"line":220,"column":8},"end":{"line":220,"column":58}},"65":{"start":{"line":222,"column":6},"end":{"line":224,"column":19}},"66":{"start":{"line":236,"column":6},"end":{"line":238,"column":7}},"67":{"start":{"line":237,"column":8},"end":{"line":237,"column":57}},"68":{"start":{"line":239,"column":6},"end":{"line":241,"column":19}},"69":{"start":{"line":254,"column":6},"end":{"line":256,"column":7}},"70":{"start":{"line":255,"column":8},"end":{"line":255,"column":57}},"71":{"start":{"line":257,"column":6},"end":{"line":260,"column":19}},"72":{"start":{"line":272,"column":6},"end":{"line":274,"column":7}},"73":{"start":{"line":273,"column":8},"end":{"line":273,"column":57}},"74":{"start":{"line":275,"column":6},"end":{"line":277,"column":19}},"75":{"start":{"line":289,"column":16},"end":{"line":289,"column":40}},"76":{"start":{"line":292,"column":12},"end":{"line":292,"column":18}},"77":{"start":{"line":293,"column":15},"end":{"line":293,"column":34}},"78":{"start":{"line":294,"column":6},"end":{"line":297,"column":19}},"79":{"start":{"line":309,"column":16},"end":{"line":309,"column":42}},"80":{"start":{"line":312,"column":12},"end":{"line":312,"column":18}},"81":{"start":{"line":313,"column":15},"end":{"line":313,"column":34}},"82":{"start":{"line":314,"column":6},"end":{"line":317,"column":19}},"83":{"start":{"line":329,"column":16},"end":{"line":329,"column":26}},"84":{"start":{"line":330,"column":6},"end":{"line":332,"column":19}}},"fnMap":{"0":{"name":"(anonymous_0)","decl":{"start":{"line":8,"column":17},"end":{"line":8,"column":18}},"loc":{"start":{"line":8,"column":32},"end":{"line":335,"column":1}},"line":8},"1":{"name":"(anonymous_1)","decl":{"start":{"line":10,"column":4},"end":{"line":10,"column":5}},"loc":{"start":{"line":10,"column":31},"end":{"line":41,"column":5}},"line":10},"2":{"name":"(anonymous_2)","decl":{"start":{"line":42,"column":4},"end":{"line":42,"column":5}},"loc":{"start":{"line":42,"column":44},"end":{"line":58,"column":5}},"line":42},"3":{"name":"(anonymous_3)","decl":{"start":{"line":59,"column":4},"end":{"line":59,"column":5}},"loc":{"start":{"line":59,"column":51},"end":{"line":86,"column":5}},"line":59},"4":{"name":"(anonymous_4)","decl":{"start":{"line":87,"column":4},"end":{"line":87,"column":5}},"loc":{"start":{"line":87,"column":40},"end":{"line":97,"column":5}},"line":87},"5":{"name":"(anonymous_5)","decl":{"start":{"line":98,"column":4},"end":{"line":98,"column":5}},"loc":{"start":{"line":98,"column":45},"end":{"line":103,"column":5}},"line":98},"6":{"name":"(anonymous_6)","decl":{"start":{"line":104,"column":4},"end":{"line":104,"column":5}},"loc":{"start":{"line":104,"column":43},"end":{"line":112,"column":5}},"line":104},"7":{"name":"(anonymous_7)","decl":{"start":{"line":113,"column":4},"end":{"line":113,"column":5}},"loc":{"start":{"line":113,"column":45},"end":{"line":121,"column":5}},"line":113},"8":{"name":"(anonymous_8)","decl":{"start":{"line":122,"column":4},"end":{"line":122,"column":5}},"loc":{"start":{"line":122,"column":58},"end":{"line":150,"column":5}},"line":122},"9":{"name":"(anonymous_9)","decl":{"start":{"line":151,"column":4},"end":{"line":151,"column":5}},"loc":{"start":{"line":151,"column":47},"end":{"line":161,"column":5}},"line":151},"10":{"name":"(anonymous_10)","decl":{"start":{"line":162,"column":4},"end":{"line":162,"column":5}},"loc":{"start":{"line":162,"column":39},"end":{"line":178,"column":5}},"line":162},"11":{"name":"(anonymous_11)","decl":{"start":{"line":179,"column":4},"end":{"line":179,"column":5}},"loc":{"start":{"line":179,"column":47},"end":{"line":187,"column":5}},"line":179},"12":{"name":"(anonymous_12)","decl":{"start":{"line":188,"column":4},"end":{"line":188,"column":5}},"loc":{"start":{"line":188,"column":38},"end":{"line":195,"column":5}},"line":188},"13":{"name":"(anonymous_13)","decl":{"start":{"line":196,"column":4},"end":{"line":196,"column":5}},"loc":{"start":{"line":196,"column":42},"end":{"line":203,"column":5}},"line":196},"14":{"name":"(anonymous_14)","decl":{"start":{"line":204,"column":4},"end":{"line":204,"column":5}},"loc":{"start":{"line":204,"column":35},"end":{"line":208,"column":5}},"line":204},"15":{"name":"(anonymous_15)","decl":{"start":{"line":209,"column":4},"end":{"line":209,"column":5}},"loc":{"start":{"line":209,"column":51},"end":{"line":225,"column":5}},"line":209},"16":{"name":"(anonymous_16)","decl":{"start":{"line":226,"column":4},"end":{"line":226,"column":5}},"loc":{"start":{"line":226,"column":37},"end":{"line":242,"column":5}},"line":226},"17":{"name":"(anonymous_17)","decl":{"start":{"line":243,"column":4},"end":{"line":243,"column":5}},"loc":{"start":{"line":243,"column":48},"end":{"line":261,"column":5}},"line":243},"18":{"name":"(anonymous_18)","decl":{"start":{"line":262,"column":4},"end":{"line":262,"column":5}},"loc":{"start":{"line":262,"column":35},"end":{"line":278,"column":5}},"line":262},"19":{"name":"(anonymous_19)","decl":{"start":{"line":279,"column":4},"end":{"line":279,"column":5}},"loc":{"start":{"line":279,"column":37},"end":{"line":298,"column":5}},"line":279},"20":{"name":"(anonymous_20)","decl":{"start":{"line":299,"column":4},"end":{"line":299,"column":5}},"loc":{"start":{"line":299,"column":39},"end":{"line":318,"column":5}},"line":299},"21":{"name":"(anonymous_21)","decl":{"start":{"line":319,"column":4},"end":{"line":319,"column":5}},"loc":{"start":{"line":319,"column":34},"end":{"line":333,"column":5}},"line":319}},"branchMap":{"0":{"loc":{"start":{"line":10,"column":8},"end":{"line":10,"column":19}},"type":"default-arg","locations":[{"start":{"line":10,"column":17},"end":{"line":10,"column":19}}],"line":10},"1":{"loc":{"start":{"line":18,"column":6},"end":{"line":20,"column":7}},"type":"if","locations":[{"start":{"line":18,"column":6},"end":{"line":20,"column":7}},{"start":{},"end":{}}],"line":18},"2":{"loc":{"start":{"line":21,"column":6},"end":{"line":23,"column":7}},"type":"if","locations":[{"start":{"line":21,"column":6},"end":{"line":23,"column":7}},{"start":{},"end":{}}],"line":21},"3":{"loc":{"start":{"line":24,"column":6},"end":{"line":28,"column":7}},"type":"if","locations":[{"start":{"line":24,"column":6},"end":{"line":28,"column":7}},{"start":{},"end":{}}],"line":24},"4":{"loc":{"start":{"line":29,"column":14},"end":{"line":29,"column":33}},"type":"binary-expr","locations":[{"start":{"line":29,"column":14},"end":{"line":29,"column":27}},{"start":{"line":29,"column":31},"end":{"line":29,"column":33}}],"line":29},"5":{"loc":{"start":{"line":30,"column":13},"end":{"line":30,"column":30}},"type":"binary-expr","locations":[{"start":{"line":30,"column":13},"end":{"line":30,"column":25}},{"start":{"line":30,"column":29},"end":{"line":30,"column":30}}],"line":30},"6":{"loc":{"start":{"line":42,"column":21},"end":{"line":42,"column":32}},"type":"default-arg","locations":[{"start":{"line":42,"column":30},"end":{"line":42,"column":32}}],"line":42},"7":{"loc":{"start":{"line":44,"column":6},"end":{"line":46,"column":7}},"type":"if","locations":[{"start":{"line":44,"column":6},"end":{"line":46,"column":7}},{"start":{},"end":{}}],"line":44},"8":{"loc":{"start":{"line":47,"column":6},"end":{"line":51,"column":7}},"type":"if","locations":[{"start":{"line":47,"column":6},"end":{"line":51,"column":7}},{"start":{},"end":{}}],"line":47},"9":{"loc":{"start":{"line":60,"column":6},"end":{"line":62,"column":7}},"type":"if","locations":[{"start":{"line":60,"column":6},"end":{"line":62,"column":7}},{"start":{},"end":{}}],"line":60},"10":{"loc":{"start":{"line":63,"column":6},"end":{"line":65,"column":7}},"type":"if","locations":[{"start":{"line":63,"column":6},"end":{"line":65,"column":7}},{"start":{},"end":{}}],"line":63},"11":{"loc":{"start":{"line":76,"column":6},"end":{"line":81,"column":7}},"type":"if","locations":[{"start":{"line":76,"column":6},"end":{"line":81,"column":7}},{"start":{"line":79,"column":13},"end":{"line":81,"column":7}}],"line":76},"12":{"loc":{"start":{"line":76,"column":10},"end":{"line":76,"column":53}},"type":"binary-expr","locations":[{"start":{"line":76,"column":10},"end":{"line":76,"column":40}},{"start":{"line":76,"column":44},"end":{"line":76,"column":53}}],"line":76},"13":{"loc":{"start":{"line":79,"column":13},"end":{"line":81,"column":7}},"type":"if","locations":[{"start":{"line":79,"column":13},"end":{"line":81,"column":7}},{"start":{},"end":{}}],"line":79},"14":{"loc":{"start":{"line":104,"column":20},"end":{"line":104,"column":31}},"type":"default-arg","locations":[{"start":{"line":104,"column":29},"end":{"line":104,"column":31}}],"line":104},"15":{"loc":{"start":{"line":105,"column":6},"end":{"line":107,"column":7}},"type":"if","locations":[{"start":{"line":105,"column":6},"end":{"line":107,"column":7}},{"start":{},"end":{}}],"line":105},"16":{"loc":{"start":{"line":113,"column":22},"end":{"line":113,"column":33}},"type":"default-arg","locations":[{"start":{"line":113,"column":31},"end":{"line":113,"column":33}}],"line":113},"17":{"loc":{"start":{"line":114,"column":6},"end":{"line":116,"column":7}},"type":"if","locations":[{"start":{"line":114,"column":6},"end":{"line":116,"column":7}},{"start":{},"end":{}}],"line":114},"18":{"loc":{"start":{"line":122,"column":35},"end":{"line":122,"column":46}},"type":"default-arg","locations":[{"start":{"line":122,"column":44},"end":{"line":122,"column":46}}],"line":122},"19":{"loc":{"start":{"line":152,"column":6},"end":{"line":154,"column":7}},"type":"if","locations":[{"start":{"line":152,"column":6},"end":{"line":154,"column":7}},{"start":{},"end":{}}],"line":152},"20":{"loc":{"start":{"line":155,"column":6},"end":{"line":157,"column":7}},"type":"if","locations":[{"start":{"line":155,"column":6},"end":{"line":157,"column":7}},{"start":{},"end":{}}],"line":155},"21":{"loc":{"start":{"line":172,"column":6},"end":{"line":174,"column":7}},"type":"if","locations":[{"start":{"line":172,"column":6},"end":{"line":174,"column":7}},{"start":{},"end":{}}],"line":172},"22":{"loc":{"start":{"line":179,"column":24},"end":{"line":179,"column":35}},"type":"default-arg","locations":[{"start":{"line":179,"column":33},"end":{"line":179,"column":35}}],"line":179},"23":{"loc":{"start":{"line":180,"column":6},"end":{"line":182,"column":7}},"type":"if","locations":[{"start":{"line":180,"column":6},"end":{"line":182,"column":7}},{"start":{},"end":{}}],"line":180},"24":{"loc":{"start":{"line":189,"column":6},"end":{"line":191,"column":7}},"type":"if","locations":[{"start":{"line":189,"column":6},"end":{"line":191,"column":7}},{"start":{},"end":{}}],"line":189},"25":{"loc":{"start":{"line":197,"column":6},"end":{"line":199,"column":7}},"type":"if","locations":[{"start":{"line":197,"column":6},"end":{"line":199,"column":7}},{"start":{},"end":{}}],"line":197},"26":{"loc":{"start":{"line":219,"column":6},"end":{"line":221,"column":7}},"type":"if","locations":[{"start":{"line":219,"column":6},"end":{"line":221,"column":7}},{"start":{},"end":{}}],"line":219},"27":{"loc":{"start":{"line":236,"column":6},"end":{"line":238,"column":7}},"type":"if","locations":[{"start":{"line":236,"column":6},"end":{"line":238,"column":7}},{"start":{},"end":{}}],"line":236},"28":{"loc":{"start":{"line":243,"column":25},"end":{"line":243,"column":36}},"type":"default-arg","locations":[{"start":{"line":243,"column":34},"end":{"line":243,"column":36}}],"line":243},"29":{"loc":{"start":{"line":254,"column":6},"end":{"line":256,"column":7}},"type":"if","locations":[{"start":{"line":254,"column":6},"end":{"line":256,"column":7}},{"start":{},"end":{}}],"line":254},"30":{"loc":{"start":{"line":272,"column":6},"end":{"line":274,"column":7}},"type":"if","locations":[{"start":{"line":272,"column":6},"end":{"line":274,"column":7}},{"start":{},"end":{}}],"line":272},"31":{"loc":{"start":{"line":279,"column":14},"end":{"line":279,"column":25}},"type":"default-arg","locations":[{"start":{"line":279,"column":23},"end":{"line":279,"column":25}}],"line":279},"32":{"loc":{"start":{"line":299,"column":16},"end":{"line":299,"column":27}},"type":"default-arg","locations":[{"start":{"line":299,"column":25},"end":{"line":299,"column":27}}],"line":299}},"s":{"0":1,"1":1,"2":1,"3":1,"4":3,"5":2,"6":2,"7":1,"8":2,"9":1,"10":2,"11":0,"12":2,"13":2,"14":2,"15":3,"16":2,"17":1,"18":0,"19":1,"20":3,"21":1,"22":2,"23":1,"24":1,"25":1,"26":0,"27":0,"28":1,"29":1,"30":1,"31":1,"32":1,"33":1,"34":1,"35":1,"36":1,"37":0,"38":1,"39":2,"40":1,"41":1,"42":4,"43":4,"44":4,"45":1,"46":0,"47":1,"48":0,"49":1,"50":1,"51":0,"52":1,"53":3,"54":1,"55":2,"56":5,"57":1,"58":4,"59":5,"60":1,"61":4,"62":1,"63":5,"64":1,"65":4,"66":1,"67":0,"68":1,"69":1,"70":0,"71":1,"72":1,"73":0,"74":1,"75":0,"76":0,"77":0,"78":0,"79":0,"80":0,"81":0,"82":0,"83":0,"84":0},"f":{"0":3,"1":2,"2":3,"3":3,"4":1,"5":1,"6":1,"7":2,"8":4,"9":1,"10":1,"11":3,"12":5,"13":5,"14":1,"15":5,"16":1,"17":1,"18":1,"19":0,"20":0,"21":0},"b":{"0":[1],"1":[1,1],"2":[1,1],"3":[0,2],"4":[2,1],"5":[2,1],"6":[3],"7":[2,1],"8":[0,1],"9":[1,2],"10":[1,1],"11":[0,1],"12":[1,0],"13":[1,0],"14":[0],"15":[0,1],"16":[1],"17":[1,1],"18":[0],"19":[0,1],"20":[0,1],"21":[0,1],"22":[1],"23":[1,2],"24":[1,4],"25":[1,4],"26":[1,4],"27":[0,1],"28":[0],"29":[0,1],"30":[0,1],"31":[0],"32":[0]},"_coverageSchema":"1a1c01bbd47fc00a2c39e90264f33305004495a9","hash":"ffa24eb85babf4d365c2f95ca80bef70b3ca2032","contentHash":"967e315234244369d24fc0fdfe615cc91595f9037d5ae087727772f6de8aa69b"},"/Users/vaibhav.chopra/code/test_node_sdk/dist/resources/refunds.js":{"path":"/Users/vaibhav.chopra/code/test_node_sdk/dist/resources/refunds.js","statementMap":{"0":{"start":{"line":6,"column":4},"end":{"line":6,"column":38}},"1":{"start":{"line":7,"column":0},"end":{"line":64,"column":2}},"2":{"start":{"line":8,"column":2},"end":{"line":63,"column":4}},"3":{"start":{"line":16,"column":10},"end":{"line":16,"column":16}},"4":{"start":{"line":17,"column":16},"end":{"line":17,"column":26}},"5":{"start":{"line":18,"column":6},"end":{"line":20,"column":7}},"6":{"start":{"line":19,"column":8},"end":{"line":19,"column":48}},"7":{"start":{"line":21,"column":6},"end":{"line":23,"column":7}},"8":{"start":{"line":22,"column":8},"end":{"line":22,"column":35}},"9":{"start":{"line":24,"column":6},"end":{"line":26,"column":7}},"10":{"start":{"line":25,"column":8},"end":{"line":25,"column":31}},"11":{"start":{"line":27,"column":6},"end":{"line":27,"column":34}},"12":{"start":{"line":28,"column":6},"end":{"line":28,"column":31}},"13":{"start":{"line":29,"column":6},"end":{"line":37,"column":19}},"14":{"start":{"line":40,"column":6},"end":{"line":42,"column":7}},"15":{"start":{"line":41,"column":8},"end":{"line":41,"column":50}},"16":{"start":{"line":43,"column":6},"end":{"line":46,"column":19}},"17":{"start":{"line":51,"column":10},"end":{"line":51,"column":16}},"18":{"start":{"line":52,"column":6},"end":{"line":54,"column":7}},"19":{"start":{"line":53,"column":8},"end":{"line":53,"column":52}},"20":{"start":{"line":55,"column":16},"end":{"line":55,"column":38}},"21":{"start":{"line":56,"column":6},"end":{"line":58,"column":7}},"22":{"start":{"line":57,"column":8},"end":{"line":57,"column":46}},"23":{"start":{"line":59,"column":6},"end":{"line":61,"column":19}}},"fnMap":{"0":{"name":"(anonymous_0)","decl":{"start":{"line":7,"column":17},"end":{"line":7,"column":18}},"loc":{"start":{"line":7,"column":32},"end":{"line":64,"column":1}},"line":7},"1":{"name":"(anonymous_1)","decl":{"start":{"line":9,"column":4},"end":{"line":9,"column":5}},"loc":{"start":{"line":9,"column":31},"end":{"line":38,"column":5}},"line":9},"2":{"name":"(anonymous_2)","decl":{"start":{"line":39,"column":4},"end":{"line":39,"column":5}},"loc":{"start":{"line":39,"column":37},"end":{"line":47,"column":5}},"line":39},"3":{"name":"(anonymous_3)","decl":{"start":{"line":48,"column":4},"end":{"line":48,"column":5}},"loc":{"start":{"line":48,"column":43},"end":{"line":62,"column":5}},"line":48}},"branchMap":{"0":{"loc":{"start":{"line":9,"column":8},"end":{"line":9,"column":19}},"type":"default-arg","locations":[{"start":{"line":9,"column":17},"end":{"line":9,"column":19}}],"line":9},"1":{"loc":{"start":{"line":18,"column":6},"end":{"line":20,"column":7}},"type":"if","locations":[{"start":{"line":18,"column":6},"end":{"line":20,"column":7}},{"start":{},"end":{}}],"line":18},"2":{"loc":{"start":{"line":21,"column":6},"end":{"line":23,"column":7}},"type":"if","locations":[{"start":{"line":21,"column":6},"end":{"line":23,"column":7}},{"start":{},"end":{}}],"line":21},"3":{"loc":{"start":{"line":24,"column":6},"end":{"line":26,"column":7}},"type":"if","locations":[{"start":{"line":24,"column":6},"end":{"line":26,"column":7}},{"start":{},"end":{}}],"line":24},"4":{"loc":{"start":{"line":27,"column":14},"end":{"line":27,"column":33}},"type":"binary-expr","locations":[{"start":{"line":27,"column":14},"end":{"line":27,"column":27}},{"start":{"line":27,"column":31},"end":{"line":27,"column":33}}],"line":27},"5":{"loc":{"start":{"line":28,"column":13},"end":{"line":28,"column":30}},"type":"binary-expr","locations":[{"start":{"line":28,"column":13},"end":{"line":28,"column":25}},{"start":{"line":28,"column":29},"end":{"line":28,"column":30}}],"line":28},"6":{"loc":{"start":{"line":40,"column":6},"end":{"line":42,"column":7}},"type":"if","locations":[{"start":{"line":40,"column":6},"end":{"line":42,"column":7}},{"start":{},"end":{}}],"line":40},"7":{"loc":{"start":{"line":48,"column":20},"end":{"line":48,"column":31}},"type":"default-arg","locations":[{"start":{"line":48,"column":29},"end":{"line":48,"column":31}}],"line":48},"8":{"loc":{"start":{"line":52,"column":6},"end":{"line":54,"column":7}},"type":"if","locations":[{"start":{"line":52,"column":6},"end":{"line":54,"column":7}},{"start":{},"end":{}}],"line":52},"9":{"loc":{"start":{"line":56,"column":6},"end":{"line":58,"column":7}},"type":"if","locations":[{"start":{"line":56,"column":6},"end":{"line":58,"column":7}},{"start":{},"end":{}}],"line":56}},"s":{"0":1,"1":1,"2":3,"3":3,"4":3,"5":3,"6":1,"7":3,"8":1,"9":3,"10":1,"11":3,"12":3,"13":3,"14":1,"15":0,"16":1,"17":3,"18":3,"19":1,"20":2,"21":2,"22":1,"23":2},"f":{"0":3,"1":3,"2":1,"3":3},"b":{"0":[1],"1":[1,2],"2":[1,2],"3":[1,2],"4":[3,2],"5":[3,2],"6":[0,1],"7":[2],"8":[1,2],"9":[1,1]},"_coverageSchema":"1a1c01bbd47fc00a2c39e90264f33305004495a9","hash":"c149c87a088cca81074ef0345d3cbda01faa2417","contentHash":"412b1d2e5cb9de08da2caca1afbd39b9bf827f667e5e09f7bdc948516c0f61aa"},"/Users/vaibhav.chopra/code/test_node_sdk/dist/resources/orders.js":{"path":"/Users/vaibhav.chopra/code/test_node_sdk/dist/resources/orders.js","statementMap":{"0":{"start":{"line":5,"column":4},"end":{"line":5,"column":38}},"1":{"start":{"line":6,"column":0},"end":{"line":105,"column":2}},"2":{"start":{"line":7,"column":2},"end":{"line":104,"column":4}},"3":{"start":{"line":16,"column":10},"end":{"line":16,"column":16}},"4":{"start":{"line":18,"column":6},"end":{"line":20,"column":7}},"5":{"start":{"line":19,"column":8},"end":{"line":19,"column":35}},"6":{"start":{"line":21,"column":6},"end":{"line":23,"column":7}},"7":{"start":{"line":22,"column":8},"end":{"line":22,"column":31}},"8":{"start":{"line":24,"column":6},"end":{"line":28,"column":7}},"9":{"start":{"line":25,"column":8},"end":{"line":27,"column":10}},"10":{"start":{"line":29,"column":6},"end":{"line":29,"column":34}},"11":{"start":{"line":30,"column":6},"end":{"line":30,"column":31}},"12":{"start":{"line":31,"column":6},"end":{"line":31,"column":30}},"13":{"start":{"line":32,"column":6},"end":{"line":43,"column":19}},"14":{"start":{"line":46,"column":6},"end":{"line":48,"column":7}},"15":{"start":{"line":47,"column":8},"end":{"line":47,"column":51}},"16":{"start":{"line":49,"column":6},"end":{"line":51,"column":19}},"17":{"start":{"line":57,"column":10},"end":{"line":57,"column":16}},"18":{"start":{"line":58,"column":6},"end":{"line":58,"column":35}},"19":{"start":{"line":59,"column":17},"end":{"line":62,"column":8}},"20":{"start":{"line":63,"column":6},"end":{"line":66,"column":19}},"21":{"start":{"line":69,"column":6},"end":{"line":71,"column":7}},"22":{"start":{"line":70,"column":8},"end":{"line":70,"column":51}},"23":{"start":{"line":72,"column":6},"end":{"line":75,"column":19}},"24":{"start":{"line":78,"column":6},"end":{"line":80,"column":7}},"25":{"start":{"line":79,"column":8},"end":{"line":79,"column":51}},"26":{"start":{"line":81,"column":6},"end":{"line":83,"column":19}},"27":{"start":{"line":86,"column":6},"end":{"line":88,"column":7}},"28":{"start":{"line":87,"column":8},"end":{"line":87,"column":51}},"29":{"start":{"line":89,"column":6},"end":{"line":91,"column":19}},"30":{"start":{"line":94,"column":6},"end":{"line":96,"column":19}},"31":{"start":{"line":99,"column":6},"end":{"line":102,"column":9}}},"fnMap":{"0":{"name":"(anonymous_0)","decl":{"start":{"line":6,"column":17},"end":{"line":6,"column":18}},"loc":{"start":{"line":6,"column":32},"end":{"line":105,"column":1}},"line":6},"1":{"name":"(anonymous_1)","decl":{"start":{"line":8,"column":4},"end":{"line":8,"column":5}},"loc":{"start":{"line":8,"column":31},"end":{"line":44,"column":5}},"line":8},"2":{"name":"(anonymous_2)","decl":{"start":{"line":45,"column":4},"end":{"line":45,"
[...]
:{"0":3,"1":5,"2":4,"3":4,"4":4,"5":4},"b":{"0":[0],"1":[0,5],"2":[0,5],"3":[5,4],"4":[5,4],"5":[0,4],"6":[0],"7":[4,0],"8":[0,4],"9":[0],"10":[0,4],"11":[0,4]},"_coverageSchema":"1a1c01bbd47fc00a2c39e90264f33305004495a9","hash":"5568b143340ec76fde359e6127369c953fd2a073","contentHash":"274c05f2fc5597e7866817967fa3524287e6b366b37902f8ee9de298a10568d4"},"/Users/vaibhav.chopra/code/test_node_sdk/dist/resources/cards.js":{"path":"/Users/vaibhav.chopra/code/test_node_sdk/dist/resources/cards.js","statementMap":{"0":{"start":{"line":3,"column":0},"end":{"line":20,"column":2}},"1":{"start":{"line":4,"column":2},"end":{"line":19,"column":4}},"2":{"start":{"line":6,"column":6},"end":{"line":8,"column":7}},"3":{"start":{"line":7,"column":8},"end":{"line":7,"column":50}},"4":{"start":{"line":9,"column":6},"end":{"line":11,"column":19}},"5":{"start":{"line":14,"column":6},"end":{"line":17,"column":19}}},"fnMap":{"0":{"name":"(anonymous_0)","decl":{"start":{"line":3,"column":17},"end":{"line":3,"column":18}},"loc":{"start":{"line":3,"column":32},"end":{"line":20,"column":1}},"line":3},"1":{"name":"(anonymous_1)","decl":{"start":{"line":5,"column":4},"end":{"line":5,"column":5}},"loc":{"start":{"line":5,"column":28},"end":{"line":12,"column":5}},"line":5},"2":{"name":"(anonymous_2)","decl":{"start":{"line":13,"column":4},"end":{"line":13,"column":5}},"loc":{"start":{"line":13,"column":43},"end":{"line":18,"column":5}},"line":13}},"branchMap":{"0":{"loc":{"start":{"line":6,"column":6},"end":{"line":8,"column":7}},"type":"if","locations":[{"start":{"line":6,"column":6},"end":{"line":8,"column":7}},{"start":{},"end":{}}],"line":6}},"s":{"0":1,"1":3,"2":4,"3":0,"4":4,"5":0},"f":{"0":3,"1":4,"2":0},"b":{"0":[0,4]},"_coverageSchema":"1a1c01bbd47fc00a2c39e90264f33305004495a9","hash":"d5194a685281e9329d117466b616eb1fdf51966f","contentHash":"a59e61fd5ecaa07d526882e02f25adee70b027bdd71a510022c2cd9410cd3be4"},"/Users/vaibhav.chopra/code/test_node_sdk/dist/resources/webhooks.js":{"path":"/Users/vaibhav.chopra/code/test_node_sdk/dist/resources/webhooks.js","statementMap":{"0":{"start":{"line":5,"column":4},"end":{"line":5,"column":38}},"1":{"start":{"line":6,"column":0},"end":{"line":83,"column":2}},"2":{"start":{"line":7,"column":19},"end":{"line":7,"column":30}},"3":{"start":{"line":8,"column":2},"end":{"line":82,"column":4}},"4":{"start":{"line":10,"column":20},"end":{"line":13,"column":7}},"5":{"start":{"line":14,"column":6},"end":{"line":20,"column":7}},"6":{"start":{"line":15,"column":8},"end":{"line":19,"column":10}},"7":{"start":{"line":21,"column":6},"end":{"line":21,"column":41}},"8":{"start":{"line":24,"column":6},"end":{"line":30,"column":7}},"9":{"start":{"line":25,"column":8},"end":{"line":29,"column":21}},"10":{"start":{"line":31,"column":6},"end":{"line":34,"column":19}},"11":{"start":{"line":42,"column":10},"end":{"line":42,"column":16}},"12":{"start":{"line":43,"column":6},"end":{"line":45,"column":7}},"13":{"start":{"line":44,"column":8},"end":{"line":44,"column":35}},"14":{"start":{"line":46,"column":6},"end":{"line":48,"column":7}},"15":{"start":{"line":47,"column":8},"end":{"line":47,"column":31}},"16":{"start":{"line":49,"column":6},"end":{"line":49,"column":34}},"17":{"start":{"line":50,"column":6},"end":{"line":50,"column":31}},"18":{"start":{"line":51,"column":17},"end":{"line":57,"column":7}},"19":{"start":{"line":58,"column":6},"end":{"line":64,"column":7}},"20":{"start":{"line":59,"column":8},"end":{"line":63,"column":21}},"21":{"start":{"line":65,"column":6},"end":{"line":68,"column":19}},"22":{"start":{"line":71,"column":6},"end":{"line":74,"column":19}},"23":{"start":{"line":77,"column":6},"end":{"line":80,"column":19}}},"fnMap":{"0":{"name":"(anonymous_0)","decl":{"start":{"line":6,"column":17},"end":{"line":6,"column":18}},"loc":{"start":{"line":6,"column":32},"end":{"line":83,"column":1}},"line":6},"1":{"name":"(anonymous_1)","decl":{"start":{"line":9,"column":4},"end":{"line":9,"column":5}},"loc":{"start":{"line":9,"column":40},"end":{"line":22,"column":5}},"line":9},"2":{"name":"(anonymous_2)","decl":{"start":{"line":23,"column":4},"end":{"line":23,"column":5}},"loc":{"start":{"line":23,"column":49},"end":{"line":35,"column":5}},"line":23},"3":{"name":"(anonymous_3)","decl":{"start":{"line":36,"column":4},"end":{"line":36,"column":5}},"loc":{"start":{"line":36,"column":42},"end":{"line":69,"column":5}},"line":36},"4":{"name":"(anonymous_4)","decl":{"start":{"line":70,"column":4},"end":{"line":70,"column":5}},"loc":{"start":{"line":70,"column":42},"end":{"line":75,"column":5}},"line":70},"5":{"name":"(anonymous_5)","decl":{"start":{"line":76,"column":4},"end":{"line":76,"column":5}},"loc":{"start":{"line":76,"column":43},"end":{"line":81,"column":5}},"line":76}},"branchMap":{"0":{"loc":{"start":{"line":14,"column":6},"end":{"line":20,"column":7}},"type":"if","locations":[{"start":{"line":14,"column":6},"end":{"line":20,"column":7}},{"start":{},"end":{}}],"line":14},"1":{"loc":{"start":{"line":24,"column":6},"end":{"line":30,"column":7}},"type":"if","locations":[{"start":{"line":24,"column":6},"end":{"line":30,"column":7}},{"start":{},"end":{}}],"line":24},"2":{"loc":{"start":{"line":24,"column":10},"end":{"line":24,"column":32}},"type":"binary-expr","locations":[{"start":{"line":24,"column":10},"end":{"line":24,"column":19}},{"start":{"line":24,"column":23},"end":{"line":24,"column":32}}],"line":24},"3":{"loc":{"start":{"line":36,"column":8},"end":{"line":36,"column":19}},"type":"default-arg","locations":[{"start":{"line":36,"column":17},"end":{"line":36,"column":19}}],"line":36},"4":{"loc":{"start":{"line":43,"column":6},"end":{"line":45,"column":7}},"type":"if","locations":[{"start":{"line":43,"column":6},"end":{"line":45,"column":7}},{"start":{},"end":{}}],"line":43},"5":{"loc":{"start":{"line":46,"column":6},"end":{"line":48,"column":7}},"type":"if","locations":[{"start":{"line":46,"column":6},"end":{"line":48,"column":7}},{"start":{},"end":{}}],"line":46},"6":{"loc":{"start":{"line":49,"column":14},"end":{"line":49,"column":33}},"type":"binary-expr","locations":[{"start":{"line":49,"column":14},"end":{"line":49,"column":27}},{"start":{"line":49,"column":31},"end":{"line":49,"column":33}}],"line":49},"7":{"loc":{"start":{"line":50,"column":13},"end":{"line":50,"column":30}},"type":"binary-expr","locations":[{"start":{"line":50,"column":13},"end":{"line":50,"column":25}},{"start":{"line":50,"column":29},"end":{"line":50,"column":30}}],"line":50},"8":{"loc":{"start":{"line":58,"column":6},"end":{"line":64,"column":7}},"type":"if","locations":[{"start":{"line":58,"column":6},"end":{"line":64,"column":7}},{"start":{},"end":{}}],"line":58}},"s":{"0":1,"1":1,"2":3,"3":3,"4":1,"5":1,"6":1,"7":1,"8":1,"9":1,"10":0,"11":0,"12":0,"13":0,"14":0,"15":0,"16":0,"17":0,"18":0,"19":0,"20":0,"21":0,"22":1,"23":0},"f":{"0":3,"1":1,"2":1,"3":0,"4":1,"5":0},"b":{"0":[1,0],"1":[1,0],"2":[1,1],"3":[0],"4":[0,0],"5":[0,0],"6":[0,0],"7":[0,0],"8":[0,0]},"_coverageSchema":"1a1c01bbd47fc00a2c39e90264f33305004495a9","hash":"267cf890d53668cdfc18146c628bb64f953f3f4c","contentHash":"ee8054170ec6de99fa860a46b58073f36902c8c2943e2c5103d06d6b03ac1ab2"},"/Users/vaibhav.chopra/code/test_node_sdk/dist/resources/documents.js":{"path":"/Users/vaibhav.chopra/code/test_node_sdk/dist/resources/documents.js","statementMap":{"0":{"start":{"line":3,"column":0},"end":{"line":25,"column":2}},"1":{"start":{"line":4,"column":19},"end":{"line":4,"column":31}},"2":{"start":{"line":5,"column":2},"end":{"line":24,"column":4}},"3":{"start":{"line":10,"column":10},"end":{"line":10,"column":16}},"4":{"start":{"line":11,"column":6},"end":{"line":17,"column":19}},"5":{"start":{"line":20,"column":6},"end":{"line":22,"column":19}}},"fnMap":{"0":{"name":"(anonymous_0)","decl":{"start":{"line":3,"column":17},"end":{"line":3,"column":18}},"loc":{"start":{"line":3,"column":32},"end":{"line":25,"column":1}},"line":3},"1":{"name":"(anonymous_1)","decl":{"start":{"line":6,"column":4},"end":{"line":6,"column":5}},"loc":{"start":{"line":6,"column":29},"end":{"line":18,"column":5}},"line":6},"2":{"name":"(anonymous_2)","decl":{"start":{"line":19,"column":4},"end":{"line":19,"column":5}},"loc":{"start":{"line":19,"column":32},"end":{"line":23,"column":5}},"line":19}},"branchMap":{},"s":{"0":1,"1":3,"2":3,"3":1,"4":1,"5":1},"f":{"0":3,"1":1,"2":1},"b":{},"_coverageSchema":"1a1c01bbd47fc00a2c39e90264f33305004495a9","hash":"47fc008014b5654baac1ed72722767920d4517fa","contentHash":"6a64f5c4f721b22d37b4b67f3de22c398c956f3448c0300f2fa89a51f41af66c"},"/Users/vaibhav.chopra/code/test_node_sdk/dist/resources/disputes.js":{"path":"/Users/vaibhav.chopra/code/test_node_sdk/dist/resources/disputes.js","statementMap":{"0":{"start":{"line":3,"column":0},"end":{"line":38,"column":2}},"1":{"start":{"line":4,"column":19},"end":{"line":4,"column":30}},"2":{"start":{"line":5,"column":2},"end":{"line":37,"column":4}},"3":{"start":{"line":7,"column":6},"end":{"line":9,"column":19}},"4":{"start":{"line":15,"column":10},"end":{"line":15,"column":16}},"5":{"start":{"line":16,"column":6},"end":{"line":16,"column":34}},"6":{"start":{"line":17,"column":6},"end":{"line":17,"column":31}},"7":{"start":{"line":18,"column":6},"end":{"line":24,"column":19}},"8":{"start":{"line":27,"column":6},"end":{"line":29,"column":19}},"9":{"start":{"line":32,"column":6},"end":{"line":35,"column":19}}},"fnMap":{"0":{"name":"(anonymous_0)","decl":{"start":{"line":3,"column":17},"end":{"line":3,"column":18}},"loc":{"start":{"line":3,"column":32},"end":{"line":38,"column":1}},"line":3},"1":{"name":"(anonymous_1)","decl":{"start":{"line":6,"column":4},"end":{"line":6,"column":5}},"loc":{"start":{"line":6,"column":31},"end":{"line":10,"column":5}},"line":6},"2":{"name":"(anonymous_2)","decl":{"start":{"line":11,"column":4},"end":{"line":11,"column":5}},"loc":{"start":{"line":11,"column":31},"end":{"line":25,"column":5}},"line":11},"3":{"name":"(anonymous_3)","decl":{"start":{"line":26,"column":4},"end":{"line":26,"column":5}},"loc":{"start":{"line":26,"column":32},"end":{"line":30,"column":5}},"line":26},"4":{"name":"(anonymous_4)","decl":{"start":{"line":31,"column":4},"end":{"line":31,"column":5}},"loc":{"start":{"line":31,"column":40},"end":{"line":36,"column":5}},"line":31}},"branchMap":{"0":{"loc":{"start":{"line":11,"column":8},"end":{"line":11,"column":19}},"type":"default-arg","locations":[{"start":{"line":11,"column":17},"end":{"line":11,"column":19}}],"line":11},"1":{"loc":{"start":{"line":16,"column":14},"end":{"line":16,"column":33}},"type":"binary-expr","locations":[{"start":{"line":16,"column":14},"end":{"line":16,"column":27}},{"start":{"line":16,"column":31},"end":{"line":16,"column":33}}],"line":16},"2":{"loc":{"start":{"line":17,"column":13},"end":{"line":17,"column":30}},"type":"binary-expr","locations":[{"start":{"line":17,"column":13},"end":{"line":17,"column":25}},{"start":{"line":17,"column":29},"end":{"line":17,"column":30}}],"line":17}},"s":{"0":1,"1":3,"2":3,"3":1,"4":1,"5":1,"6":1,"7":1,"8":1,"9":1},"f":{"0":3,"1":1,"2":1,"3":1,"4":1},"b":{"0":[0],"1":[1,0],"2":[1,1]},"_coverageSchema":"1a1c01bbd47fc00a2c39e90264f33305004495a9","hash":"8534104d507a2c634050d15be00229a7f8271616","contentHash":"43093cba224e23278ecea9d2d04c5cf34f1451e52e5c6e574dd03c1957c4195b"},"/Users/vaibhav.chopra/code/test_node_sdk/dist/utils/predefined-tests.js":{"path":"/Users/vaibhav.chopra/code/test_node_sdk/dist/utils/predefined-tests.js","statementMap":{"0":{"start":{"line":3,"column":15},"end":{"line":3,"column":43}},"1":{"start":{"line":4,"column":10},"end":{"line":4,"column":31}},"2":{"start":{"line":5,"column":9},"end":{"line":5,"column":24}},"3":{"start":{"line":8,"column":6},"end":{"line":8,"column":10}},"4":{"start":{"line":12,"column":6},"end":{"line":12,"column":48}},"5":{"start":{"line":13,"column":29},"end":{"line":41,"column":1}},"6":{"start":{"line":19,"column":6},"end":{"line":19,"column":12}},"7":{"start":{"line":20,"column":2},"end":{"line":25,"column":5}},"8":{"start":{"line":21,"column":4},"end":{"line":21,"column":30}},"9":{"start":{"line":22,"column":4},"end":{"line":24,"column":7}},"10":{"start":{"line":23,"column":6},"end":{"line":23,"column":13}},"11":{"start":{"line":26,"column":2},"end":{"line":35,"column":5}},"12":{"start":{"line":27,"column":4},"end":{"line":30,"column":7}},"13":{"start":{"line":31,"column":4},"end":{"line":34,"column":7}},"14":{"start":{"line":32,"column":6},"end":{"line":32,"column":59}},"15":{"start":{"line":33,"column":6},"end":{"line":33,"column":13}},"16":{"start":{"line":36,"column":2},"end":{"line":40,"column":5}},"17":{"start":{"line":37,"column":4},"end":{"line":37,"column":30}},"18":{"start":{"line":38,"column":19},"end":{"line":38,"column":52}},"19":{"start":{"line":39,"column":4},"end":{"line":39,"column":129}},"20":{"start":{"line":42,"column":24},"end":{"line":62,"column":1}},"21":{"start":{"line":49,"column":6},"end":{"line":49,"column":12}},"22":{"start":{"line":50,"column":2},"end":{"line":61,"column":5}},"23":{"start":{"line":51,"column":4},"end":{"line":51,"column":30}},"24":{"start":{"line":52,"column":4},"end":{"line":60,"column":7}},"25":{"start":{"line":53,"column":23},"end":{"line":53,"column":46}},"26":{"start":{"line":54,"column":6},"end":{"line":59,"column":7}},"27":{"start":{"line":55,"column":8},"end":{"line":55,"column":39}},"28":{"start":{"line":56,"column":8},"end":{"line":56,"column":15}},"29":{"start":{"line":58,"column":8},"end":{"line":58,"column":70}},"30":{"start":{"line":63,"column":27},"end":{"line":89,"column":1}},"31":{"start":{"line":71,"column":6},"end":{"line":71,"column":12}},"32":{"start":{"line":72,"column":2},"end":{"line":72,"column":54}},"33":{"start":{"line":73,"column":2},"end":{"line":88,"column":5}},"34":{"start":{"line":74,"column":4},"end":{"line":74,"column":30}},"35":{"start":{"line":75,"column":4},"end":{"line":87,"column":7}},"36":{"start":{"line":76,"column":23},"end":{"line":76,"column":46}},"37":{"start":{"line":77,"column":21},"end":{"line":77,"column":95}},"38":{"start":{"line":78,"column":6},"end":{"line":82,"column":7}},"39":{"start":{"line":79,"column":8},"end":{"line":79,"column":42}},"40":{"start":{"line":81,"column":8},"end":{"line":81,"column":75}},"41":{"start":{"line":84,"column":6},"end":{"line":84,"column":38}},"42":{"start":{"line":86,"column":6},"end":{"line":86,"column":16}},"43":{"start":{"line":90,"column":23},"end":{"line":110,"column":1}},"44":{"start":{"line":98,"column":6},"end":{"line":98,"column":12}},"45":{"start":{"line":99,"column":2},"end":{"line":101,"column":5}},"46":{"start":{"line":102,"column":2},"end":{"line":106,"column":3}},"47":{"start":{"line":103,"column":4},"end":{"line":105,"column":7}},"48":{"start":{"line":107,"column":2},"end":{"line":109,"column":5}},"49":{"start":{"line":111,"column":0},"end":{"line":116,"column":2}}},"fnMap":{"0":{"name":"(anonymous_0)","decl":{"start":{"line":13,"column":29},"end":{"line":13,"column":30}},"loc":{"start":{"line":13,"column":39},"end":{"line":41,"column":1}},"line":13},"1":{"name":"(anonymous_1)","decl":{"start":{"line":20,"column":54},"end":{"line":20,"column":55}},"loc":{"start":{"line":20,"column":62},"end":{"line":25,"column":3}},"line":20},"2":{"name":"(anonymous_2)","decl":{"start":{"line":22,"column":38},"end":{"line":22,"column":39}},"loc":{"start":{"line":22,"column":45},"end":{"line":24,"column":5}},"line":22},"3":{"name":"(anonymous_3)","decl":{"start":{"line":26,"column":30},"end":{"line":26,"column":31}},"loc":{"start":{"line":26,"column":38},"end":{"line":35,"column":3}},"line":26},"4":{"name":"(anonymous_4)","decl":{"start":{"line":31,"column":38},"end":{"line":31,"column":39}},"loc":{"start":{"line":31,"column":45},"end":{"line":34,"column":5}},"line":31},"5":{"name":"(anonymous_5)","decl":{"start":{"line":36,"column":49},"end":{"line":36,"column":50}},"loc":{"start":{"line":36,"column":57},"end":{"line":40,"column":3}},"line":36},"6":{"name":"(anonymous_6)","decl":{"start":{"line":42,"column":24},"end":{"line":42,"column":25}},"loc":{"start":{"line":42,"column":34},"end":{"line":62,"column":1}},"line":42},"7":{"name":"(anonymous_7)","decl":{"start":{"line":50,"column":46},"end":{"line":50,"column":47}},"loc":{"start":{"line":50,"column":54},"end":{"line":61,"column":3}},"line":50},"8":{"name":"(anonymous_8)","decl":{"start":{"line":52,"column":38},"end":{"line":52,"column":39}},"loc":{"start":{"line":52,"column":53},"end":{"line":60,"column":5}},"line":52},"9":{"name":"(anonymous_9)","decl":{"start":{"line":63,"column":27},"end":{"line":63,"column":28}},"loc":{"start":{"line":63,"column":37},"end":{"line":89,"column":1}},"line":63},"10":{"name":"(anonymous_10)","decl":{"start":{"line":73,"column":16},"end":{"line":73,"column":17}},"loc":{"start":{"line":73,"column":24},"end":{"line":88,"column":3}},"line":73},"11":{"name":"(anonymous_11)","decl":{"start":{"line":75,"column":43},"end":{"line":75,"column":44}},"loc":{"start":{"line":75,"column":51},"end":{"line":83,"column":5}},"line":75},"12":{"name":"(anonymous_12)","decl":{"start":{"line":83,"column":7},"end":{"line":83,"column":8}},"loc":{"start":{"line":83,"column":14},"end":{"line":85,"column":5}},"line":83},"13":{"name":"(anonymous_13)","decl":{"start":{"line":85,"column":12},"end":{"line":85,"column":13}},"loc":{"start":{"line":85,"column":19},"end":{"line":87,"column":5}},"line":85},"14":{"name":"(anonymous_14)","decl":{"start":{"line":90,"column":23},"end":{"line":90,"column":24}},"loc":{"start":{"line":90,"column":33},"end":{"line":110,"column":1}},"line":90}},"branchMap":{"0":{"loc":{"start":{"line":39,"column":4},"end":{"line":39,"column":128}},"type":"cond-expr","locations":[{"start":{"line":39,"column":50},"end":{"line":39,"column":56}},{"start":{"line":39,"column":59},"end":{"line":39,"column":128}}],"line":39},"1":{"loc":{"start":{"line":39,"column":4},"end":{"line":39,"column":47}},"type":"binary-expr","locations":[{"start":{"line":39,"column":4},"end":{"line":39,"column":10}},{"start":{"line":39,"column":14},"end":{"line":39,"column":47}}],"line":39},"2":{"loc":{"start":{"line":54,"column":6},"end":{"line":59,"column":7}},"type":"if","locations":[{"start":{"line":54,"column":6},"end":{"line":59,"column":7}},{"start":{"line":57,"column":13},"end":{"line":59,"column":7}}],"line":54},"3":{"loc":{"start":{"line":72,"column":14},"end":{"line":72,"column":53}},"type":"binary-expr","locations":[{"start":{"line":72,"column":14},"end":{"line":72,"column":23}},{"start":{"line":72,"column":27},"end":{"line":72,"column":53}}],"line":72},"4":{"loc":{"start":{"line":77,"column":30},"end":{"line":77,"column":94}},"type":"cond-expr","locations":[{"start":{"line":77,"column":58},"end":{"line":77,"column":78}},{"start":{"line":77,"column":81},"end":{"line":77,"column":94}}],"line":77},"5":{"loc":{"start":{"line":78,"column":6},"end":{"line":82,"column":7}},"type":"if","locations":[{"start":{"line":78,"column":6},"end":{"line":82,"column":7}},{"start":{"line":80,"column":13},"end":{"line":82,"column":7}}],"line":78},"6":{"loc":{"start":{"line":102,"column":2},"end":{"line":106,"column":3}},"type":"if","locations":[{"start":{"line":102,"column":2},"end":{"line":106,"column":3}},{"start":{},"end":{}}],"line":102}},"s":{"0":1,"1":1,"2":1,"3":1,"4":1,"5":1,"6":53,"7":53,"8":53,"9":53,"10":53,"11":53,"12":53,"13":53,"14":53,"15":53,"16":53,"17":53,"18":53,"19":53,"20":1,"21":34,"22":34,"23":34,"24":34,"25":34,"26":34,"27":34,"28":34,"29":0,"30":1,"31":41,"32":41,"33":41,"34":41,"35":41,"36":41,"37":41,"38":41,"39":41,"40":0,"41":0,"42":41,"43":1,"44":33,"45":33,"46":33,"47":5,"48":33,"49":1},"f":{"0":53,"1":53,"2":53,"3":53,"4":53,"5":53,"6":34,"7":34,"8":34,"9":41,"10":41,"11":41,"12":0,"13":41,"14":33},"b":{"0":[53,0],"1":[53,53],"2":[34,0],"3":[41,5],"4":[29,12],"5":[41,0],"6":[5,28]},"_coverageSchema":"1a1c01bbd47fc00a2c39e90264f33305004495a9","hash":"9f74298f0424686864ef29b39bb3828dbb7c9aed","contentHash":"ea29b5c209b9d699e2eca445bc269d9cdc9e9351110ce0aaf23224804242bd7e"}}